#
# A fatal error has been detected by the Java Runtime Environment:
#
#  SIGSEGV (0xb) at pc=0x00007f2a388c935e, pid=15290, tid=15292
#
# JRE version: OpenJDK Runtime Environment (11.0.6+10) (build 11.0.6+10-post-Ubuntu-1ubuntu119.10.1)
# Java VM: OpenJDK 64-Bit Server VM (11.0.6+10-post-Ubuntu-1ubuntu119.10.1, mixed mode, sharing, tiered, compressed oops, g1 gc, linux-amd64)
# Problematic frame:
# V  [libjvm.so+0xa1735e]
#
# Core dump will be written. Default location: Core dumps may be processed with "/usr/share/apport/apport %p %s %c %d %P" (or dumping to /home/andrey/Git/android-jni/core.15290)
#
# If you would like to submit a bug report, please visit:
#   https://bugs.launchpad.net/ubuntu/+source/openjdk-lts
#

---------------  S U M M A R Y ------------

Command Line: -agentlib:jdwp=transport=dt_socket,address=127.0.0.1:58723,suspend=y,server=n -Djava.library.path=/usr/java/packages/lib -Dfile.encoding=UTF-8 Bootstrap

Host: Intel(R) Core(TM) i7-7500U CPU @ 2.70GHz, 4 cores, 23G, Ubuntu 19.10
Time: Wed Feb  5 11:55:17 2020 EET elapsed time: 6 seconds (0d 0h 0m 6s)

---------------  T H R E A D  ---------------

Current thread (0x00007f2a30015000):  JavaThread "main" [_thread_in_vm, id=15292, stack(0x00007f2a37a5a000,0x00007f2a37b5b000)]

Stack: [0x00007f2a37a5a000,0x00007f2a37b5b000],  sp=0x00007f2a37b59728,  free space=1021k
Native frames: (J=compiled Java code, A=aot compiled Java code, j=interpreted, Vv=VM code, C=native code)
V  [libjvm.so+0xa1735e]
C  [libSampleCLib.so+0x1348]  Java_com_saorsa_android_jni_java_JniSamples_concatenate+0x1ac
j  com.saorsa.android.jni.java.JniSamples.concatenate(Ljava/lang/String;Ljava/lang/String;)Ljava/lang/String;+0
j  com.saorsa.android.jni.java.JniSamples.Go()V+9
j  Bootstrap.main([Ljava/lang/String;)V+7
v  ~StubRoutines::call_stub
V  [libjvm.so+0x8218b9]
V  [libjvm.so+0x89e7de]
V  [libjvm.so+0x8a1190]
C  [libjli.so+0x5a0e]
C  [libjli.so+0x9c41]

Java frames: (J=compiled Java code, j=interpreted, Vv=VM code)
j  com.saorsa.android.jni.java.JniSamples.concatenate(Ljava/lang/String;Ljava/lang/String;)Ljava/lang/String;+0
j  com.saorsa.android.jni.java.JniSamples.Go()V+9
j  Bootstrap.main([Ljava/lang/String;)V+7
v  ~StubRoutines::call_stub

siginfo: si_signo: 11 (SIGSEGV), si_code: 1 (SEGV_MAPERR), si_addr: 0x0000000000000000

Register to memory mapping:

RAX=0xfffffffffffffff8 is an unknown value
RBX=0x0000000000000002 is an unknown value
RCX=0x00000006a15513b0 points into unknown readable memory: 5c 6e 07 00 02 00 00 00
RDX=0x0 is NULL
RSP=0x00007f2a37b59728 is pointing into the stack for thread: 0x00007f2a30015000
RBP=0x00007f2a37b59790 is pointing into the stack for thread: 0x00007f2a30015000
RSI=0x00000006a15513b8 points into unknown readable memory: 00 00 00 00 00 00 00 00
RDI=0x0 is NULL
R8 =0x0000000000000002 is an unknown value
R9 =0x00007f2a30015000 is a thread
R10=0x0 is NULL
R11=0x00000000000003d8 is an unknown value
R12=0x00007f2a30015000 is a thread
R13=0x00000006a15513b8 points into unknown readable memory: 00 00 00 00 00 00 00 00
R14=0x0 is NULL
R15=0x0 is NULL


Registers:
RAX=0xfffffffffffffff8, RBX=0x0000000000000002, RCX=0x00000006a15513b0, RDX=0x0000000000000000
RSP=0x00007f2a37b59728, RBP=0x00007f2a37b59790, RSI=0x00000006a15513b8, RDI=0x0000000000000000
R8 =0x0000000000000002, R9 =0x00007f2a30015000, R10=0x0000000000000000, R11=0x00000000000003d8
R12=0x00007f2a30015000, R13=0x00000006a15513b8, R14=0x0000000000000000, R15=0x0000000000000000
RIP=0x00007f2a388c935e, EFLAGS=0x0000000000010202, CSGSFS=0x002b000000000033, ERR=0x0000000000000004
  TRAPNO=0x000000000000000e

Top of Stack: (sp=0x00007f2a37b59728)
0x00007f2a37b59728:   00007f2a3875c47e 00007f2a37b59790
0x00007f2a37b59738:   00007f2a30015000 00007f2a30015000
0x00007f2a37b59748:   0000000000000000 00007f2a30015000
0x00007f2a37b59758:   0000000000000000 00007f2a37b59670 

Instructions: (pc=0x00007f2a388c935e)
0x00007f2a388c925e:   48 8b 34 d0 48 89 34 d1 48 83 c2 04 7e d4 48 83
0x00007f2a388c926e:   ea 04 0f 8c 7a ff ff ff eb 88 49 f7 c0 01 00 00
0x00007f2a388c927e:   00 74 0e 42 8a 4c 07 ff 42 88 4c 06 ff 49 83 e8
0x00007f2a388c928e:   01 49 f7 c0 02 00 00 00 74 0c 66 42 8b 4c 07 fe
0x00007f2a388c929e:   66 42 89 4c 06 fe 49 f7 c0 04 00 00 00 74 59 8b
0x00007f2a388c92ae:   0c d7 89 0c d6 eb 51 66 66 2e 0f 1f 84 00 00 00
0x00007f2a388c92be:   00 00 48 8b 4c d7 f8 48 89 4c d6 f8 48 83 ea 01
0x00007f2a388c92ce:   75 f0 c3 66 66 2e 0f 1f 84 00 00 00 00 00 0f 1f
0x00007f2a388c92de:   40 00 48 8b 4c d7 18 48 89 4c d6 18 48 8b 4c d7
0x00007f2a388c92ee:   10 48 89 4c d6 10 48 8b 4c d7 08 48 89 4c d6 08
0x00007f2a388c92fe:   48 8b 0c d7 48 89 0c d6 48 83 ea 04 7d d4 48 83
0x00007f2a388c930e:   c2 04 7f ae c3 66 66 2e 0f 1f 84 00 00 00 00 00
0x00007f2a388c931e:   66 90 49 89 d0 48 c1 ea 02 48 39 fe 4a 8d 44 47
0x00007f2a388c932e:   fe 76 05 48 39 c6 76 7e 48 8d 44 d7 f8 48 8d 4c
0x00007f2a388c933e:   d6 f8 48 f7 da eb 61 48 8b 74 d0 08 48 89 74 d1
0x00007f2a388c934e:   08 48 83 c2 01 75 f0 49 f7 c0 02 00 00 00 74 0a
0x00007f2a388c935e:   8b 70 08 89 71 08 48 83 c1 04 49 f7 c0 01 00 00
0x00007f2a388c936e:   00 74 0a 66 42 8b 74 47 fe 66 89 71 08 c3 0f 1f
0x00007f2a388c937e:   40 00 48 8b 74 d0 e8 48 89 74 d1 e8 48 8b 74 d0
0x00007f2a388c938e:   f0 48 89 74 d1 f0 48 8b 74 d0 f8 48 89 74 d1 f8
0x00007f2a388c939e:   48 8b 34 d0 48 89 34 d1 48 83 c2 04 7e d4 48 83
0x00007f2a388c93ae:   ea 04 7c 93 eb a1 49 f7 c0 01 00 00 00 74 0c 66
0x00007f2a388c93be:   42 8b 4c 47 fe 66 42 89 4c 46 fe 49 f7 c0 02 00
0x00007f2a388c93ce:   00 00 74 44 8b 0c d7 89 0c d6 eb 3c 48 8b 4c d7
0x00007f2a388c93de:   f8 48 89 4c d6 f8 48 83 ea 01 75 f0 c3 0f 1f 44
0x00007f2a388c93ee:   00 00 48 8b 4c d7 18 48 89 4c d6 18 48 8b 4c d7
0x00007f2a388c93fe:   10 48 89 4c d6 10 48 8b 4c d7 08 48 89 4c d6 08
0x00007f2a388c940e:   48 8b 0c d7 48 89 0c d6 48 83 ea 04 7d d4 48 83
0x00007f2a388c941e:   c2 04 7f b8 c3 66 66 2e 0f 1f 84 00 00 00 00 00
0x00007f2a388c942e:   66 90 49 89 d0 48 d1 ea 48 39 fe 4a 8d 44 87 fc
0x00007f2a388c943e:   76 05 48 39 c6 76 6f 48 8d 44 d7 f8 48 8d 4c d6
0x00007f2a388c944e:   f8 48 f7 da eb 52 66 66 2e 0f 1f 84 00 00 00 00 


Stack slot to memory mapping:
stack at sp + 0 slots: 0x00007f2a3875c47e: <offset 0x00000000008aa47e> in /usr/lib/jvm/java-11-openjdk-amd64/lib/server/libjvm.so at 0x00007f2a37eb2000
stack at sp + 1 slots: 0x00007f2a37b59790 is pointing into the stack for thread: 0x00007f2a30015000
stack at sp + 2 slots: 0x00007f2a30015000 is a thread
stack at sp + 3 slots: 0x00007f2a30015000 is a thread
stack at sp + 4 slots: 0x0 is NULL
stack at sp + 5 slots: 0x00007f2a30015000 is a thread
stack at sp + 6 slots: 0x0 is NULL
stack at sp + 7 slots: 0x00007f2a37b59670 is pointing into the stack for thread: 0x00007f2a30015000


---------------  P R O C E S S  ---------------

Threads class SMR info:
_java_thread_list=0x00007f2a302a9ed0, length=12, elements={
0x00007f2a30015000, 0x00007f2a3024a800, 0x00007f2a30254800, 0x00007f2a3025b000,
0x00007f2a3025d000, 0x00007f2a3025f000, 0x00007f2a30261000, 0x00007f2a3029c000,
0x00007f2a3029f800, 0x00007f29d0001800, 0x00007f2a302a1000, 0x00007f2a302a8800
}

Java Threads: ( => current thread )
=>0x00007f2a30015000 JavaThread "main" [_thread_in_vm, id=15292, stack(0x00007f2a37a5a000,0x00007f2a37b5b000)]
  0x00007f2a3024a800 JavaThread "Reference Handler" daemon [_thread_blocked, id=15305, stack(0x00007f2a3436b000,0x00007f2a3446c000)]
  0x00007f2a30254800 JavaThread "Finalizer" daemon [_thread_blocked, id=15306, stack(0x00007f2a3426a000,0x00007f2a3436b000)]
  0x00007f2a3025b000 JavaThread "Signal Dispatcher" daemon [_thread_blocked, id=15307, stack(0x00007f2a34169000,0x00007f2a3426a000)]
  0x00007f2a3025d000 JavaThread "C2 CompilerThread0" daemon [_thread_blocked, id=15310, stack(0x00007f2a34068000,0x00007f2a34169000)]
  0x00007f2a3025f000 JavaThread "C1 CompilerThread0" daemon [_thread_blocked, id=15313, stack(0x00007f2a1800f000,0x00007f2a18110000)]
  0x00007f2a30261000 JavaThread "Sweeper thread" daemon [_thread_blocked, id=15332, stack(0x00007f2a083ef000,0x00007f2a084f0000)]
  0x00007f2a3029c000 JavaThread "JDWP Transport Listener: dt_socket" daemon [_thread_blocked, id=15335, stack(0x00007f2a082ee000,0x00007f2a083ef000)]
  0x00007f2a3029f800 JavaThread "JDWP Event Helper Thread" daemon [_thread_blocked, id=15340, stack(0x00007f2a081ed000,0x00007f2a082ee000)]
  0x00007f29d0001800 JavaThread "JDWP Command Reader" daemon [_thread_in_native, id=15341, stack(0x00007f2a080ec000,0x00007f2a081ed000)]
  0x00007f2a302a1000 JavaThread "Service Thread" daemon [_thread_blocked, id=15342, stack(0x00007f2a016c9000,0x00007f2a017ca000)]
  0x00007f2a302a8800 JavaThread "Common-Cleaner" daemon [_thread_blocked, id=15344, stack(0x00007f2a014c6000,0x00007f2a015c7000)]

Other Threads:
  0x00007f2a30247800 VMThread "VM Thread" [stack: 0x00007f2a3446e000,0x00007f2a3456e000] [id=15304]
  0x00007f2a302a3800 WatcherThread [stack: 0x00007f2a015c9000,0x00007f2a016c9000] [id=15343]
  0x00007f2a3002d800 GCTaskThread "GC Thread#0" [stack: 0x00007f2a376cf000,0x00007f2a377cf000] [id=15295]
  0x00007f2a30089000 ConcurrentGCThread "G1 Main Marker" [stack: 0x00007f2a34dc0000,0x00007f2a34ec0000] [id=15297]
  0x00007f2a3008a800 ConcurrentGCThread "G1 Conc#0" [stack: 0x00007f2a34cbe000,0x00007f2a34dbe000] [id=15298]
  0x00007f2a30200800 ConcurrentGCThread "G1 Refine#0" [stack: 0x00007f2a347b8000,0x00007f2a348b8000] [id=15300]
  0x00007f2a30202800 ConcurrentGCThread "G1 Young RemSet Sampling" [stack: 0x00007f2a346b6000,0x00007f2a347b6000] [id=15301]

Threads with active compile tasks:

VM state:not at safepoint (normal execution)

VM Mutex/Monitor currently owned by a thread: None

Heap address: 0x0000000689e00000, size: 5986 MB, Compressed Oops mode: Zero based, Oop shift amount: 3
Narrow klass base: 0x0000000800000000, Narrow klass shift: 3
Compressed class space size: 1073741824 Address: 0x0000000840000000

Heap:
 garbage-first heap   total 387072K, used 1732K [0x0000000689e00000, 0x0000000800000000)
  region size 1024K, 2 young (2048K), 0 survivors (0K)
 Metaspace       used 163K, capacity 4486K, committed 4864K, reserved 1056768K
  class space    used 6K, capacity 386K, committed 512K, reserved 1048576K
Heap Regions: E=young(eden), S=young(survivor), O=old, HS=humongous(starts), HC=humongous(continues), CS=collection set, F=free, A=archive, TAMS=top-at-mark-start (previous, next)
|   0|0x0000000689e00000, 0x0000000689e00000, 0x0000000689f00000|  0%| F|  |TAMS 0x0000000689e00000, 0x0000000689e00000| Untracked 
|   1|0x0000000689f00000, 0x0000000689f00000, 0x000000068a000000|  0%| F|  |TAMS 0x0000000689f00000, 0x0000000689f00000| Untracked 
|   2|0x000000068a000000, 0x000000068a000000, 0x000000068a100000|  0%| F|  |TAMS 0x000000068a000000, 0x000000068a000000| Untracked 
|   3|0x000000068a100000, 0x000000068a100000, 0x000000068a200000|  0%| F|  |TAMS 0x000000068a100000, 0x000000068a100000| Untracked 
|   4|0x000000068a200000, 0x000000068a200000, 0x000000068a300000|  0%| F|  |TAMS 0x000000068a200000, 0x000000068a200000| Untracked 
|   5|0x000000068a300000, 0x000000068a300000, 0x000000068a400000|  0%| F|  |TAMS 0x000000068a300000, 0x000000068a300000| Untracked 
|   6|0x000000068a400000, 0x000000068a400000, 0x000000068a500000|  0%| F|  |TAMS 0x000000068a400000, 0x000000068a400000| Untracked 
|   7|0x000000068a500000, 0x000000068a500000, 0x000000068a600000|  0%| F|  |TAMS 0x000000068a500000, 0x000000068a500000| Untracked 
|   8|0x000000068a600000, 0x000000068a600000, 0x000000068a700000|  0%| F|  |TAMS 0x000000068a600000, 0x000000068a600000| Untracked 
|   9|0x000000068a700000, 0x000000068a700000, 0x000000068a800000|  0%| F|  |TAMS 0x000000068a700000, 0x000000068a700000| Untracked 
|  10|0x000000068a800000, 0x000000068a800000, 0x000000068a900000|  0%| F|  |TAMS 0x000000068a800000, 0x000000068a800000| Untracked 
|  11|0x000000068a900000, 0x000000068a900000, 0x000000068aa00000|  0%| F|  |TAMS 0x000000068a900000, 0x000000068a900000| Untracked 
|  12|0x000000068aa00000, 0x000000068aa00000, 0x000000068ab00000|  0%| F|  |TAMS 0x000000068aa00000, 0x000000068aa00000| Untracked 
|  13|0x000000068ab00000, 0x000000068ab00000, 0x000000068ac00000|  0%| F|  |TAMS 0x000000068ab00000, 0x000000068ab00000| Untracked 
|  14|0x000000068ac00000, 0x000000068ac00000, 0x000000068ad00000|  0%| F|  |TAMS 0x000000068ac00000, 0x000000068ac00000| Untracked 
|  15|0x000000068ad00000, 0x000000068ad00000, 0x000000068ae00000|  0%| F|  |TAMS 0x000000068ad00000, 0x000000068ad00000| Untracked 
|  16|0x000000068ae00000, 0x000000068ae00000, 0x000000068af00000|  0%| F|  |TAMS 0x000000068ae00000, 0x000000068ae00000| Untracked 
|  17|0x000000068af00000, 0x000000068af00000, 0x000000068b000000|  0%| F|  |TAMS 0x000000068af00000, 0x000000068af00000| Untracked 
|  18|0x000000068b000000, 0x000000068b000000, 0x000000068b100000|  0%| F|  |TAMS 0x000000068b000000, 0x000000068b000000| Untracked 
|  19|0x000000068b100000, 0x000000068b100000, 0x000000068b200000|  0%| F|  |TAMS 0x000000068b100000, 0x000000068b100000| Untracked 
|  20|0x000000068b200000, 0x000000068b200000, 0x000000068b300000|  0%| F|  |TAMS 0x000000068b200000, 0x000000068b200000| Untracked 
|  21|0x000000068b300000, 0x000000068b300000, 0x000000068b400000|  0%| F|  |TAMS 0x000000068b300000, 0x000000068b300000| Untracked 
|  22|0x000000068b400000, 0x000000068b400000, 0x000000068b500000|  0%| F|  |TAMS 0x000000068b400000, 0x000000068b400000| Untracked 
|  23|0x000000068b500000, 0x000000068b500000, 0x000000068b600000|  0%| F|  |TAMS 0x000000068b500000, 0x000000068b500000| Untracked 
|  24|0x000000068b600000, 0x000000068b600000, 0x000000068b700000|  0%| F|  |TAMS 0x000000068b600000, 0x000000068b600000| Untracked 
|  25|0x000000068b700000, 0x000000068b700000, 0x000000068b800000|  0%| F|  |TAMS 0x000000068b700000, 0x000000068b700000| Untracked 
|  26|0x000000068b800000, 0x000000068b800000, 0x000000068b900000|  0%| F|  |TAMS 0x000000068b800000, 0x000000068b800000| Untracked 
|  27|0x000000068b900000, 0x000000068b900000, 0x000000068ba00000|  0%| F|  |TAMS 0x000000068b900000, 0x000000068b900000| Untracked 
|  28|0x000000068ba00000, 0x000000068ba00000, 0x000000068bb00000|  0%| F|  |TAMS 0x000000068ba00000, 0x000000068ba00000| Untracked 
|  29|0x000000068bb00000, 0x000000068bb00000, 0x000000068bc00000|  0%| F|  |TAMS 0x000000068bb00000, 0x000000068bb00000| Untracked 
|  30|0x000000068bc00000, 0x000000068bc00000, 0x000000068bd00000|  0%| F|  |TAMS 0x000000068bc00000, 0x000000068bc00000| Untracked 
|  31|0x000000068bd00000, 0x000000068bd00000, 0x000000068be00000|  0%| F|  |TAMS 0x000000068bd00000, 0x000000068bd00000| Untracked 
|  32|0x000000068be00000, 0x000000068be00000, 0x000000068bf00000|  0%| F|  |TAMS 0x000000068be00000, 0x000000068be00000| Untracked 
|  33|0x000000068bf00000, 0x000000068bf00000, 0x000000068c000000|  0%| F|  |TAMS 0x000000068bf00000, 0x000000068bf00000| Untracked 
|  34|0x000000068c000000, 0x000000068c000000, 0x000000068c100000|  0%| F|  |TAMS 0x000000068c000000, 0x000000068c000000| Untracked 
|  35|0x000000068c100000, 0x000000068c100000, 0x000000068c200000|  0%| F|  |TAMS 0x000000068c100000, 0x000000068c100000| Untracked 
|  36|0x000000068c200000, 0x000000068c200000, 0x000000068c300000|  0%| F|  |TAMS 0x000000068c200000, 0x000000068c200000| Untracked 
|  37|0x000000068c300000, 0x000000068c300000, 0x000000068c400000|  0%| F|  |TAMS 0x000000068c300000, 0x000000068c300000| Untracked 
|  38|0x000000068c400000, 0x000000068c400000, 0x000000068c500000|  0%| F|  |TAMS 0x000000068c400000, 0x000000068c400000| Untracked 
|  39|0x000000068c500000, 0x000000068c500000, 0x000000068c600000|  0%| F|  |TAMS 0x000000068c500000, 0x000000068c500000| Untracked 
|  40|0x000000068c600000, 0x000000068c600000, 0x000000068c700000|  0%| F|  |TAMS 0x000000068c600000, 0x000000068c600000| Untracked 
|  41|0x000000068c700000, 0x000000068c700000, 0x000000068c800000|  0%| F|  |TAMS 0x000000068c700000, 0x000000068c700000| Untracked 
|  42|0x000000068c800000, 0x000000068c800000, 0x000000068c900000|  0%| F|  |TAMS 0x000000068c800000, 0x000000068c800000| Untracked 
|  43|0x000000068c900000, 0x000000068c900000, 0x000000068ca00000|  0%| F|  |TAMS 0x000000068c900000, 0x000000068c900000| Untracked 
|  44|0x000000068ca00000, 0x000000068ca00000, 0x000000068cb00000|  0%| F|  |TAMS 0x000000068ca00000, 0x000000068ca00000| Untracked 
|  45|0x000000068cb00000, 0x000000068cb00000, 0x000000068cc00000|  0%| F|  |TAMS 0x000000068cb00000, 0x000000068cb00000| Untracked 
|  46|0x000000068cc00000, 0x000000068cc00000, 0x000000068cd00000|  0%| F|  |TAMS 0x000000068cc00000, 0x000000068cc00000| Untracked 
|  47|0x000000068cd00000, 0x000000068cd00000, 0x000000068ce00000|  0%| F|  |TAMS 0x000000068cd00000, 0x000000068cd00000| Untracked 
|  48|0x000000068ce00000, 0x000000068ce00000, 0x000000068cf00000|  0%| F|  |TAMS 0x000000068ce00000, 0x000000068ce00000| Untracked 
|  49|0x000000068cf00000, 0x000000068cf00000, 0x000000068d000000|  0%| F|  |TAMS 0x000000068cf00000, 0x000000068cf00000| Untracked 
|  50|0x000000068d000000, 0x000000068d000000, 0x000000068d100000|  0%| F|  |TAMS 0x000000068d000000, 0x000000068d000000| Untracked 
|  51|0x000000068d100000, 0x000000068d100000, 0x000000068d200000|  0%| F|  |TAMS 0x000000068d100000, 0x000000068d100000| Untracked 
|  52|0x000000068d200000, 0x000000068d200000, 0x000000068d300000|  0%| F|  |TAMS 0x000000068d200000, 0x000000068d200000| Untracked 
|  53|0x000000068d300000, 0x000000068d300000, 0x000000068d400000|  0%| F|  |TAMS 0x000000068d300000, 0x000000068d300000| Untracked 
|  54|0x000000068d400000, 0x000000068d400000, 0x000000068d500000|  0%| F|  |TAMS 0x000000068d400000, 0x000000068d400000| Untracked 
|  55|0x000000068d500000, 0x000000068d500000, 0x000000068d600000|  0%| F|  |TAMS 0x000000068d500000, 0x000000068d500000| Untracked 
|  56|0x000000068d600000, 0x000000068d600000, 0x000000068d700000|  0%| F|  |TAMS 0x000000068d600000, 0x000000068d600000| Untracked 
|  57|0x000000068d700000, 0x000000068d700000, 0x000000068d800000|  0%| F|  |TAMS 0x000000068d700000, 0x000000068d700000| Untracked 
|  58|0x000000068d800000, 0x000000068d800000, 0x000000068d900000|  0%| F|  |TAMS 0x000000068d800000, 0x000000068d800000| Untracked 
|  59|0x000000068d900000, 0x000000068d900000, 0x000000068da00000|  0%| F|  |TAMS 0x000000068d900000, 0x000000068d900000| Untracked 
|  60|0x000000068da00000, 0x000000068da00000, 0x000000068db00000|  0%| F|  |TAMS 0x000000068da00000, 0x000000068da00000| Untracked 
|  61|0x000000068db00000, 0x000000068db00000, 0x000000068dc00000|  0%| F|  |TAMS 0x000000068db00000, 0x000000068db00000| Untracked 
|  62|0x000000068dc00000, 0x000000068dc00000, 0x000000068dd00000|  0%| F|  |TAMS 0x000000068dc00000, 0x000000068dc00000| Untracked 
|  63|0x000000068dd00000, 0x000000068dd00000, 0x000000068de00000|  0%| F|  |TAMS 0x000000068dd00000, 0x000000068dd00000| Untracked 
|  64|0x000000068de00000, 0x000000068de00000, 0x000000068df00000|  0%| F|  |TAMS 0x000000068de00000, 0x000000068de00000| Untracked 
|  65|0x000000068df00000, 0x000000068df00000, 0x000000068e000000|  0%| F|  |TAMS 0x000000068df00000, 0x000000068df00000| Untracked 
|  66|0x000000068e000000, 0x000000068e000000, 0x000000068e100000|  0%| F|  |TAMS 0x000000068e000000, 0x000000068e000000| Untracked 
|  67|0x000000068e100000, 0x000000068e100000, 0x000000068e200000|  0%| F|  |TAMS 0x000000068e100000, 0x000000068e100000| Untracked 
|  68|0x000000068e200000, 0x000000068e200000, 0x000000068e300000|  0%| F|  |TAMS 0x000000068e200000, 0x000000068e200000| Untracked 
|  69|0x000000068e300000, 0x000000068e300000, 0x000000068e400000|  0%| F|  |TAMS 0x000000068e300000, 0x000000068e300000| Untracked 
|  70|0x000000068e400000, 0x000000068e400000, 0x000000068e500000|  0%| F|  |TAMS 0x000000068e400000, 0x000000068e400000| Untracked 
|  71|0x000000068e500000, 0x000000068e500000, 0x000000068e600000|  0%| F|  |TAMS 0x000000068e500000, 0x000000068e500000| Untracked 
|  72|0x000000068e600000, 0x000000068e600000, 0x000000068e700000|  0%| F|  |TAMS 0x000000068e600000, 0x000000068e600000| Untracked 
|  73|0x000000068e700000, 0x000000068e700000, 0x000000068e800000|  0%| F|  |TAMS 0x000000068e700000, 0x000000068e700000| Untracked 
|  74|0x000000068e800000, 0x000000068e800000, 0x000000068e900000|  0%| F|  |TAMS 0x000000068e800000, 0x000000068e800000| Untracked 
|  75|0x000000068e900000, 0x000000068e900000, 0x000000068ea00000|  0%| F|  |TAMS 0x000000068e900000, 0x000000068e900000| Untracked 
|  76|0x000000068ea00000, 0x000000068ea00000, 0x000000068eb00000|  0%| F|  |TAMS 0x000000068ea00000, 0x000000068ea00000| Untracked 
|  77|0x000000068eb00000, 0x000000068eb00000, 0x000000068ec00000|  0%| F|  |TAMS 0x000000068eb00000, 0x000000068eb00000| Untracked 
|  78|0x000000068ec00000, 0x000000068ec00000, 0x000000068ed00000|  0%| F|  |TAMS 0x000000068ec00000, 0x000000068ec00000| Untracked 
|  79|0x000000068ed00000, 0x000000068ed00000, 0x000000068ee00000|  0%| F|  |TAMS 0x000000068ed00000, 0x000000068ed00000| Untracked 
|  80|0x000000068ee00000, 0x000000068ee00000, 0x000000068ef00000|  0%| F|  |TAMS 0x000000068ee00000, 0x000000068ee00000| Untracked 
|  81|0x000000068ef00000, 0x000000068ef00000, 0x000000068f000000|  0%| F|  |TAMS 0x000000068ef00000, 0x000000068ef00000| Untracked 
|  82|0x000000068f000000, 0x000000068f000000, 0x000000068f100000|  0%| F|  |TAMS 0x000000068f000000, 0x000000068f000000| Untracked 
|  83|0x000000068f100000, 0x000000068f100000, 0x000000068f200000|  0%| F|  |TAMS 0x000000068f100000, 0x000000068f100000| Untracked 
|  84|0x000000068f200000, 0x000000068f200000, 0x000000068f300000|  0%| F|  |TAMS 0x000000068f200000, 0x000000068f200000| Untracked 
|  85|0x000000068f300000, 0x000000068f300000, 0x000000068f400000|  0%| F|  |TAMS 0x000000068f300000, 0x000000068f300000| Untracked 
|  86|0x000000068f400000, 0x000000068f400000, 0x000000068f500000|  0%| F|  |TAMS 0x000000068f400000, 0x000000068f400000| Untracked 
|  87|0x000000068f500000, 0x000000068f500000, 0x000000068f600000|  0%| F|  |TAMS 0x000000068f500000, 0x000000068f500000| Untracked 
|  88|0x000000068f600000, 0x000000068f600000, 0x000000068f700000|  0%| F|  |TAMS 0x000000068f600000, 0x000000068f600000| Untracked 
|  89|0x000000068f700000, 0x000000068f700000, 0x000000068f800000|  0%| F|  |TAMS 0x000000068f700000, 0x000000068f700000| Untracked 
|  90|0x000000068f800000, 0x000000068f800000, 0x000000068f900000|  0%| F|  |TAMS 0x000000068f800000, 0x000000068f800000| Untracked 
|  91|0x000000068f900000, 0x000000068f900000, 0x000000068fa00000|  0%| F|  |TAMS 0x000000068f900000, 0x000000068f900000| Untracked 
|  92|0x000000068fa00000, 0x000000068fa00000, 0x000000068fb00000|  0%| F|  |TAMS 0x000000068fa00000, 0x000000068fa00000| Untracked 
|  93|0x000000068fb00000, 0x000000068fb00000, 0x000000068fc00000|  0%| F|  |TAMS 0x000000068fb00000, 0x000000068fb00000| Untracked 
|  94|0x000000068fc00000, 0x000000068fc00000, 0x000000068fd00000|  0%| F|  |TAMS 0x000000068fc00000, 0x000000068fc00000| Untracked 
|  95|0x000000068fd00000, 0x000000068fd00000, 0x000000068fe00000|  0%| F|  |TAMS 0x000000068fd00000, 0x000000068fd00000| Untracked 
|  96|0x000000068fe00000, 0x000000068fe00000, 0x000000068ff00000|  0%| F|  |TAMS 0x000000068fe00000, 0x000000068fe00000| Untracked 
|  97|0x000000068ff00000, 0x000000068ff00000, 0x0000000690000000|  0%| F|  |TAMS 0x000000068ff00000, 0x000000068ff00000| Untracked 
|  98|0x0000000690000000, 0x0000000690000000, 0x0000000690100000|  0%| F|  |TAMS 0x0000000690000000, 0x0000000690000000| Untracked 
|  99|0x0000000690100000, 0x0000000690100000, 0x0000000690200000|  0%| F|  |TAMS 0x0000000690100000, 0x0000000690100000| Untracked 
| 100|0x0000000690200000, 0x0000000690200000, 0x0000000690300000|  0%| F|  |TAMS 0x0000000690200000, 0x0000000690200000| Untracked 
| 101|0x0000000690300000, 0x0000000690300000, 0x0000000690400000|  0%| F|  |TAMS 0x0000000690300000, 0x0000000690300000| Untracked 
| 102|0x0000000690400000, 0x0000000690400000, 0x0000000690500000|  0%| F|  |TAMS 0x0000000690400000, 0x0000000690400000| Untracked 
| 103|0x0000000690500000, 0x0000000690500000, 0x0000000690600000|  0%| F|  |TAMS 0x0000000690500000, 0x0000000690500000| Untracked 
| 104|0x0000000690600000, 0x0000000690600000, 0x0000000690700000|  0%| F|  |TAMS 0x0000000690600000, 0x0000000690600000| Untracked 
| 105|0x0000000690700000, 0x0000000690700000, 0x0000000690800000|  0%| F|  |TAMS 0x0000000690700000, 0x0000000690700000| Untracked 
| 106|0x0000000690800000, 0x0000000690800000, 0x0000000690900000|  0%| F|  |TAMS 0x0000000690800000, 0x0000000690800000| Untracked 
| 107|0x0000000690900000, 0x0000000690900000, 0x0000000690a00000|  0%| F|  |TAMS 0x0000000690900000, 0x0000000690900000| Untracked 
| 108|0x0000000690a00000, 0x0000000690a00000, 0x0000000690b00000|  0%| F|  |TAMS 0x0000000690a00000, 0x0000000690a00000| Untracked 
| 109|0x0000000690b00000, 0x0000000690b00000, 0x0000000690c00000|  0%| F|  |TAMS 0x0000000690b00000, 0x0000000690b00000| Untracked 
| 110|0x0000000690c00000, 0x0000000690c00000, 0x0000000690d00000|  0%| F|  |TAMS 0x0000000690c00000, 0x0000000690c00000| Untracked 
| 111|0x0000000690d00000, 0x0000000690d00000, 0x0000000690e00000|  0%| F|  |TAMS 0x0000000690d00000, 0x0000000690d00000| Untracked 
| 112|0x0000000690e00000, 0x0000000690e00000, 0x0000000690f00000|  0%| F|  |TAMS 0x0000000690e00000, 0x0000000690e00000| Untracked 
| 113|0x0000000690f00000, 0x0000000690f00000, 0x0000000691000000|  0%| F|  |TAMS 0x0000000690f00000, 0x0000000690f00000| Untracked 
| 114|0x0000000691000000, 0x0000000691000000, 0x0000000691100000|  0%| F|  |TAMS 0x0000000691000000, 0x0000000691000000| Untracked 
| 115|0x0000000691100000, 0x0000000691100000, 0x0000000691200000|  0%| F|  |TAMS 0x0000000691100000, 0x0000000691100000| Untracked 
| 116|0x0000000691200000, 0x0000000691200000, 0x0000000691300000|  0%| F|  |TAMS 0x0000000691200000, 0x0000000691200000| Untracked 
| 117|0x0000000691300000, 0x0000000691300000, 0x0000000691400000|  0%| F|  |TAMS 0x0000000691300000, 0x0000000691300000| Untracked 
| 118|0x0000000691400000, 0x0000000691400000, 0x0000000691500000|  0%| F|  |TAMS 0x0000000691400000, 0x0000000691400000| Untracked 
| 119|0x0000000691500000, 0x0000000691500000, 0x0000000691600000|  0%| F|  |TAMS 0x0000000691500000, 0x0000000691500000| Untracked 
| 120|0x0000000691600000, 0x0000000691600000, 0x0000000691700000|  0%| F|  |TAMS 0x0000000691600000, 0x0000000691600000| Untracked 
| 121|0x0000000691700000, 0x0000000691700000, 0x0000000691800000|  0%| F|  |TAMS 0x0000000691700000, 0x0000000691700000| Untracked 
| 122|0x0000000691800000, 0x0000000691800000, 0x0000000691900000|  0%| F|  |TAMS 0x0000000691800000, 0x0000000691800000| Untracked 
| 123|0x0000000691900000, 0x0000000691900000, 0x0000000691a00000|  0%| F|  |TAMS 0x0000000691900000, 0x0000000691900000| Untracked 
| 124|0x0000000691a00000, 0x0000000691a00000, 0x0000000691b00000|  0%| F|  |TAMS 0x0000000691a00000, 0x0000000691a00000| Untracked 
| 125|0x0000000691b00000, 0x0000000691b00000, 0x0000000691c00000|  0%| F|  |TAMS 0x0000000691b00000, 0x0000000691b00000| Untracked 
| 126|0x0000000691c00000, 0x0000000691c00000, 0x0000000691d00000|  0%| F|  |TAMS 0x0000000691c00000, 0x0000000691c00000| Untracked 
| 127|0x0000000691d00000, 0x0000000691d00000, 0x0000000691e00000|  0%| F|  |TAMS 0x0000000691d00000, 0x0000000691d00000| Untracked 
| 128|0x0000000691e00000, 0x0000000691e00000, 0x0000000691f00000|  0%| F|  |TAMS 0x0000000691e00000, 0x0000000691e00000| Untracked 
| 129|0x0000000691f00000, 0x0000000691f00000, 0x0000000692000000|  0%| F|  |TAMS 0x0000000691f00000, 0x0000000691f00000| Untracked 
| 130|0x0000000692000000, 0x0000000692000000, 0x0000000692100000|  0%| F|  |TAMS 0x0000000692000000, 0x0000000692000000| Untracked 
| 131|0x0000000692100000, 0x0000000692100000, 0x0000000692200000|  0%| F|  |TAMS 0x0000000692100000, 0x0000000692100000| Untracked 
| 132|0x0000000692200000, 0x0000000692200000, 0x0000000692300000|  0%| F|  |TAMS 0x0000000692200000, 0x0000000692200000| Untracked 
| 133|0x0000000692300000, 0x0000000692300000, 0x0000000692400000|  0%| F|  |TAMS 0x0000000692300000, 0x0000000692300000| Untracked 
| 134|0x0000000692400000, 0x0000000692400000, 0x0000000692500000|  0%| F|  |TAMS 0x0000000692400000, 0x0000000692400000| Untracked 
| 135|0x0000000692500000, 0x0000000692500000, 0x0000000692600000|  0%| F|  |TAMS 0x0000000692500000, 0x0000000692500000| Untracked 
| 136|0x0000000692600000, 0x0000000692600000, 0x0000000692700000|  0%| F|  |TAMS 0x0000000692600000, 0x0000000692600000| Untracked 
| 137|0x0000000692700000, 0x0000000692700000, 0x0000000692800000|  0%| F|  |TAMS 0x0000000692700000, 0x0000000692700000| Untracked 
| 138|0x0000000692800000, 0x0000000692800000, 0x0000000692900000|  0%| F|  |TAMS 0x0000000692800000, 0x0000000692800000| Untracked 
| 139|0x0000000692900000, 0x0000000692900000, 0x0000000692a00000|  0%| F|  |TAMS 0x0000000692900000, 0x0000000692900000| Untracked 
| 140|0x0000000692a00000, 0x0000000692a00000, 0x0000000692b00000|  0%| F|  |TAMS 0x0000000692a00000, 0x0000000692a00000| Untracked 
| 141|0x0000000692b00000, 0x0000000692b00000, 0x0000000692c00000|  0%| F|  |TAMS 0x0000000692b00000, 0x0000000692b00000| Untracked 
| 142|0x0000000692c00000, 0x0000000692c00000, 0x0000000692d00000|  0%| F|  |TAMS 0x0000000692c00000, 0x0000000692c00000| Untracked 
| 143|0x0000000692d00000, 0x0000000692d00000, 0x0000000692e00000|  0%| F|  |TAMS 0x0000000692d00000, 0x0000000692d00000| Untracked 
| 144|0x0000000692e00000, 0x0000000692e00000, 0x0000000692f00000|  0%| F|  |TAMS 0x0000000692e00000, 0x0000000692e00000| Untracked 
| 145|0x0000000692f00000, 0x0000000692f00000, 0x0000000693000000|  0%| F|  |TAMS 0x0000000692f00000, 0x0000000692f00000| Untracked 
| 146|0x0000000693000000, 0x0000000693000000, 0x0000000693100000|  0%| F|  |TAMS 0x0000000693000000, 0x0000000693000000| Untracked 
| 147|0x0000000693100000, 0x0000000693100000, 0x0000000693200000|  0%| F|  |TAMS 0x0000000693100000, 0x0000000693100000| Untracked 
| 148|0x0000000693200000, 0x0000000693200000, 0x0000000693300000|  0%| F|  |TAMS 0x0000000693200000, 0x0000000693200000| Untracked 
| 149|0x0000000693300000, 0x0000000693300000, 0x0000000693400000|  0%| F|  |TAMS 0x0000000693300000, 0x0000000693300000| Untracked 
| 150|0x0000000693400000, 0x0000000693400000, 0x0000000693500000|  0%| F|  |TAMS 0x0000000693400000, 0x0000000693400000| Untracked 
| 151|0x0000000693500000, 0x0000000693500000, 0x0000000693600000|  0%| F|  |TAMS 0x0000000693500000, 0x0000000693500000| Untracked 
| 152|0x0000000693600000, 0x0000000693600000, 0x0000000693700000|  0%| F|  |TAMS 0x0000000693600000, 0x0000000693600000| Untracked 
| 153|0x0000000693700000, 0x0000000693700000, 0x0000000693800000|  0%| F|  |TAMS 0x0000000693700000, 0x0000000693700000| Untracked 
| 154|0x0000000693800000, 0x0000000693800000, 0x0000000693900000|  0%| F|  |TAMS 0x0000000693800000, 0x0000000693800000| Untracked 
| 155|0x0000000693900000, 0x0000000693900000, 0x0000000693a00000|  0%| F|  |TAMS 0x0000000693900000, 0x0000000693900000| Untracked 
| 156|0x0000000693a00000, 0x0000000693a00000, 0x0000000693b00000|  0%| F|  |TAMS 0x0000000693a00000, 0x0000000693a00000| Untracked 
| 157|0x0000000693b00000, 0x0000000693b00000, 0x0000000693c00000|  0%| F|  |TAMS 0x0000000693b00000, 0x0000000693b00000| Untracked 
| 158|0x0000000693c00000, 0x0000000693c00000, 0x0000000693d00000|  0%| F|  |TAMS 0x0000000693c00000, 0x0000000693c00000| Untracked 
| 159|0x0000000693d00000, 0x0000000693d00000, 0x0000000693e00000|  0%| F|  |TAMS 0x0000000693d00000, 0x0000000693d00000| Untracked 
| 160|0x0000000693e00000, 0x0000000693e00000, 0x0000000693f00000|  0%| F|  |TAMS 0x0000000693e00000, 0x0000000693e00000| Untracked 
| 161|0x0000000693f00000, 0x0000000693f00000, 0x0000000694000000|  0%| F|  |TAMS 0x0000000693f00000, 0x0000000693f00000| Untracked 
| 162|0x0000000694000000, 0x0000000694000000, 0x0000000694100000|  0%| F|  |TAMS 0x0000000694000000, 0x0000000694000000| Untracked 
| 163|0x0000000694100000, 0x0000000694100000, 0x0000000694200000|  0%| F|  |TAMS 0x0000000694100000, 0x0000000694100000| Untracked 
| 164|0x0000000694200000, 0x0000000694200000, 0x0000000694300000|  0%| F|  |TAMS 0x0000000694200000, 0x0000000694200000| Untracked 
| 165|0x0000000694300000, 0x0000000694300000, 0x0000000694400000|  0%| F|  |TAMS 0x0000000694300000, 0x0000000694300000| Untracked 
| 166|0x0000000694400000, 0x0000000694400000, 0x0000000694500000|  0%| F|  |TAMS 0x0000000694400000, 0x0000000694400000| Untracked 
| 167|0x0000000694500000, 0x0000000694500000, 0x0000000694600000|  0%| F|  |TAMS 0x0000000694500000, 0x0000000694500000| Untracked 
| 168|0x0000000694600000, 0x0000000694600000, 0x0000000694700000|  0%| F|  |TAMS 0x0000000694600000, 0x0000000694600000| Untracked 
| 169|0x0000000694700000, 0x0000000694700000, 0x0000000694800000|  0%| F|  |TAMS 0x0000000694700000, 0x0000000694700000| Untracked 
| 170|0x0000000694800000, 0x0000000694800000, 0x0000000694900000|  0%| F|  |TAMS 0x0000000694800000, 0x0000000694800000| Untracked 
| 171|0x0000000694900000, 0x0000000694900000, 0x0000000694a00000|  0%| F|  |TAMS 0x0000000694900000, 0x0000000694900000| Untracked 
| 172|0x0000000694a00000, 0x0000000694a00000, 0x0000000694b00000|  0%| F|  |TAMS 0x0000000694a00000, 0x0000000694a00000| Untracked 
| 173|0x0000000694b00000, 0x0000000694b00000, 0x0000000694c00000|  0%| F|  |TAMS 0x0000000694b00000, 0x0000000694b00000| Untracked 
| 174|0x0000000694c00000, 0x0000000694c00000, 0x0000000694d00000|  0%| F|  |TAMS 0x0000000694c00000, 0x0000000694c00000| Untracked 
| 175|0x0000000694d00000, 0x0000000694d00000, 0x0000000694e00000|  0%| F|  |TAMS 0x0000000694d00000, 0x0000000694d00000| Untracked 
| 176|0x0000000694e00000, 0x0000000694e00000, 0x0000000694f00000|  0%| F|  |TAMS 0x0000000694e00000, 0x0000000694e00000| Untracked 
| 177|0x0000000694f00000, 0x0000000694f00000, 0x0000000695000000|  0%| F|  |TAMS 0x0000000694f00000, 0x0000000694f00000| Untracked 
| 178|0x0000000695000000, 0x0000000695000000, 0x0000000695100000|  0%| F|  |TAMS 0x0000000695000000, 0x0000000695000000| Untracked 
| 179|0x0000000695100000, 0x0000000695100000, 0x0000000695200000|  0%| F|  |TAMS 0x0000000695100000, 0x0000000695100000| Untracked 
| 180|0x0000000695200000, 0x0000000695200000, 0x0000000695300000|  0%| F|  |TAMS 0x0000000695200000, 0x0000000695200000| Untracked 
| 181|0x0000000695300000, 0x0000000695300000, 0x0000000695400000|  0%| F|  |TAMS 0x0000000695300000, 0x0000000695300000| Untracked 
| 182|0x0000000695400000, 0x0000000695400000, 0x0000000695500000|  0%| F|  |TAMS 0x0000000695400000, 0x0000000695400000| Untracked 
| 183|0x0000000695500000, 0x0000000695500000, 0x0000000695600000|  0%| F|  |TAMS 0x0000000695500000, 0x0000000695500000| Untracked 
| 184|0x0000000695600000, 0x0000000695600000, 0x0000000695700000|  0%| F|  |TAMS 0x0000000695600000, 0x0000000695600000| Untracked 
| 185|0x0000000695700000, 0x0000000695700000, 0x0000000695800000|  0%| F|  |TAMS 0x0000000695700000, 0x0000000695700000| Untracked 
| 186|0x0000000695800000, 0x0000000695800000, 0x0000000695900000|  0%| F|  |TAMS 0x0000000695800000, 0x0000000695800000| Untracked 
| 187|0x0000000695900000, 0x0000000695900000, 0x0000000695a00000|  0%| F|  |TAMS 0x0000000695900000, 0x0000000695900000| Untracked 
| 188|0x0000000695a00000, 0x0000000695a00000, 0x0000000695b00000|  0%| F|  |TAMS 0x0000000695a00000, 0x0000000695a00000| Untracked 
| 189|0x0000000695b00000, 0x0000000695b00000, 0x0000000695c00000|  0%| F|  |TAMS 0x0000000695b00000, 0x0000000695b00000| Untracked 
| 190|0x0000000695c00000, 0x0000000695c00000, 0x0000000695d00000|  0%| F|  |TAMS 0x0000000695c00000, 0x0000000695c00000| Untracked 
| 191|0x0000000695d00000, 0x0000000695d00000, 0x0000000695e00000|  0%| F|  |TAMS 0x0000000695d00000, 0x0000000695d00000| Untracked 
| 192|0x0000000695e00000, 0x0000000695e00000, 0x0000000695f00000|  0%| F|  |TAMS 0x0000000695e00000, 0x0000000695e00000| Untracked 
| 193|0x0000000695f00000, 0x0000000695f00000, 0x0000000696000000|  0%| F|  |TAMS 0x0000000695f00000, 0x0000000695f00000| Untracked 
| 194|0x0000000696000000, 0x0000000696000000, 0x0000000696100000|  0%| F|  |TAMS 0x0000000696000000, 0x0000000696000000| Untracked 
| 195|0x0000000696100000, 0x0000000696100000, 0x0000000696200000|  0%| F|  |TAMS 0x0000000696100000, 0x0000000696100000| Untracked 
| 196|0x0000000696200000, 0x0000000696200000, 0x0000000696300000|  0%| F|  |TAMS 0x0000000696200000, 0x0000000696200000| Untracked 
| 197|0x0000000696300000, 0x0000000696300000, 0x0000000696400000|  0%| F|  |TAMS 0x0000000696300000, 0x0000000696300000| Untracked 
| 198|0x0000000696400000, 0x0000000696400000, 0x0000000696500000|  0%| F|  |TAMS 0x0000000696400000, 0x0000000696400000| Untracked 
| 199|0x0000000696500000, 0x0000000696500000, 0x0000000696600000|  0%| F|  |TAMS 0x0000000696500000, 0x0000000696500000| Untracked 
| 200|0x0000000696600000, 0x0000000696600000, 0x0000000696700000|  0%| F|  |TAMS 0x0000000696600000, 0x0000000696600000| Untracked 
| 201|0x0000000696700000, 0x0000000696700000, 0x0000000696800000|  0%| F|  |TAMS 0x0000000696700000, 0x0000000696700000| Untracked 
| 202|0x0000000696800000, 0x0000000696800000, 0x0000000696900000|  0%| F|  |TAMS 0x0000000696800000, 0x0000000696800000| Untracked 
| 203|0x0000000696900000, 0x0000000696900000, 0x0000000696a00000|  0%| F|  |TAMS 0x0000000696900000, 0x0000000696900000| Untracked 
| 204|0x0000000696a00000, 0x0000000696a00000, 0x0000000696b00000|  0%| F|  |TAMS 0x0000000696a00000, 0x0000000696a00000| Untracked 
| 205|0x0000000696b00000, 0x0000000696b00000, 0x0000000696c00000|  0%| F|  |TAMS 0x0000000696b00000, 0x0000000696b00000| Untracked 
| 206|0x0000000696c00000, 0x0000000696c00000, 0x0000000696d00000|  0%| F|  |TAMS 0x0000000696c00000, 0x0000000696c00000| Untracked 
| 207|0x0000000696d00000, 0x0000000696d00000, 0x0000000696e00000|  0%| F|  |TAMS 0x0000000696d00000, 0x0000000696d00000| Untracked 
| 208|0x0000000696e00000, 0x0000000696e00000, 0x0000000696f00000|  0%| F|  |TAMS 0x0000000696e00000, 0x0000000696e00000| Untracked 
| 209|0x0000000696f00000, 0x0000000696f00000, 0x0000000697000000|  0%| F|  |TAMS 0x0000000696f00000, 0x0000000696f00000| Untracked 
| 210|0x0000000697000000, 0x0000000697000000, 0x0000000697100000|  0%| F|  |TAMS 0x0000000697000000, 0x0000000697000000| Untracked 
| 211|0x0000000697100000, 0x0000000697100000, 0x0000000697200000|  0%| F|  |TAMS 0x0000000697100000, 0x0000000697100000| Untracked 
| 212|0x0000000697200000, 0x0000000697200000, 0x0000000697300000|  0%| F|  |TAMS 0x0000000697200000, 0x0000000697200000| Untracked 
| 213|0x0000000697300000, 0x0000000697300000, 0x0000000697400000|  0%| F|  |TAMS 0x0000000697300000, 0x0000000697300000| Untracked 
| 214|0x0000000697400000, 0x0000000697400000, 0x0000000697500000|  0%| F|  |TAMS 0x0000000697400000, 0x0000000697400000| Untracked 
| 215|0x0000000697500000, 0x0000000697500000, 0x0000000697600000|  0%| F|  |TAMS 0x0000000697500000, 0x0000000697500000| Untracked 
| 216|0x0000000697600000, 0x0000000697600000, 0x0000000697700000|  0%| F|  |TAMS 0x0000000697600000, 0x0000000697600000| Untracked 
| 217|0x0000000697700000, 0x0000000697700000, 0x0000000697800000|  0%| F|  |TAMS 0x0000000697700000, 0x0000000697700000| Untracked 
| 218|0x0000000697800000, 0x0000000697800000, 0x0000000697900000|  0%| F|  |TAMS 0x0000000697800000, 0x0000000697800000| Untracked 
| 219|0x0000000697900000, 0x0000000697900000, 0x0000000697a00000|  0%| F|  |TAMS 0x0000000697900000, 0x0000000697900000| Untracked 
| 220|0x0000000697a00000, 0x0000000697a00000, 0x0000000697b00000|  0%| F|  |TAMS 0x0000000697a00000, 0x0000000697a00000| Untracked 
| 221|0x0000000697b00000, 0x0000000697b00000, 0x0000000697c00000|  0%| F|  |TAMS 0x0000000697b00000, 0x0000000697b00000| Untracked 
| 222|0x0000000697c00000, 0x0000000697c00000, 0x0000000697d00000|  0%| F|  |TAMS 0x0000000697c00000, 0x0000000697c00000| Untracked 
| 223|0x0000000697d00000, 0x0000000697d00000, 0x0000000697e00000|  0%| F|  |TAMS 0x0000000697d00000, 0x0000000697d00000| Untracked 
| 224|0x0000000697e00000, 0x0000000697e00000, 0x0000000697f00000|  0%| F|  |TAMS 0x0000000697e00000, 0x0000000697e00000| Untracked 
| 225|0x0000000697f00000, 0x0000000697f00000, 0x0000000698000000|  0%| F|  |TAMS 0x0000000697f00000, 0x0000000697f00000| Untracked 
| 226|0x0000000698000000, 0x0000000698000000, 0x0000000698100000|  0%| F|  |TAMS 0x0000000698000000, 0x0000000698000000| Untracked 
| 227|0x0000000698100000, 0x0000000698100000, 0x0000000698200000|  0%| F|  |TAMS 0x0000000698100000, 0x0000000698100000| Untracked 
| 228|0x0000000698200000, 0x0000000698200000, 0x0000000698300000|  0%| F|  |TAMS 0x0000000698200000, 0x0000000698200000| Untracked 
| 229|0x0000000698300000, 0x0000000698300000, 0x0000000698400000|  0%| F|  |TAMS 0x0000000698300000, 0x0000000698300000| Untracked 
| 230|0x0000000698400000, 0x0000000698400000, 0x0000000698500000|  0%| F|  |TAMS 0x0000000698400000, 0x0000000698400000| Untracked 
| 231|0x0000000698500000, 0x0000000698500000, 0x0000000698600000|  0%| F|  |TAMS 0x0000000698500000, 0x0000000698500000| Untracked 
| 232|0x0000000698600000, 0x0000000698600000, 0x0000000698700000|  0%| F|  |TAMS 0x0000000698600000, 0x0000000698600000| Untracked 
| 233|0x0000000698700000, 0x0000000698700000, 0x0000000698800000|  0%| F|  |TAMS 0x0000000698700000, 0x0000000698700000| Untracked 
| 234|0x0000000698800000, 0x0000000698800000, 0x0000000698900000|  0%| F|  |TAMS 0x0000000698800000, 0x0000000698800000| Untracked 
| 235|0x0000000698900000, 0x0000000698900000, 0x0000000698a00000|  0%| F|  |TAMS 0x0000000698900000, 0x0000000698900000| Untracked 
| 236|0x0000000698a00000, 0x0000000698a00000, 0x0000000698b00000|  0%| F|  |TAMS 0x0000000698a00000, 0x0000000698a00000| Untracked 
| 237|0x0000000698b00000, 0x0000000698b00000, 0x0000000698c00000|  0%| F|  |TAMS 0x0000000698b00000, 0x0000000698b00000| Untracked 
| 238|0x0000000698c00000, 0x0000000698c00000, 0x0000000698d00000|  0%| F|  |TAMS 0x0000000698c00000, 0x0000000698c00000| Untracked 
| 239|0x0000000698d00000, 0x0000000698d00000, 0x0000000698e00000|  0%| F|  |TAMS 0x0000000698d00000, 0x0000000698d00000| Untracked 
| 240|0x0000000698e00000, 0x0000000698e00000, 0x0000000698f00000|  0%| F|  |TAMS 0x0000000698e00000, 0x0000000698e00000| Untracked 
| 241|0x0000000698f00000, 0x0000000698f00000, 0x0000000699000000|  0%| F|  |TAMS 0x0000000698f00000, 0x0000000698f00000| Untracked 
| 242|0x0000000699000000, 0x0000000699000000, 0x0000000699100000|  0%| F|  |TAMS 0x0000000699000000, 0x0000000699000000| Untracked 
| 243|0x0000000699100000, 0x0000000699100000, 0x0000000699200000|  0%| F|  |TAMS 0x0000000699100000, 0x0000000699100000| Untracked 
| 244|0x0000000699200000, 0x0000000699200000, 0x0000000699300000|  0%| F|  |TAMS 0x0000000699200000, 0x0000000699200000| Untracked 
| 245|0x0000000699300000, 0x0000000699300000, 0x0000000699400000|  0%| F|  |TAMS 0x0000000699300000, 0x0000000699300000| Untracked 
| 246|0x0000000699400000, 0x0000000699400000, 0x0000000699500000|  0%| F|  |TAMS 0x0000000699400000, 0x0000000699400000| Untracked 
| 247|0x0000000699500000, 0x0000000699500000, 0x0000000699600000|  0%| F|  |TAMS 0x0000000699500000, 0x0000000699500000| Untracked 
| 248|0x0000000699600000, 0x0000000699600000, 0x0000000699700000|  0%| F|  |TAMS 0x0000000699600000, 0x0000000699600000| Untracked 
| 249|0x0000000699700000, 0x0000000699700000, 0x0000000699800000|  0%| F|  |TAMS 0x0000000699700000, 0x0000000699700000| Untracked 
| 250|0x0000000699800000, 0x0000000699800000, 0x0000000699900000|  0%| F|  |TAMS 0x0000000699800000, 0x0000000699800000| Untracked 
| 251|0x0000000699900000, 0x0000000699900000, 0x0000000699a00000|  0%| F|  |TAMS 0x0000000699900000, 0x0000000699900000| Untracked 
| 252|0x0000000699a00000, 0x0000000699a00000, 0x0000000699b00000|  0%| F|  |TAMS 0x0000000699a00000, 0x0000000699a00000| Untracked 
| 253|0x0000000699b00000, 0x0000000699b00000, 0x0000000699c00000|  0%| F|  |TAMS 0x0000000699b00000, 0x0000000699b00000| Untracked 
| 254|0x0000000699c00000, 0x0000000699c00000, 0x0000000699d00000|  0%| F|  |TAMS 0x0000000699c00000, 0x0000000699c00000| Untracked 
| 255|0x0000000699d00000, 0x0000000699d00000, 0x0000000699e00000|  0%| F|  |TAMS 0x0000000699d00000, 0x0000000699d00000| Untracked 
| 256|0x0000000699e00000, 0x0000000699e00000, 0x0000000699f00000|  0%| F|  |TAMS 0x0000000699e00000, 0x0000000699e00000| Untracked 
| 257|0x0000000699f00000, 0x0000000699f00000, 0x000000069a000000|  0%| F|  |TAMS 0x0000000699f00000, 0x0000000699f00000| Untracked 
| 258|0x000000069a000000, 0x000000069a000000, 0x000000069a100000|  0%| F|  |TAMS 0x000000069a000000, 0x000000069a000000| Untracked 
| 259|0x000000069a100000, 0x000000069a100000, 0x000000069a200000|  0%| F|  |TAMS 0x000000069a100000, 0x000000069a100000| Untracked 
| 260|0x000000069a200000, 0x000000069a200000, 0x000000069a300000|  0%| F|  |TAMS 0x000000069a200000, 0x000000069a200000| Untracked 
| 261|0x000000069a300000, 0x000000069a300000, 0x000000069a400000|  0%| F|  |TAMS 0x000000069a300000, 0x000000069a300000| Untracked 
| 262|0x000000069a400000, 0x000000069a400000, 0x000000069a500000|  0%| F|  |TAMS 0x000000069a400000, 0x000000069a400000| Untracked 
| 263|0x000000069a500000, 0x000000069a500000, 0x000000069a600000|  0%| F|  |TAMS 0x000000069a500000, 0x000000069a500000| Untracked 
| 264|0x000000069a600000, 0x000000069a600000, 0x000000069a700000|  0%| F|  |TAMS 0x000000069a600000, 0x000000069a600000| Untracked 
| 265|0x000000069a700000, 0x000000069a700000, 0x000000069a800000|  0%| F|  |TAMS 0x000000069a700000, 0x000000069a700000| Untracked 
| 266|0x000000069a800000, 0x000000069a800000, 0x000000069a900000|  0%| F|  |TAMS 0x000000069a800000, 0x000000069a800000| Untracked 
| 267|0x000000069a900000, 0x000000069a900000, 0x000000069aa00000|  0%| F|  |TAMS 0x000000069a900000, 0x000000069a900000| Untracked 
| 268|0x000000069aa00000, 0x000000069aa00000, 0x000000069ab00000|  0%| F|  |TAMS 0x000000069aa00000, 0x000000069aa00000| Untracked 
| 269|0x000000069ab00000, 0x000000069ab00000, 0x000000069ac00000|  0%| F|  |TAMS 0x000000069ab00000, 0x000000069ab00000| Untracked 
| 270|0x000000069ac00000, 0x000000069ac00000, 0x000000069ad00000|  0%| F|  |TAMS 0x000000069ac00000, 0x000000069ac00000| Untracked 
| 271|0x000000069ad00000, 0x000000069ad00000, 0x000000069ae00000|  0%| F|  |TAMS 0x000000069ad00000, 0x000000069ad00000| Untracked 
| 272|0x000000069ae00000, 0x000000069ae00000, 0x000000069af00000|  0%| F|  |TAMS 0x000000069ae00000, 0x000000069ae00000| Untracked 
| 273|0x000000069af00000, 0x000000069af00000, 0x000000069b000000|  0%| F|  |TAMS 0x000000069af00000, 0x000000069af00000| Untracked 
| 274|0x000000069b000000, 0x000000069b000000, 0x000000069b100000|  0%| F|  |TAMS 0x000000069b000000, 0x000000069b000000| Untracked 
| 275|0x000000069b100000, 0x000000069b100000, 0x000000069b200000|  0%| F|  |TAMS 0x000000069b100000, 0x000000069b100000| Untracked 
| 276|0x000000069b200000, 0x000000069b200000, 0x000000069b300000|  0%| F|  |TAMS 0x000000069b200000, 0x000000069b200000| Untracked 
| 277|0x000000069b300000, 0x000000069b300000, 0x000000069b400000|  0%| F|  |TAMS 0x000000069b300000, 0x000000069b300000| Untracked 
| 278|0x000000069b400000, 0x000000069b400000, 0x000000069b500000|  0%| F|  |TAMS 0x000000069b400000, 0x000000069b400000| Untracked 
| 279|0x000000069b500000, 0x000000069b500000, 0x000000069b600000|  0%| F|  |TAMS 0x000000069b500000, 0x000000069b500000| Untracked 
| 280|0x000000069b600000, 0x000000069b600000, 0x000000069b700000|  0%| F|  |TAMS 0x000000069b600000, 0x000000069b600000| Untracked 
| 281|0x000000069b700000, 0x000000069b700000, 0x000000069b800000|  0%| F|  |TAMS 0x000000069b700000, 0x000000069b700000| Untracked 
| 282|0x000000069b800000, 0x000000069b800000, 0x000000069b900000|  0%| F|  |TAMS 0x000000069b800000, 0x000000069b800000| Untracked 
| 283|0x000000069b900000, 0x000000069b900000, 0x000000069ba00000|  0%| F|  |TAMS 0x000000069b900000, 0x000000069b900000| Untracked 
| 284|0x000000069ba00000, 0x000000069ba00000, 0x000000069bb00000|  0%| F|  |TAMS 0x000000069ba00000, 0x000000069ba00000| Untracked 
| 285|0x000000069bb00000, 0x000000069bb00000, 0x000000069bc00000|  0%| F|  |TAMS 0x000000069bb00000, 0x000000069bb00000| Untracked 
| 286|0x000000069bc00000, 0x000000069bc00000, 0x000000069bd00000|  0%| F|  |TAMS 0x000000069bc00000, 0x000000069bc00000| Untracked 
| 287|0x000000069bd00000, 0x000000069bd00000, 0x000000069be00000|  0%| F|  |TAMS 0x000000069bd00000, 0x000000069bd00000| Untracked 
| 288|0x000000069be00000, 0x000000069be00000, 0x000000069bf00000|  0%| F|  |TAMS 0x000000069be00000, 0x000000069be00000| Untracked 
| 289|0x000000069bf00000, 0x000000069bf00000, 0x000000069c000000|  0%| F|  |TAMS 0x000000069bf00000, 0x000000069bf00000| Untracked 
| 290|0x000000069c000000, 0x000000069c000000, 0x000000069c100000|  0%| F|  |TAMS 0x000000069c000000, 0x000000069c000000| Untracked 
| 291|0x000000069c100000, 0x000000069c100000, 0x000000069c200000|  0%| F|  |TAMS 0x000000069c100000, 0x000000069c100000| Untracked 
| 292|0x000000069c200000, 0x000000069c200000, 0x000000069c300000|  0%| F|  |TAMS 0x000000069c200000, 0x000000069c200000| Untracked 
| 293|0x000000069c300000, 0x000000069c300000, 0x000000069c400000|  0%| F|  |TAMS 0x000000069c300000, 0x000000069c300000| Untracked 
| 294|0x000000069c400000, 0x000000069c400000, 0x000000069c500000|  0%| F|  |TAMS 0x000000069c400000, 0x000000069c400000| Untracked 
| 295|0x000000069c500000, 0x000000069c500000, 0x000000069c600000|  0%| F|  |TAMS 0x000000069c500000, 0x000000069c500000| Untracked 
| 296|0x000000069c600000, 0x000000069c600000, 0x000000069c700000|  0%| F|  |TAMS 0x000000069c600000, 0x000000069c600000| Untracked 
| 297|0x000000069c700000, 0x000000069c700000, 0x000000069c800000|  0%| F|  |TAMS 0x000000069c700000, 0x000000069c700000| Untracked 
| 298|0x000000069c800000, 0x000000069c800000, 0x000000069c900000|  0%| F|  |TAMS 0x000000069c800000, 0x000000069c800000| Untracked 
| 299|0x000000069c900000, 0x000000069c900000, 0x000000069ca00000|  0%| F|  |TAMS 0x000000069c900000, 0x000000069c900000| Untracked 
| 300|0x000000069ca00000, 0x000000069ca00000, 0x000000069cb00000|  0%| F|  |TAMS 0x000000069ca00000, 0x000000069ca00000| Untracked 
| 301|0x000000069cb00000, 0x000000069cb00000, 0x000000069cc00000|  0%| F|  |TAMS 0x000000069cb00000, 0x000000069cb00000| Untracked 
| 302|0x000000069cc00000, 0x000000069cc00000, 0x000000069cd00000|  0%| F|  |TAMS 0x000000069cc00000, 0x000000069cc00000| Untracked 
| 303|0x000000069cd00000, 0x000000069cd00000, 0x000000069ce00000|  0%| F|  |TAMS 0x000000069cd00000, 0x000000069cd00000| Untracked 
| 304|0x000000069ce00000, 0x000000069ce00000, 0x000000069cf00000|  0%| F|  |TAMS 0x000000069ce00000, 0x000000069ce00000| Untracked 
| 305|0x000000069cf00000, 0x000000069cf00000, 0x000000069d000000|  0%| F|  |TAMS 0x000000069cf00000, 0x000000069cf00000| Untracked 
| 306|0x000000069d000000, 0x000000069d000000, 0x000000069d100000|  0%| F|  |TAMS 0x000000069d000000, 0x000000069d000000| Untracked 
| 307|0x000000069d100000, 0x000000069d100000, 0x000000069d200000|  0%| F|  |TAMS 0x000000069d100000, 0x000000069d100000| Untracked 
| 308|0x000000069d200000, 0x000000069d200000, 0x000000069d300000|  0%| F|  |TAMS 0x000000069d200000, 0x000000069d200000| Untracked 
| 309|0x000000069d300000, 0x000000069d300000, 0x000000069d400000|  0%| F|  |TAMS 0x000000069d300000, 0x000000069d300000| Untracked 
| 310|0x000000069d400000, 0x000000069d400000, 0x000000069d500000|  0%| F|  |TAMS 0x000000069d400000, 0x000000069d400000| Untracked 
| 311|0x000000069d500000, 0x000000069d500000, 0x000000069d600000|  0%| F|  |TAMS 0x000000069d500000, 0x000000069d500000| Untracked 
| 312|0x000000069d600000, 0x000000069d600000, 0x000000069d700000|  0%| F|  |TAMS 0x000000069d600000, 0x000000069d600000| Untracked 
| 313|0x000000069d700000, 0x000000069d700000, 0x000000069d800000|  0%| F|  |TAMS 0x000000069d700000, 0x000000069d700000| Untracked 
| 314|0x000000069d800000, 0x000000069d800000, 0x000000069d900000|  0%| F|  |TAMS 0x000000069d800000, 0x000000069d800000| Untracked 
| 315|0x000000069d900000, 0x000000069d900000, 0x000000069da00000|  0%| F|  |TAMS 0x000000069d900000, 0x000000069d900000| Untracked 
| 316|0x000000069da00000, 0x000000069da00000, 0x000000069db00000|  0%| F|  |TAMS 0x000000069da00000, 0x000000069da00000| Untracked 
| 317|0x000000069db00000, 0x000000069db00000, 0x000000069dc00000|  0%| F|  |TAMS 0x000000069db00000, 0x000000069db00000| Untracked 
| 318|0x000000069dc00000, 0x000000069dc00000, 0x000000069dd00000|  0%| F|  |TAMS 0x000000069dc00000, 0x000000069dc00000| Untracked 
| 319|0x000000069dd00000, 0x000000069dd00000, 0x000000069de00000|  0%| F|  |TAMS 0x000000069dd00000, 0x000000069dd00000| Untracked 
| 320|0x000000069de00000, 0x000000069de00000, 0x000000069df00000|  0%| F|  |TAMS 0x000000069de00000, 0x000000069de00000| Untracked 
| 321|0x000000069df00000, 0x000000069df00000, 0x000000069e000000|  0%| F|  |TAMS 0x000000069df00000, 0x000000069df00000| Untracked 
| 322|0x000000069e000000, 0x000000069e000000, 0x000000069e100000|  0%| F|  |TAMS 0x000000069e000000, 0x000000069e000000| Untracked 
| 323|0x000000069e100000, 0x000000069e100000, 0x000000069e200000|  0%| F|  |TAMS 0x000000069e100000, 0x000000069e100000| Untracked 
| 324|0x000000069e200000, 0x000000069e200000, 0x000000069e300000|  0%| F|  |TAMS 0x000000069e200000, 0x000000069e200000| Untracked 
| 325|0x000000069e300000, 0x000000069e300000, 0x000000069e400000|  0%| F|  |TAMS 0x000000069e300000, 0x000000069e300000| Untracked 
| 326|0x000000069e400000, 0x000000069e400000, 0x000000069e500000|  0%| F|  |TAMS 0x000000069e400000, 0x000000069e400000| Untracked 
| 327|0x000000069e500000, 0x000000069e500000, 0x000000069e600000|  0%| F|  |TAMS 0x000000069e500000, 0x000000069e500000| Untracked 
| 328|0x000000069e600000, 0x000000069e600000, 0x000000069e700000|  0%| F|  |TAMS 0x000000069e600000, 0x000000069e600000| Untracked 
| 329|0x000000069e700000, 0x000000069e700000, 0x000000069e800000|  0%| F|  |TAMS 0x000000069e700000, 0x000000069e700000| Untracked 
| 330|0x000000069e800000, 0x000000069e800000, 0x000000069e900000|  0%| F|  |TAMS 0x000000069e800000, 0x000000069e800000| Untracked 
| 331|0x000000069e900000, 0x000000069e900000, 0x000000069ea00000|  0%| F|  |TAMS 0x000000069e900000, 0x000000069e900000| Untracked 
| 332|0x000000069ea00000, 0x000000069ea00000, 0x000000069eb00000|  0%| F|  |TAMS 0x000000069ea00000, 0x000000069ea00000| Untracked 
| 333|0x000000069eb00000, 0x000000069eb00000, 0x000000069ec00000|  0%| F|  |TAMS 0x000000069eb00000, 0x000000069eb00000| Untracked 
| 334|0x000000069ec00000, 0x000000069ec00000, 0x000000069ed00000|  0%| F|  |TAMS 0x000000069ec00000, 0x000000069ec00000| Untracked 
| 335|0x000000069ed00000, 0x000000069ed00000, 0x000000069ee00000|  0%| F|  |TAMS 0x000000069ed00000, 0x000000069ed00000| Untracked 
| 336|0x000000069ee00000, 0x000000069ee00000, 0x000000069ef00000|  0%| F|  |TAMS 0x000000069ee00000, 0x000000069ee00000| Untracked 
| 337|0x000000069ef00000, 0x000000069ef00000, 0x000000069f000000|  0%| F|  |TAMS 0x000000069ef00000, 0x000000069ef00000| Untracked 
| 338|0x000000069f000000, 0x000000069f000000, 0x000000069f100000|  0%| F|  |TAMS 0x000000069f000000, 0x000000069f000000| Untracked 
| 339|0x000000069f100000, 0x000000069f100000, 0x000000069f200000|  0%| F|  |TAMS 0x000000069f100000, 0x000000069f100000| Untracked 
| 340|0x000000069f200000, 0x000000069f200000, 0x000000069f300000|  0%| F|  |TAMS 0x000000069f200000, 0x000000069f200000| Untracked 
| 341|0x000000069f300000, 0x000000069f300000, 0x000000069f400000|  0%| F|  |TAMS 0x000000069f300000, 0x000000069f300000| Untracked 
| 342|0x000000069f400000, 0x000000069f400000, 0x000000069f500000|  0%| F|  |TAMS 0x000000069f400000, 0x000000069f400000| Untracked 
| 343|0x000000069f500000, 0x000000069f500000, 0x000000069f600000|  0%| F|  |TAMS 0x000000069f500000, 0x000000069f500000| Untracked 
| 344|0x000000069f600000, 0x000000069f600000, 0x000000069f700000|  0%| F|  |TAMS 0x000000069f600000, 0x000000069f600000| Untracked 
| 345|0x000000069f700000, 0x000000069f700000, 0x000000069f800000|  0%| F|  |TAMS 0x000000069f700000, 0x000000069f700000| Untracked 
| 346|0x000000069f800000, 0x000000069f800000, 0x000000069f900000|  0%| F|  |TAMS 0x000000069f800000, 0x000000069f800000| Untracked 
| 347|0x000000069f900000, 0x000000069f900000, 0x000000069fa00000|  0%| F|  |TAMS 0x000000069f900000, 0x000000069f900000| Untracked 
| 348|0x000000069fa00000, 0x000000069fa00000, 0x000000069fb00000|  0%| F|  |TAMS 0x000000069fa00000, 0x000000069fa00000| Untracked 
| 349|0x000000069fb00000, 0x000000069fb00000, 0x000000069fc00000|  0%| F|  |TAMS 0x000000069fb00000, 0x000000069fb00000| Untracked 
| 350|0x000000069fc00000, 0x000000069fc00000, 0x000000069fd00000|  0%| F|  |TAMS 0x000000069fc00000, 0x000000069fc00000| Untracked 
| 351|0x000000069fd00000, 0x000000069fd00000, 0x000000069fe00000|  0%| F|  |TAMS 0x000000069fd00000, 0x000000069fd00000| Untracked 
| 352|0x000000069fe00000, 0x000000069fe00000, 0x000000069ff00000|  0%| F|  |TAMS 0x000000069fe00000, 0x000000069fe00000| Untracked 
| 353|0x000000069ff00000, 0x000000069ff00000, 0x00000006a0000000|  0%| F|  |TAMS 0x000000069ff00000, 0x000000069ff00000| Untracked 
| 354|0x00000006a0000000, 0x00000006a0000000, 0x00000006a0100000|  0%| F|  |TAMS 0x00000006a0000000, 0x00000006a0000000| Untracked 
| 355|0x00000006a0100000, 0x00000006a0100000, 0x00000006a0200000|  0%| F|  |TAMS 0x00000006a0100000, 0x00000006a0100000| Untracked 
| 356|0x00000006a0200000, 0x00000006a0200000, 0x00000006a0300000|  0%| F|  |TAMS 0x00000006a0200000, 0x00000006a0200000| Untracked 
| 357|0x00000006a0300000, 0x00000006a0300000, 0x00000006a0400000|  0%| F|  |TAMS 0x00000006a0300000, 0x00000006a0300000| Untracked 
| 358|0x00000006a0400000, 0x00000006a0400000, 0x00000006a0500000|  0%| F|  |TAMS 0x00000006a0400000, 0x00000006a0400000| Untracked 
| 359|0x00000006a0500000, 0x00000006a0500000, 0x00000006a0600000|  0%| F|  |TAMS 0x00000006a0500000, 0x00000006a0500000| Untracked 
| 360|0x00000006a0600000, 0x00000006a0600000, 0x00000006a0700000|  0%| F|  |TAMS 0x00000006a0600000, 0x00000006a0600000| Untracked 
| 361|0x00000006a0700000, 0x00000006a0700000, 0x00000006a0800000|  0%| F|  |TAMS 0x00000006a0700000, 0x00000006a0700000| Untracked 
| 362|0x00000006a0800000, 0x00000006a0800000, 0x00000006a0900000|  0%| F|  |TAMS 0x00000006a0800000, 0x00000006a0800000| Untracked 
| 363|0x00000006a0900000, 0x00000006a0900000, 0x00000006a0a00000|  0%| F|  |TAMS 0x00000006a0900000, 0x00000006a0900000| Untracked 
| 364|0x00000006a0a00000, 0x00000006a0a00000, 0x00000006a0b00000|  0%| F|  |TAMS 0x00000006a0a00000, 0x00000006a0a00000| Untracked 
| 365|0x00000006a0b00000, 0x00000006a0b00000, 0x00000006a0c00000|  0%| F|  |TAMS 0x00000006a0b00000, 0x00000006a0b00000| Untracked 
| 366|0x00000006a0c00000, 0x00000006a0c00000, 0x00000006a0d00000|  0%| F|  |TAMS 0x00000006a0c00000, 0x00000006a0c00000| Untracked 
| 367|0x00000006a0d00000, 0x00000006a0d00000, 0x00000006a0e00000|  0%| F|  |TAMS 0x00000006a0d00000, 0x00000006a0d00000| Untracked 
| 368|0x00000006a0e00000, 0x00000006a0e00000, 0x00000006a0f00000|  0%| F|  |TAMS 0x00000006a0e00000, 0x00000006a0e00000| Untracked 
| 369|0x00000006a0f00000, 0x00000006a0f00000, 0x00000006a1000000|  0%| F|  |TAMS 0x00000006a0f00000, 0x00000006a0f00000| Untracked 
| 370|0x00000006a1000000, 0x00000006a1000000, 0x00000006a1100000|  0%| F|  |TAMS 0x00000006a1000000, 0x00000006a1000000| Untracked 
| 371|0x00000006a1100000, 0x00000006a1100000, 0x00000006a1200000|  0%| F|  |TAMS 0x00000006a1100000, 0x00000006a1100000| Untracked 
| 372|0x00000006a1200000, 0x00000006a1200000, 0x00000006a1300000|  0%| F|  |TAMS 0x00000006a1200000, 0x00000006a1200000| Untracked 
| 373|0x00000006a1300000, 0x00000006a1300000, 0x00000006a1400000|  0%| F|  |TAMS 0x00000006a1300000, 0x00000006a1300000| Untracked 
| 374|0x00000006a1400000, 0x00000006a1400800, 0x00000006a1500000|  0%| E|  |TAMS 0x00000006a1400000, 0x00000006a1400000| Complete 
| 375|0x00000006a1500000, 0x00000006a1600000, 0x00000006a1600000|100%| E|CS|TAMS 0x00000006a1500000, 0x00000006a1500000| Complete 
|4960|0x00000007bfe00000, 0x00000007bfe47000, 0x00000007bff00000| 27%|OA|  |TAMS 0x00000007bfe00000, 0x00000007bfe00000| Untracked 
|4961|0x00000007bff00000, 0x00000007bff6a000, 0x00000007c0000000| 41%|CA|  |TAMS 0x00000007bff00000, 0x00000007bff00000| Untracked 

Card table byte_map: [0x00007f2a35b38000,0x00007f2a366e9000] _byte_map_base: 0x00007f2a326e9000

Marking Bits (Prev, Next): (CMBitMap*) 0x00007f2a30070858, (CMBitMap*) 0x00007f2a30070890
 Prev Bits: [0x00007f2a0e278000, 0x00007f2a14000000)
 Next Bits: [0x00007f2a084f0000, 0x00007f2a0e278000)

Polling page: 0x00007f2a3927c000

Metaspace:

Usage:
  Non-class:      4,00 MB capacity,   156,98 KB (  4%) used,     3,85 MB ( 96%) free+waste,   128 bytes ( <1%) overhead. 
      Class:    386,00 KB capacity,     6,74 KB (  2%) used,   379,13 KB ( 98%) free+waste,   128 bytes ( <1%) overhead. 
       Both:      4,38 MB capacity,   163,72 KB (  4%) used,     4,22 MB ( 96%) free+waste,   256 bytes ( <1%) overhead. 

Virtual space:
  Non-class space:        8,00 MB reserved,       4,25 MB ( 53%) committed 
      Class space:        1,00 GB reserved,     512,00 KB ( <1%) committed 
             Both:        1,01 GB reserved,       4,75 MB ( <1%) committed 

Chunk freelists:
   Non-Class:  0 bytes
       Class:  0 bytes
        Both:  0 bytes

MaxMetaspaceSize: unlimited
CompressedClassSpaceSize: 1,00 GB

CodeHeap 'non-profiled nmethods': size=120032Kb used=14Kb max_used=14Kb free=120017Kb
 bounds [0x00007f2a203d8000, 0x00007f2a20648000, 0x00007f2a27910000]
CodeHeap 'profiled nmethods': size=120032Kb used=70Kb max_used=70Kb free=119961Kb
 bounds [0x00007f2a18ea0000, 0x00007f2a19110000, 0x00007f2a203d8000]
CodeHeap 'non-nmethods': size=5696Kb used=1052Kb max_used=1061Kb free=4643Kb
 bounds [0x00007f2a18910000, 0x00007f2a18b80000, 0x00007f2a18ea0000]
 total_blobs=339 nmethods=52 adapters=155
 compilation: enabled
              stopped_count=0, restarted_count=0
 full_count=0

Compilation events (20 events):
Event: 0,050 Thread 0x00007f2a3025f000 nmethod 33 0x00007f2a203da510 code [0x00007f2a203da6c0, 0x00007f2a203da7f0]
Event: 0,050 Thread 0x00007f2a3025f000   39       1       java.lang.module.ModuleDescriptor::isOpen (5 bytes)
Event: 0,050 Thread 0x00007f2a3025f000 nmethod 39 0x00007f2a203da890 code [0x00007f2a203daa40, 0x00007f2a203dab70]
Event: 0,050 Thread 0x00007f2a3025d000 nmethod 48 0x00007f2a203dac10 code [0x00007f2a203dada0, 0x00007f2a203dae98]
Event: 0,050 Thread 0x00007f2a3025f000   34       1       java.lang.module.ResolvedModule::configuration (5 bytes)
Event: 0,050 Thread 0x00007f2a3025f000 nmethod 34 0x00007f2a203daf90 code [0x00007f2a203db140, 0x00007f2a203db270]
Event: 0,050 Thread 0x00007f2a3025f000   24       3       java.lang.String::length (11 bytes)
Event: 0,051 Thread 0x00007f2a3025f000 nmethod 24 0x00007f2a18eb0010 code [0x00007f2a18eb01c0, 0x00007f2a18eb03d0]
Event: 0,051 Thread 0x00007f2a3025f000   45       1       java.lang.Module::getDescriptor (5 bytes)
Event: 0,051 Thread 0x00007f2a3025f000 nmethod 45 0x00007f2a203db310 code [0x00007f2a203db4c0, 0x00007f2a203db5f0]
Event: 0,051 Thread 0x00007f2a3025f000   49       3       jdk.internal.module.ModuleBootstrap$2::hasNext (30 bytes)
Event: 0,051 Thread 0x00007f2a3025f000 nmethod 49 0x00007f2a18eb0490 code [0x00007f2a18eb0660, 0x00007f2a18eb0a38]
Event: 0,051 Thread 0x00007f2a3025f000   36       1       java.lang.module.ModuleDescriptor$Exports::targets (5 bytes)
Event: 0,051 Thread 0x00007f2a3025f000 nmethod 36 0x00007f2a203db690 code [0x00007f2a203db840, 0x00007f2a203db970]
Event: 0,079 Thread 0x00007f2a3025f000   50       3       java.lang.StringLatin1::canEncode (13 bytes)
Event: 0,079 Thread 0x00007f2a3025f000 nmethod 50 0x00007f2a18eb0b10 code [0x00007f2a18eb0cc0, 0x00007f2a18eb0e50]
Event: 0,094 Thread 0x00007f2a3025f000   51       3       java.lang.CharacterDataLatin1::getProperties (11 bytes)
Event: 0,094 Thread 0x00007f2a3025f000 nmethod 51 0x00007f2a18eb0f10 code [0x00007f2a18eb10c0, 0x00007f2a18eb1270]
Event: 0,132 Thread 0x00007f2a3025f000   52       3       java.lang.StringLatin1::hashCode (42 bytes)
Event: 0,132 Thread 0x00007f2a3025f000 nmethod 52 0x00007f2a18eb1390 code [0x00007f2a18eb1540, 0x00007f2a18eb1750]

GC Heap History (0 events):
No events

Deoptimization events (0 events):
No events

Classes redefined (0 events):
No events

Internal exceptions (0 events):
No events

Events (20 events):
Event: 2,648 Executing VM operation: GetFrameLocation
Event: 2,648 Executing VM operation: GetFrameLocation done
Event: 2,648 Executing VM operation: GetOrSetLocal
Event: 2,648 Executing VM operation: GetOrSetLocal done
Event: 6,357 Executing VM operation: GetFrameCount
Event: 6,357 Executing VM operation: GetFrameCount done
Event: 6,358 Executing VM operation: SetFramePop
Event: 6,358 Executing VM operation: SetFramePop done
Event: 6,358 Executing VM operation: GetFrameLocation
Event: 6,358 Executing VM operation: GetFrameLocation done
Event: 6,358 Executing VM operation: GetCurrentLocation
Event: 6,358 Executing VM operation: GetCurrentLocation done
Event: 6,358 Executing VM operation: ChangeSingleStep
Event: 6,358 Executing VM operation: ChangeSingleStep done
Event: 6,359 Executing VM operation: ChangeSingleStep
Event: 6,359 Executing VM operation: ChangeSingleStep done
Event: 6,359 Executing VM operation: GetCurrentLocation
Event: 6,359 Executing VM operation: GetCurrentLocation done
Event: 6,359 Executing VM operation: ChangeSingleStep
Event: 6,359 Executing VM operation: ChangeSingleStep done


Dynamic libraries:
689e00000-6a1600000 rw-p 00000000 00:00 0 
6a1600000-7bfe00000 ---p 00000000 00:00 0 
7bfe00000-7bfe47000 rw-p 01105000 08:02 22413323                         /usr/lib/jvm/java-11-openjdk-amd64/lib/server/classes.jsa
7bfe47000-7bff00000 rw-p 00000000 00:00 0 
7bff00000-7bff6a000 rw-p 0109b000 08:02 22413323                         /usr/lib/jvm/java-11-openjdk-amd64/lib/server/classes.jsa
7bff6a000-7c0000000 rw-p 00000000 00:00 0 
7c0000000-800000000 ---p 00000000 00:00 0 
800000000-800002000 rwxp 00001000 08:02 22413323                         /usr/lib/jvm/java-11-openjdk-amd64/lib/server/classes.jsa
800002000-80109a000 rw-p 00003000 08:02 22413323                         /usr/lib/jvm/java-11-openjdk-amd64/lib/server/classes.jsa
840000000-840080000 rw-p 00000000 00:00 0 
840080000-880000000 ---p 00000000 00:00 0 
557e8c2fb000-557e8c2fc000 r--p 00000000 08:02 22414056                   /usr/lib/jvm/java-11-openjdk-amd64/bin/java
557e8c2fc000-557e8c2fd000 r-xp 00001000 08:02 22414056                   /usr/lib/jvm/java-11-openjdk-amd64/bin/java
557e8c2fd000-557e8c2fe000 r--p 00002000 08:02 22414056                   /usr/lib/jvm/java-11-openjdk-amd64/bin/java
557e8c2fe000-557e8c2ff000 r--p 00002000 08:02 22414056                   /usr/lib/jvm/java-11-openjdk-amd64/bin/java
557e8c2ff000-557e8c300000 rw-p 00003000 08:02 22414056                   /usr/lib/jvm/java-11-openjdk-amd64/bin/java
557e8d848000-557e8d869000 rw-p 00000000 00:00 0                          [heap]
7f29c0000000-7f29c0021000 rw-p 00000000 00:00 0 
7f29c0021000-7f29c4000000 ---p 00000000 00:00 0 
7f29c4000000-7f29c4021000 rw-p 00000000 00:00 0 
7f29c4021000-7f29c8000000 ---p 00000000 00:00 0 
7f29c8000000-7f29c8021000 rw-p 00000000 00:00 0 
7f29c8021000-7f29cc000000 ---p 00000000 00:00 0 
7f29cc000000-7f29cc021000 rw-p 00000000 00:00 0 
7f29cc021000-7f29d0000000 ---p 00000000 00:00 0 
7f29d0000000-7f29d0021000 rw-p 00000000 00:00 0 
7f29d0021000-7f29d4000000 ---p 00000000 00:00 0 
7f29d4000000-7f29d4021000 rw-p 00000000 00:00 0 
7f29d4021000-7f29d8000000 ---p 00000000 00:00 0 
7f29d8000000-7f29d808e000 rw-p 00000000 00:00 0 
7f29d808e000-7f29dc000000 ---p 00000000 00:00 0 
7f29dc000000-7f29dc021000 rw-p 00000000 00:00 0 
7f29dc021000-7f29e0000000 ---p 00000000 00:00 0 
7f29e0000000-7f29e0021000 rw-p 00000000 00:00 0 
7f29e0021000-7f29e4000000 ---p 00000000 00:00 0 
7f29e4000000-7f29e40a0000 rw-p 00000000 00:00 0 
7f29e40a0000-7f29e8000000 ---p 00000000 00:00 0 
7f29e8000000-7f29e8021000 rw-p 00000000 00:00 0 
7f29e8021000-7f29ec000000 ---p 00000000 00:00 0 
7f29ec000000-7f29ec021000 rw-p 00000000 00:00 0 
7f29ec021000-7f29f0000000 ---p 00000000 00:00 0 
7f29f0000000-7f29f0021000 rw-p 00000000 00:00 0 
7f29f0021000-7f29f4000000 ---p 00000000 00:00 0 
7f29f4000000-7f29f4021000 rw-p 00000000 00:00 0 
7f29f4021000-7f29f8000000 ---p 00000000 00:00 0 
7f29f8000000-7f29f8021000 rw-p 00000000 00:00 0 
7f29f8021000-7f29fc000000 ---p 00000000 00:00 0 
7f29fc000000-7f29fc021000 rw-p 00000000 00:00 0 
7f29fc021000-7f2a00000000 ---p 00000000 00:00 0 
7f2a014c6000-7f2a014ca000 ---p 00000000 00:00 0 
7f2a014ca000-7f2a015c7000 rw-p 00000000 00:00 0 
7f2a015c7000-7f2a015c8000 ---p 00000000 00:00 0 
7f2a015c8000-7f2a016c9000 rw-p 00000000 00:00 0 
7f2a016c9000-7f2a016cd000 ---p 00000000 00:00 0 
7f2a016cd000-7f2a017ca000 rw-p 00000000 00:00 0 
7f2a017ca000-7f2a02000000 r--p 00000000 08:02 17828162                   /usr/lib/locale/locale-archive
7f2a02000000-7f2a04000000 rw-p 00000000 00:00 0 
7f2a04000000-7f2a04021000 rw-p 00000000 00:00 0 
7f2a04021000-7f2a08000000 ---p 00000000 00:00 0 
7f2a080ec000-7f2a080f0000 ---p 00000000 00:00 0 
7f2a080f0000-7f2a081ed000 rw-p 00000000 00:00 0 
7f2a081ed000-7f2a081f1000 ---p 00000000 00:00 0 
7f2a081f1000-7f2a082ee000 rw-p 00000000 00:00 0 
7f2a082ee000-7f2a082f2000 ---p 00000000 00:00 0 
7f2a082f2000-7f2a083ef000 rw-p 00000000 00:00 0 
7f2a083ef000-7f2a083f3000 ---p 00000000 00:00 0 
7f2a083f3000-7f2a08ad0000 rw-p 00000000 00:00 0 
7f2a08ad0000-7f2a0d270000 ---p 00000000 00:00 0 
7f2a0d270000-7f2a0d278000 rw-p 00000000 00:00 0 
7f2a0d278000-7f2a0e278000 ---p 00000000 00:00 0 
7f2a0e278000-7f2a0e858000 rw-p 00000000 00:00 0 
7f2a0e858000-7f2a12ff8000 ---p 00000000 00:00 0 
7f2a12ff8000-7f2a13000000 rw-p 00000000 00:00 0 
7f2a13000000-7f2a14000000 ---p 00000000 00:00 0 
7f2a14000000-7f2a14021000 rw-p 00000000 00:00 0 
7f2a14021000-7f2a18000000 ---p 00000000 00:00 0 
7f2a1800f000-7f2a18013000 ---p 00000000 00:00 0 
7f2a18013000-7f2a18550000 rw-p 00000000 00:00 0 
7f2a18550000-7f2a18910000 ---p 00000000 00:00 0 
7f2a18910000-7f2a18b80000 rwxp 00000000 00:00 0 
7f2a18b80000-7f2a18ea0000 ---p 00000000 00:00 0 
7f2a18ea0000-7f2a19110000 rwxp 00000000 00:00 0 
7f2a19110000-7f2a203d8000 ---p 00000000 00:00 0 
7f2a203d8000-7f2a20648000 rwxp 00000000 00:00 0 
7f2a20648000-7f2a27910000 ---p 00000000 00:00 0 
7f2a27910000-7f2a30000000 r--s 00000000 08:02 22414189                   /usr/lib/jvm/java-11-openjdk-amd64/lib/modules
7f2a30000000-7f2a302b7000 rw-p 00000000 00:00 0 
7f2a302b7000-7f2a34000000 ---p 00000000 00:00 0 
7f2a3405b000-7f2a3405c000 r--p 00000000 08:02 21891731                   /usr/java/packages/lib/libSampleCLib.so
7f2a3405c000-7f2a3405d000 r-xp 00001000 08:02 21891731                   /usr/java/packages/lib/libSampleCLib.so
7f2a3405d000-7f2a3405e000 r--p 00002000 08:02 21891731                   /usr/java/packages/lib/libSampleCLib.so
7f2a3405e000-7f2a3405f000 r--p 00002000 08:02 21891731                   /usr/java/packages/lib/libSampleCLib.so
7f2a3405f000-7f2a34060000 rw-p 00003000 08:02 21891731                   /usr/java/packages/lib/libSampleCLib.so
7f2a34060000-7f2a34062000 r--p 00000000 08:02 22414151                   /usr/lib/jvm/java-11-openjdk-amd64/lib/libdt_socket.so
7f2a34062000-7f2a34065000 r-xp 00002000 08:02 22414151                   /usr/lib/jvm/java-11-openjdk-amd64/lib/libdt_socket.so
7f2a34065000-7f2a34066000 r--p 00005000 08:02 22414151                   /usr/lib/jvm/java-11-openjdk-amd64/lib/libdt_socket.so
7f2a34066000-7f2a34067000 r--p 00005000 08:02 22414151                   /usr/lib/jvm/java-11-openjdk-amd64/lib/libdt_socket.so
7f2a34067000-7f2a34068000 rw-p 00006000 08:02 22414151                   /usr/lib/jvm/java-11-openjdk-amd64/lib/libdt_socket.so
7f2a34068000-7f2a3406c000 ---p 00000000 00:00 0 
7f2a3406c000-7f2a34169000 rw-p 00000000 00:00 0 
7f2a34169000-7f2a3416d000 ---p 00000000 00:00 0 
7f2a3416d000-7f2a3426a000 rw-p 00000000 00:00 0 
7f2a3426a000-7f2a3426e000 ---p 00000000 00:00 0 
7f2a3426e000-7f2a3436b000 rw-p 00000000 00:00 0 
7f2a3436b000-7f2a3436f000 ---p 00000000 00:00 0 
7f2a3436f000-7f2a3446c000 rw-p 00000000 00:00 0 
7f2a3446c000-7f2a3446d000 ---p 00000000 00:00 0 
7f2a3446d000-7f2a346b4000 rw-p 00000000 00:00 0 
7f2a346b4000-7f2a346b5000 ---p 00000000 00:00 0 
7f2a346b5000-7f2a347b6000 rw-p 00000000 00:00 0 
7f2a347b6000-7f2a347b7000 ---p 00000000 00:00 0 
7f2a347b7000-7f2a34cbc000 rw-p 00000000 00:00 0 
7f2a34cbc000-7f2a34cbd000 ---p 00000000 00:00 0 
7f2a34cbd000-7f2a34dbe000 rw-p 00000000 00:00 0 
7f2a34dbe000-7f2a34dbf000 ---p 00000000 00:00 0 
7f2a34dbf000-7f2a35043000 rw-p 00000000 00:00 0 
7f2a35043000-7f2a35937000 ---p 00000000 00:00 0 
7f2a35937000-7f2a35938000 rw-p 00000000 00:00 0 
7f2a35938000-7f2a35b38000 ---p 00000000 00:00 0 
7f2a35b38000-7f2a35bf4000 rw-p 00000000 00:00 0 
7f2a35bf4000-7f2a364e8000 ---p 00000000 00:00 0 
7f2a364e8000-7f2a364e9000 rw-p 00000000 00:00 0 
7f2a364e9000-7f2a366e9000 ---p 00000000 00:00 0 
7f2a366e9000-7f2a367a5000 rw-p 00000000 00:00 0 
7f2a367a5000-7f2a37099000 ---p 00000000 00:00 0 
7f2a37099000-7f2a3709a000 rw-p 00000000 00:00 0 
7f2a3709a000-7f2a3729a000 ---p 00000000 00:00 0 
7f2a3729a000-7f2a376cd000 rw-p 00000000 00:00 0 
7f2a376cd000-7f2a376ce000 ---p 00000000 00:00 0 
7f2a376ce000-7f2a377d4000 rw-p 00000000 00:00 0 
7f2a377d4000-7f2a378ba000 ---p 00000000 00:00 0 
7f2a378ba000-7f2a378bf000 rw-p 00000000 00:00 0 
7f2a378bf000-7f2a379a5000 ---p 00000000 00:00 0 
7f2a379a5000-7f2a379aa000 rw-p 00000000 00:00 0 
7f2a379aa000-7f2a379b1000 ---p 00000000 00:00 0 
7f2a379b1000-7f2a379b4000 r--p 00000000 08:02 20972137                   /lib/x86_64-linux-gnu/libnss_files-2.30.so
7f2a379b4000-7f2a379bb000 r-xp 00003000 08:02 20972137                   /lib/x86_64-linux-gnu/libnss_files-2.30.so
7f2a379bb000-7f2a379bd000 r--p 0000a000 08:02 20972137                   /lib/x86_64-linux-gnu/libnss_files-2.30.so
7f2a379bd000-7f2a379be000 r--p 0000b000 08:02 20972137                   /lib/x86_64-linux-gnu/libnss_files-2.30.so
7f2a379be000-7f2a379bf000 rw-p 0000c000 08:02 20972137                   /lib/x86_64-linux-gnu/libnss_files-2.30.so
7f2a379bf000-7f2a379c5000 rw-p 00000000 00:00 0 
7f2a379c9000-7f2a379d0000 r--s 00000000 08:02 18089638                   /usr/lib/x86_64-linux-gnu/gconv/gconv-modules.cache
7f2a379d0000-7f2a379d2000 r--p 00000000 08:02 22414169                   /usr/lib/jvm/java-11-openjdk-amd64/lib/libjimage.so
7f2a379d2000-7f2a379d5000 r-xp 00002000 08:02 22414169                   /usr/lib/jvm/java-11-openjdk-amd64/lib/libjimage.so
7f2a379d5000-7f2a379d6000 r--p 00005000 08:02 22414169                   /usr/lib/jvm/java-11-openjdk-amd64/lib/libjimage.so
7f2a379d6000-7f2a379d7000 ---p 00006000 08:02 22414169                   /usr/lib/jvm/java-11-openjdk-amd64/lib/libjimage.so
7f2a379d7000-7f2a379d8000 r--p 00006000 08:02 22414169                   /usr/lib/jvm/java-11-openjdk-amd64/lib/libjimage.so
7f2a379d8000-7f2a379d9000 rw-p 00007000 08:02 22414169                   /usr/lib/jvm/java-11-openjdk-amd64/lib/libjimage.so
7f2a379d9000-7f2a379db000 r--p 00000000 08:02 22414187                   /usr/lib/jvm/java-11-openjdk-amd64/lib/libzip.so
7f2a379db000-7f2a379df000 r-xp 00002000 08:02 22414187                   /usr/lib/jvm/java-11-openjdk-amd64/lib/libzip.so
7f2a379df000-7f2a379e1000 r--p 00006000 08:02 22414187                   /usr/lib/jvm/java-11-openjdk-amd64/lib/libzip.so
7f2a379e1000-7f2a379e2000 r--p 00007000 08:02 22414187                   /usr/lib/jvm/java-11-openjdk-amd64/lib/libzip.so
7f2a379e2000-7f2a379e3000 rw-p 00008000 08:02 22414187                   /usr/lib/jvm/java-11-openjdk-amd64/lib/libzip.so
7f2a379e3000-7f2a379e5000 r--p 00000000 08:02 22414167                   /usr/lib/jvm/java-11-openjdk-amd64/lib/libjdwp.so
7f2a379e5000-7f2a37a11000 r-xp 00002000 08:02 22414167                   /usr/lib/jvm/java-11-openjdk-amd64/lib/libjdwp.so
7f2a37a11000-7f2a37a1e000 r--p 0002e000 08:02 22414167                   /usr/lib/jvm/java-11-openjdk-amd64/lib/libjdwp.so
7f2a37a1e000-7f2a37a1f000 ---p 0003b000 08:02 22414167                   /usr/lib/jvm/java-11-openjdk-amd64/lib/libjdwp.so
7f2a37a1f000-7f2a37a20000 r--p 0003b000 08:02 22414167                   /usr/lib/jvm/java-11-openjdk-amd64/lib/libjdwp.so
7f2a37a20000-7f2a37a21000 rw-p 0003c000 08:02 22414167                   /usr/lib/jvm/java-11-openjdk-amd64/lib/libjdwp.so
7f2a37a21000-7f2a37a2f000 r--p 00000000 08:02 22414164                   /usr/lib/jvm/java-11-openjdk-amd64/lib/libjava.so
7f2a37a2f000-7f2a37a45000 r-xp 0000e000 08:02 22414164                   /usr/lib/jvm/java-11-openjdk-amd64/lib/libjava.so
7f2a37a45000-7f2a37a4c000 r--p 00024000 08:02 22414164                   /usr/lib/jvm/java-11-openjdk-amd64/lib/libjava.so
7f2a37a4c000-7f2a37a4d000 r--p 0002a000 08:02 22414164                   /usr/lib/jvm/java-11-openjdk-amd64/lib/libjava.so
7f2a37a4d000-7f2a37a4f000 rw-p 0002b000 08:02 22414164                   /usr/lib/jvm/java-11-openjdk-amd64/lib/libjava.so
7f2a37a4f000-7f2a37a52000 r--p 00000000 08:02 20972161                   /lib/x86_64-linux-gnu/librt-2.30.so
7f2a37a52000-7f2a37a56000 r-xp 00003000 08:02 20972161                   /lib/x86_64-linux-gnu/librt-2.30.so
7f2a37a56000-7f2a37a58000 r--p 00007000 08:02 20972161                   /lib/x86_64-linux-gnu/librt-2.30.so
7f2a37a58000-7f2a37a59000 r--p 00008000 08:02 20972161                   /lib/x86_64-linux-gnu/librt-2.30.so
7f2a37a59000-7f2a37a5a000 rw-p 00009000 08:02 20972161                   /lib/x86_64-linux-gnu/librt-2.30.so
7f2a37a5a000-7f2a37a5e000 ---p 00000000 00:00 0 
7f2a37a5e000-7f2a37b5b000 rw-p 00000000 00:00 0 
7f2a37b5b000-7f2a37b5e000 r--p 00000000 08:02 20971916                   /lib/x86_64-linux-gnu/libgcc_s.so.1
7f2a37b5e000-7f2a37b6f000 r-xp 00003000 08:02 20971916                   /lib/x86_64-linux-gnu/libgcc_s.so.1
7f2a37b6f000-7f2a37b73000 r--p 00014000 08:02 20971916                   /lib/x86_64-linux-gnu/libgcc_s.so.1
7f2a37b73000-7f2a37b74000 r--p 00017000 08:02 20971916                   /lib/x86_64-linux-gnu/libgcc_s.so.1
7f2a37b74000-7f2a37b75000 rw-p 00018000 08:02 20971916                   /lib/x86_64-linux-gnu/libgcc_s.so.1
7f2a37b75000-7f2a37b84000 r--p 00000000 08:02 20972008                   /lib/x86_64-linux-gnu/libm-2.30.so
7f2a37b84000-7f2a37c2b000 r-xp 0000f000 08:02 20972008                   /lib/x86_64-linux-gnu/libm-2.30.so
7f2a37c2b000-7f2a37cc2000 r--p 000b6000 08:02 20972008                   /lib/x86_64-linux-gnu/libm-2.30.so
7f2a37cc2000-7f2a37cc3000 r--p 0014c000 08:02 20972008                   /lib/x86_64-linux-gnu/libm-2.30.so
7f2a37cc3000-7f2a37cc4000 rw-p 0014d000 08:02 20972008                   /lib/x86_64-linux-gnu/libm-2.30.so
7f2a37cc4000-7f2a37d5a000 r--p 00000000 08:02 17830136                   /usr/lib/x86_64-linux-gnu/libstdc++.so.6.0.28
7f2a37d5a000-7f2a37e57000 r-xp 00096000 08:02 17830136                   /usr/lib/x86_64-linux-gnu/libstdc++.so.6.0.28
7f2a37e57000-7f2a37ea1000 r--p 00193000 08:02 17830136                   /usr/lib/x86_64-linux-gnu/libstdc++.so.6.0.28
7f2a37ea1000-7f2a37eac000 r--p 001dc000 08:02 17830136                   /usr/lib/x86_64-linux-gnu/libstdc++.so.6.0.28
7f2a37eac000-7f2a37eaf000 rw-p 001e7000 08:02 17830136                   /usr/lib/x86_64-linux-gnu/libstdc++.so.6.0.28
7f2a37eaf000-7f2a37eb2000 rw-p 00000000 00:00 0 
7f2a37eb2000-7f2a3811f000 r--p 00000000 08:02 22414192                   /usr/lib/jvm/java-11-openjdk-amd64/lib/server/libjvm.so
7f2a3811f000-7f2a38cb2000 r-xp 0026d000 08:02 22414192                   /usr/lib/jvm/java-11-openjdk-amd64/lib/server/libjvm.so
7f2a38cb2000-7f2a38eed000 r--p 00e00000 08:02 22414192                   /usr/lib/jvm/java-11-openjdk-amd64/lib/server/libjvm.so
7f2a38eed000-7f2a38faa000 r--p 0103a000 08:02 22414192                   /usr/lib/jvm/java-11-openjdk-amd64/lib/server/libjvm.so
7f2a38faa000-7f2a38fe4000 rw-p 010f7000 08:02 22414192                   /usr/lib/jvm/java-11-openjdk-amd64/lib/server/libjvm.so
7f2a38fe4000-7f2a3903c000 rw-p 00000000 00:00 0 
7f2a3903c000-7f2a39043000 r--p 00000000 08:02 20972153                   /lib/x86_64-linux-gnu/libpthread-2.30.so
7f2a39043000-7f2a39054000 r-xp 00007000 08:02 20972153                   /lib/x86_64-linux-gnu/libpthread-2.30.so
7f2a39054000-7f2a39059000 r--p 00018000 08:02 20972153                   /lib/x86_64-linux-gnu/libpthread-2.30.so
7f2a39059000-7f2a3905a000 r--p 0001c000 08:02 20972153                   /lib/x86_64-linux-gnu/libpthread-2.30.so
7f2a3905a000-7f2a3905b000 rw-p 0001d000 08:02 20972153                   /lib/x86_64-linux-gnu/libpthread-2.30.so
7f2a3905b000-7f2a3905f000 rw-p 00000000 00:00 0 
7f2a3905f000-7f2a39060000 r--p 00000000 08:02 20972004                   /lib/x86_64-linux-gnu/libdl-2.30.so
7f2a39060000-7f2a39062000 r-xp 00001000 08:02 20972004                   /lib/x86_64-linux-gnu/libdl-2.30.so
7f2a39062000-7f2a39063000 r--p 00003000 08:02 20972004                   /lib/x86_64-linux-gnu/libdl-2.30.so
7f2a39063000-7f2a39064000 r--p 00003000 08:02 20972004                   /lib/x86_64-linux-gnu/libdl-2.30.so
7f2a39064000-7f2a39065000 rw-p 00004000 08:02 20972004                   /lib/x86_64-linux-gnu/libdl-2.30.so
7f2a39065000-7f2a39067000 r--p 00000000 08:02 20971715                   /lib/x86_64-linux-gnu/libz.so.1.2.11
7f2a39067000-7f2a39078000 r-xp 00002000 08:02 20971715                   /lib/x86_64-linux-gnu/libz.so.1.2.11
7f2a39078000-7f2a3907e000 r--p 00013000 08:02 20971715                   /lib/x86_64-linux-gnu/libz.so.1.2.11
7f2a3907e000-7f2a3907f000 ---p 00019000 08:02 20971715                   /lib/x86_64-linux-gnu/libz.so.1.2.11
7f2a3907f000-7f2a39080000 r--p 00019000 08:02 20971715                   /lib/x86_64-linux-gnu/libz.so.1.2.11
7f2a39080000-7f2a39081000 rw-p 0001a000 08:02 20971715                   /lib/x86_64-linux-gnu/libz.so.1.2.11
7f2a39081000-7f2a390a6000 r--p 00000000 08:02 20971927                   /lib/x86_64-linux-gnu/libc-2.30.so
7f2a390a6000-7f2a3921e000 r-xp 00025000 08:02 20971927                   /lib/x86_64-linux-gnu/libc-2.30.so
7f2a3921e000-7f2a39268000 r--p 0019d000 08:02 20971927                   /lib/x86_64-linux-gnu/libc-2.30.so
7f2a39268000-7f2a3926b000 r--p 001e6000 08:02 20971927                   /lib/x86_64-linux-gnu/libc-2.30.so
7f2a3926b000-7f2a3926e000 rw-p 001e9000 08:02 20971927                   /lib/x86_64-linux-gnu/libc-2.30.so
7f2a3926e000-7f2a39272000 rw-p 00000000 00:00 0 
7f2a39272000-7f2a39274000 r--s 0000c000 08:02 18220615                   /usr/share/java/java-atk-wrapper.jar
7f2a39274000-7f2a3927c000 rw-s 00000000 08:02 4464290                    /tmp/hsperfdata_andrey/15290
7f2a3927c000-7f2a3927d000 ---p 00000000 00:00 0 
7f2a3927d000-7f2a3927e000 r--p 00000000 00:00 0 
7f2a3927e000-7f2a39283000 r--p 00000000 08:02 22414186                   /usr/lib/jvm/java-11-openjdk-amd64/lib/libverify.so
7f2a39283000-7f2a3928a000 r-xp 00005000 08:02 22414186                   /usr/lib/jvm/java-11-openjdk-amd64/lib/libverify.so
7f2a3928a000-7f2a3928c000 r--p 0000c000 08:02 22414186                   /usr/lib/jvm/java-11-openjdk-amd64/lib/libverify.so
7f2a3928c000-7f2a3928d000 ---p 0000e000 08:02 22414186                   /usr/lib/jvm/java-11-openjdk-amd64/lib/libverify.so
7f2a3928d000-7f2a3928f000 r--p 0000e000 08:02 22414186                   /usr/lib/jvm/java-11-openjdk-amd64/lib/libverify.so
7f2a3928f000-7f2a39290000 rw-p 00010000 08:02 22414186                   /usr/lib/jvm/java-11-openjdk-amd64/lib/libverify.so
7f2a39290000-7f2a39293000 r--p 00000000 08:02 22414102                   /usr/lib/jvm/java-11-openjdk-amd64/lib/jli/libjli.so
7f2a39293000-7f2a3929d000 r-xp 00003000 08:02 22414102                   /usr/lib/jvm/java-11-openjdk-amd64/lib/jli/libjli.so
7f2a3929d000-7f2a392a0000 r--p 0000d000 08:02 22414102                   /usr/lib/jvm/java-11-openjdk-amd64/lib/jli/libjli.so
7f2a392a0000-7f2a392a1000 r--p 0000f000 08:02 22414102                   /usr/lib/jvm/java-11-openjdk-amd64/lib/jli/libjli.so
7f2a392a1000-7f2a392a2000 rw-p 00010000 08:02 22414102                   /usr/lib/jvm/java-11-openjdk-amd64/lib/jli/libjli.so
7f2a392a2000-7f2a392a4000 rw-p 00000000 00:00 0 
7f2a392a4000-7f2a392a5000 r--p 00000000 08:02 20971731                   /lib/x86_64-linux-gnu/ld-2.30.so
7f2a392a5000-7f2a392c7000 r-xp 00001000 08:02 20971731                   /lib/x86_64-linux-gnu/ld-2.30.so
7f2a392c7000-7f2a392cf000 r--p 00023000 08:02 20971731                   /lib/x86_64-linux-gnu/ld-2.30.so
7f2a392d0000-7f2a392d1000 r--p 0002b000 08:02 20971731                   /lib/x86_64-linux-gnu/ld-2.30.so
7f2a392d1000-7f2a392d2000 rw-p 0002c000 08:02 20971731                   /lib/x86_64-linux-gnu/ld-2.30.so
7f2a392d2000-7f2a392d3000 rw-p 00000000 00:00 0 
7fff38e18000-7fff38e39000 rw-p 00000000 00:00 0                          [stack]
7fff38e62000-7fff38e65000 r--p 00000000 00:00 0                          [vvar]
7fff38e65000-7fff38e66000 r-xp 00000000 00:00 0                          [vdso]
ffffffffff600000-ffffffffff601000 --xp 00000000 00:00 0                  [vsyscall]


VM Arguments:
jvm_args: -agentlib:jdwp=transport=dt_socket,address=127.0.0.1:58723,suspend=y,server=n -Djava.library.path=/usr/java/packages/lib -Dfile.encoding=UTF-8 
java_command: Bootstrap
java_class_path (initial): /home/andrey/Git/android-jni/output/production/android-jni:/snap/intellij-idea-community/202/lib/idea_rt.jar
Launcher Type: SUN_STANDARD

[Global flags]
     intx CICompilerCount                          = 3                                         {product} {ergonomic}
     uint ConcGCThreads                            = 1                                         {product} {ergonomic}
     uint G1ConcRefinementThreads                  = 4                                         {product} {ergonomic}
   size_t G1HeapRegionSize                         = 1048576                                   {product} {ergonomic}
    uintx GCDrainStackTargetSize                   = 64                                        {product} {ergonomic}
   size_t InitialHeapSize                          = 394264576                                 {product} {ergonomic}
   size_t MarkStackSize                            = 4194304                                   {product} {ergonomic}
   size_t MaxHeapSize                              = 6276775936                                {product} {ergonomic}
   size_t MaxNewSize                               = 3765436416                                {product} {ergonomic}
   size_t MinHeapDeltaBytes                        = 1048576                                   {product} {ergonomic}
    uintx NonNMethodCodeHeapSize                   = 5830732                                {pd product} {ergonomic}
    uintx NonProfiledCodeHeapSize                  = 122913754                              {pd product} {ergonomic}
    uintx ProfiledCodeHeapSize                     = 122913754                              {pd product} {ergonomic}
    uintx ReservedCodeCacheSize                    = 251658240                              {pd product} {ergonomic}
     bool SegmentedCodeCache                       = true                                      {product} {ergonomic}
     bool UseCompressedClassPointers               = true                                 {lp64_product} {ergonomic}
     bool UseCompressedOops                        = true                                 {lp64_product} {ergonomic}
     bool UseG1GC                                  = true                                      {product} {ergonomic}

Logging:
Log output configuration:
 #0: stdout all=warning uptime,level,tags
 #1: stderr all=off uptime,level,tags

Environment Variables:
PATH=/home/andrey/.local/bin:/usr/local/sbin:/usr/local/bin:/usr/sbin:/usr/bin:/sbin:/bin:/usr/games:/usr/local/games:/snap/bin:/home/andrey/.dotnet/tools
USERNAME=andrey
SHELL=/bin/bash
DISPLAY=:0

Signal Handlers:
SIGSEGV: [libjvm.so+0xd8d500], sa_mask[0]=11111111011111111101111111111110, sa_flags=SA_RESTART|SA_SIGINFO
SIGBUS: [libjvm.so+0xd8d500], sa_mask[0]=11111111011111111101111111111110, sa_flags=SA_RESTART|SA_SIGINFO
SIGFPE: [libjvm.so+0xd8d500], sa_mask[0]=11111111011111111101111111111110, sa_flags=SA_RESTART|SA_SIGINFO
SIGPIPE: [libjvm.so+0xb86650], sa_mask[0]=11111111011111111101111111111110, sa_flags=SA_RESTART|SA_SIGINFO
SIGXFSZ: [libjvm.so+0xb86650], sa_mask[0]=11111111011111111101111111111110, sa_flags=SA_RESTART|SA_SIGINFO
SIGILL: [libjvm.so+0xd8d500], sa_mask[0]=11111111011111111101111111111110, sa_flags=SA_RESTART|SA_SIGINFO
SIGUSR2: [libjvm.so+0xb864f0], sa_mask[0]=00100000000000000000000000000000, sa_flags=SA_RESTART|SA_SIGINFO
SIGHUP: [libjvm.so+0xb86990], sa_mask[0]=11111111011111111101111111111110, sa_flags=SA_RESTART|SA_SIGINFO
SIGINT: [libjvm.so+0xb86990], sa_mask[0]=11111111011111111101111111111110, sa_flags=SA_RESTART|SA_SIGINFO
SIGTERM: [libjvm.so+0xb86990], sa_mask[0]=11111111011111111101111111111110, sa_flags=SA_RESTART|SA_SIGINFO
SIGQUIT: [libjvm.so+0xb86990], sa_mask[0]=11111111011111111101111111111110, sa_flags=SA_RESTART|SA_SIGINFO


---------------  S Y S T E M  ---------------

OS:DISTRIB_ID=Ubuntu
DISTRIB_RELEASE=19.10
DISTRIB_CODENAME=eoan
DISTRIB_DESCRIPTION="Ubuntu 19.10"
uname:Linux 5.3.0-29-generic #31-Ubuntu SMP Fri Jan 17 17:27:26 UTC 2020 x86_64
libc:glibc 2.30 NPTL 2.30 
rlimit: STACK 8192k, CORE 0k, NPROC 95534, NOFILE 1048576, AS infinity, DATA infinity, FSIZE infinity
load average:2,18 2,01 1,82

/proc/meminfo:
MemTotal:       24511588 kB
MemFree:         2198560 kB
MemAvailable:   17210928 kB
Buffers:          905528 kB
Cached:         15208600 kB
SwapCached:         2632 kB
Active:         10701156 kB
Inactive:        9907164 kB
Active(anon):    4888188 kB
Inactive(anon):   803720 kB
Active(file):    5812968 kB
Inactive(file):  9103444 kB
Unevictable:      779988 kB
Mlocked:              80 kB
SwapTotal:       2097148 kB
SwapFree:        2090328 kB
Dirty:              5520 kB
Writeback:             0 kB
AnonPages:       5272544 kB
Mapped:          1632704 kB
Shmem:           1254260 kB
KReclaimable:     499464 kB
Slab:             670384 kB
SReclaimable:     499464 kB
SUnreclaim:       170920 kB
KernelStack:       22224 kB
PageTables:        79340 kB
NFS_Unstable:          0 kB
Bounce:                0 kB
WritebackTmp:          0 kB
CommitLimit:    14352940 kB
Committed_AS:   17553112 kB
VmallocTotal:   34359738367 kB
VmallocUsed:       46296 kB
VmallocChunk:          0 kB
Percpu:             4928 kB
HardwareCorrupted:     0 kB
AnonHugePages:         0 kB
ShmemHugePages:        0 kB
ShmemPmdMapped:        0 kB
CmaTotal:              0 kB
CmaFree:               0 kB
HugePages_Total:       0
HugePages_Free:        0
HugePages_Rsvd:        0
HugePages_Surp:        0
Hugepagesize:       2048 kB
Hugetlb:               0 kB
DirectMap4k:      501232 kB
DirectMap2M:    17205248 kB
DirectMap1G:     7340032 kB


/proc/sys/kernel/threads-max (system-wide limit on the number of threads):
191068


/proc/sys/vm/max_map_count (maximum number of memory map areas a process may have):
65530


/proc/sys/kernel/pid_max (system-wide limit on number of process identifiers):
32768



container (cgroup) information:
container_type: cgroupv1
cpu_cpuset_cpus: 0-3
cpu_memory_nodes: 0
active_processor_count: 4
cpu_quota: -1
cpu_period: 100000
cpu_shares: -1
memory_limit_in_bytes: -1
memory_and_swap_limit_in_bytes: -2
memory_soft_limit_in_bytes: -1
memory_usage_in_bytes: 19273678848
memory_max_usage_in_bytes: 23530618880

Steal ticks since vm start: 0
Steal ticks percentage since vm start:  0,000

CPU:total 4 (initial active 4) (2 cores per cpu, 2 threads per core) family 6 model 142 stepping 9, cmov, cx8, fxsr, mmx, sse, sse2, sse3, ssse3, sse4.1, sse4.2, popcnt, avx, avx2, aes, clmul, erms, 3dnowpref, lzcnt, ht, tsc, tscinvbit, bmi1, bmi2, adx, fma
CPU Model and flags from /proc/cpuinfo:
model name	: Intel(R) Core(TM) i7-7500U CPU @ 2.70GHz
flags		: fpu vme de pse tsc msr pae mce cx8 apic sep mtrr pge mca cmov pat pse36 clflush dts acpi mmx fxsr sse sse2 ss ht tm pbe syscall nx pdpe1gb rdtscp lm constant_tsc art arch_perfmon pebs bts rep_good nopl xtopology nonstop_tsc cpuid aperfmperf pni pclmulqdq dtes64 monitor ds_cpl vmx est tm2 ssse3 sdbg fma cx16 xtpr pdcm pcid sse4_1 sse4_2 x2apic movbe popcnt tsc_deadline_timer aes xsave avx f16c rdrand lahf_lm abm 3dnowprefetch cpuid_fault epb invpcid_single pti ssbd ibrs ibpb stibp tpr_shadow vnmi flexpriority ept vpid ept_ad fsgsbase tsc_adjust bmi1 avx2 smep bmi2 erms invpcid mpx rdseed adx smap clflushopt intel_pt xsaveopt xsavec xgetbv1 xsaves dtherm ida arat pln pts hwp hwp_notify hwp_act_window hwp_epp md_clear flush_l1d

Memory: 4k page, physical 24511588k(2198560k free), swap 2097148k(2090328k free)

vm_info: OpenJDK 64-Bit Server VM (11.0.6+10-post-Ubuntu-1ubuntu119.10.1) for linux-amd64 JRE (11.0.6+10-post-Ubuntu-1ubuntu119.10.1), built on Jan 15 2020 15:14:00 by "unknown" with gcc 9.2.1 20191008

END.
