#
# A fatal error has been detected by the Java Runtime Environment:
#
#  SIGSEGV (0xb) at pc=0x00007ff13926f1d3, pid=12923, tid=12926
#
# JRE version: OpenJDK Runtime Environment (11.0.6+10) (build 11.0.6+10-post-Ubuntu-1ubuntu119.10.1)
# Java VM: OpenJDK 64-Bit Server VM (11.0.6+10-post-Ubuntu-1ubuntu119.10.1, mixed mode, sharing, tiered, compressed oops, g1 gc, linux-amd64)
# Problematic frame:
# V  [libjvm.so+0x88f1d3]
#
# Core dump will be written. Default location: Core dumps may be processed with "/usr/share/apport/apport %p %s %c %d %P" (or dumping to /home/andrey/Git/android-jni/core.12923)
#
# If you would like to submit a bug report, please visit:
#   https://bugs.launchpad.net/ubuntu/+source/openjdk-lts
# The crash happened outside the Java Virtual Machine in native code.
# See problematic frame for where to report the bug.
#

---------------  S U M M A R Y ------------

Command Line: -agentlib:jdwp=transport=dt_socket,address=127.0.0.1:55343,suspend=y,server=n -Djava.library.path=/usr/java/packages/lib -Dfile.encoding=UTF-8 Bootstrap

Host: Intel(R) Core(TM) i7-7500U CPU @ 2.70GHz, 4 cores, 23G, Ubuntu 19.10
Time: Wed Feb  5 11:36:47 2020 EET elapsed time: 1 seconds (0d 0h 0m 1s)

---------------  T H R E A D  ---------------

Current thread (0x00007ff134015000):  JavaThread "main" [_thread_in_native, id=12926, stack(0x00007ff138588000,0x00007ff138689000)]

Stack: [0x00007ff138588000,0x00007ff138689000],  sp=0x00007ff1386877c0,  free space=1021k
Native frames: (J=compiled Java code, A=aot compiled Java code, j=interpreted, Vv=VM code, C=native code)
V  [libjvm.so+0x88f1d3]
V  [libjvm.so+0x897e37]
C  [libSampleCLib.so+0x1185]  Java_com_saorsa_android_jni_java_JniSamples_concatenate+0x3d
j  com.saorsa.android.jni.java.JniSamples.concatenate(Ljava/lang/String;Ljava/lang/String;)Ljava/lang/String;+0
j  com.saorsa.android.jni.java.JniSamples.Go()V+9
j  Bootstrap.main([Ljava/lang/String;)V+7
v  ~StubRoutines::call_stub
V  [libjvm.so+0x8218b9]
V  [libjvm.so+0x89e7de]
V  [libjvm.so+0x8a1190]
C  [libjli.so+0x5a0e]
C  [libjli.so+0x9c41]

Java frames: (J=compiled Java code, j=interpreted, Vv=VM code)
j  com.saorsa.android.jni.java.JniSamples.concatenate(Ljava/lang/String;Ljava/lang/String;)Ljava/lang/String;+0
j  com.saorsa.android.jni.java.JniSamples.Go()V+9
j  Bootstrap.main([Ljava/lang/String;)V+7
v  ~StubRoutines::call_stub

siginfo: si_signo: 11 (SIGSEGV), si_code: 1 (SEGV_MAPERR), si_addr: 0x00000000000003b8

Register to memory mapping:

RAX=0x00007ff139ade773: <offset 0x00000000010fe773> in /usr/lib/jvm/java-11-openjdk-amd64/lib/server/libjvm.so at 0x00007ff1389e0000
RBX=0x0 is NULL
RCX=0x00007ff139277df0: <offset 0x0000000000897df0> in /usr/lib/jvm/java-11-openjdk-amd64/lib/server/libjvm.so at 0x00007ff1389e0000
RDX=0x0000000000000001 is an unknown value
RSP=0x00007ff1386877c0 is pointing into the stack for thread: 0x00007ff134015000
RBP=0x00007ff1386877d0 is pointing into the stack for thread: 0x00007ff134015000
RSI=0x0 is NULL
RDI=0x0 is NULL
R8 ={method} {0x00007ff0fbafe7c0} 'concatenate' '(Ljava/lang/String;Ljava/lang/String;)Ljava/lang/String;' in 'com/saorsa/android/jni/java/JniSamples'
R9 =0x00007ff134014310 points into unknown readable memory: c8 e2 af fb f0 7f 00 00
R10=0x00007ff11c9252a8 is at code_begin+1640 in an Interpreter codelet
method entry point (kind = native)  [0x00007ff11c924c40, 0x00007ff11c925ce0]  4256 bytes
R11=0x0000000000000102 is an unknown value
R12=0x0 is NULL
R13=0x0 is NULL
R14=0x00007ff138687958 is pointing into the stack for thread: 0x00007ff134015000
R15=0x00007ff134015000 is a thread


Registers:
RAX=0x00007ff139ade773, RBX=0x0000000000000000, RCX=0x00007ff139277df0, RDX=0x0000000000000001
RSP=0x00007ff1386877c0, RBP=0x00007ff1386877d0, RSI=0x0000000000000000, RDI=0x0000000000000000
R8 =0x00007ff0fbafe7c0, R9 =0x00007ff134014310, R10=0x00007ff11c9252a8, R11=0x0000000000000102
R12=0x0000000000000000, R13=0x0000000000000000, R14=0x00007ff138687958, R15=0x00007ff134015000
RIP=0x00007ff13926f1d3, EFLAGS=0x0000000000010206, CSGSFS=0x002b000000000033, ERR=0x0000000000000006
  TRAPNO=0x000000000000000e

Top of Stack: (sp=0x00007ff1386877c0)
0x00007ff1386877c0:   0000000000000000 0000000000000001
0x00007ff1386877d0:   00007ff138687870 00007ff139277e37
0x00007ff1386877e0:   0000000000000000 0000000000000000
0x00007ff1386877f0:   0000000000000000 0000000000000000 

Instructions: (pc=0x00007ff13926f1d3)
0x00007ff13926f0d3:   c3 0f 1f 40 00 e8 93 3d 26 00 41 89 04 24 48 8d
0x00007ff13926f0e3:   05 cc 73 88 00 41 8b 14 24 89 10 eb 8e e8 7b 3d
0x00007ff13926f0f3:   26 00 41 89 04 24 48 8d 05 b4 73 88 00 41 8b 14
0x00007ff13926f103:   24 89 10 eb 9b 0f 1f 84 00 00 00 00 00 55 48 89
0x00007ff13926f113:   e5 41 55 49 89 f5 41 54 49 89 fc 53 48 83 ec 08
0x00007ff13926f123:   48 8d 1d 66 d7 8e 00 48 8b 3b 48 8b 07 ff 90 08
0x00007ff13926f133:   02 00 00 84 c0 75 46 41 8b 84 24 3c 04 00 00 83
0x00007ff13926f143:   f8 01 74 19 83 e8 01 41 89 84 24 3c 04 00 00 48
0x00007ff13926f153:   83 c4 08 5b 41 5c 41 5d 5d c3 0f 1f 00 48 8d 15
0x00007ff13926f163:   f2 54 8b 00 0f b6 12 84 d2 74 d9 48 83 c4 08 4c
0x00007ff13926f173:   89 e7 5b 41 5c 41 5d 5d e9 30 f7 ed ff 41 f6 c5
0x00007ff13926f183:   01 75 2a 4c 89 ef ff 15 51 df 86 00 48 89 c2 48
0x00007ff13926f193:   8b 3b 4c 89 e6 48 8b 07 48 8b 80 18 02 00 00 48
0x00007ff13926f1a3:   83 c4 08 5b 41 5c 41 5d 5d ff e0 66 90 49 8d 7d
0x00007ff13926f1b3:   ff ff 15 1e df 86 00 48 89 c2 eb d3 90 55 48 89
0x00007ff13926f1c3:   e5 53 48 89 fb 48 83 ec 08 48 8d 05 a0 f5 86 00
0x00007ff13926f1d3:   c7 87 b8 03 00 00 05 00 00 00 80 38 00 75 0c 48
0x00007ff13926f1e3:   8d 05 03 b5 8c 00 83 38 01 74 11 48 8d 05 7d f5
0x00007ff13926f1f3:   86 00 80 38 00 74 4e f0 83 04 24 00 48 8d 05 7a
0x00007ff13926f203:   1b 8d 00 83 38 01 74 69 48 8d 05 aa 1a 8d 00 8b
0x00007ff13926f213:   00 85 c0 0f 95 c0 84 c0 75 0d 8b 83 d8 00 00 00
0x00007ff13926f223:   a9 00 00 00 30 74 08 48 89 df e8 4e a7 48 00 c7
0x00007ff13926f233:   83 b8 03 00 00 06 00 00 00 48 83 c4 08 5b 5d c3
0x00007ff13926f243:   0f 1f 44 00 00 48 8d 15 a1 b4 8c 00 48 89 d8 48
0x00007ff13926f253:   c1 e8 04 23 02 48 8d 15 99 b4 8c 00 48 03 02 c7
0x00007ff13926f263:   00 01 00 00 00 48 8d 05 11 1b 8d 00 83 38 01 75
0x00007ff13926f273:   97 48 8b 03 48 8d 15 82 48 bf ff 48 8b 40 28 48
0x00007ff13926f283:   39 d0 75 19 48 8b 83 08 01 00 00 48 c1 e8 03 83
0x00007ff13926f293:   e0 01 eb 82 66 0f 1f 84 00 00 00 00 00 48 89 df
0x00007ff13926f2a3:   ff d0 84 c0 0f 84 5e ff ff ff eb d8 90 f3 0f 1e
0x00007ff13926f2b3:   fa 55 48 89 e5 41 54 53 48 83 ec 30 8b 05 43 aa
0x00007ff13926f2c3:   8b 00 85 c0 74 7f c7 45 d0 00 00 0a 00 48 8d 05 


Stack slot to memory mapping:
stack at sp + 0 slots: 0x0 is NULL
stack at sp + 1 slots: 0x0000000000000001 is an unknown value
stack at sp + 2 slots: 0x00007ff138687870 is pointing into the stack for thread: 0x00007ff134015000
stack at sp + 3 slots: 0x00007ff139277e37: <offset 0x0000000000897e37> in /usr/lib/jvm/java-11-openjdk-amd64/lib/server/libjvm.so at 0x00007ff1389e0000
stack at sp + 4 slots: 0x0 is NULL
stack at sp + 5 slots: 0x0 is NULL
stack at sp + 6 slots: 0x0 is NULL
stack at sp + 7 slots: 0x0 is NULL


---------------  P R O C E S S  ---------------

Threads class SMR info:
_java_thread_list=0x00007ff1342aa230, length=12, elements={
0x00007ff134015000, 0x00007ff13424a800, 0x00007ff134254800, 0x00007ff13425b000,
0x00007ff13425d000, 0x00007ff13425f800, 0x00007ff134261800, 0x00007ff13429b800,
0x00007ff13429f800, 0x00007ff0d8001800, 0x00007ff1342a1000, 0x00007ff1342a8800
}

Java Threads: ( => current thread )
=>0x00007ff134015000 JavaThread "main" [_thread_in_native, id=12926, stack(0x00007ff138588000,0x00007ff138689000)]
  0x00007ff13424a800 JavaThread "Reference Handler" daemon [_thread_blocked, id=12944, stack(0x00007ff0fb47a000,0x00007ff0fb57b000)]
  0x00007ff134254800 JavaThread "Finalizer" daemon [_thread_blocked, id=12945, stack(0x00007ff0fb379000,0x00007ff0fb47a000)]
  0x00007ff13425b000 JavaThread "Signal Dispatcher" daemon [_thread_blocked, id=12946, stack(0x00007ff0faa42000,0x00007ff0fab43000)]
  0x00007ff13425d000 JavaThread "C2 CompilerThread0" daemon [_thread_blocked, id=12948, stack(0x00007ff0fa941000,0x00007ff0faa42000)]
  0x00007ff13425f800 JavaThread "C1 CompilerThread0" daemon [_thread_blocked, id=12950, stack(0x00007ff0fa840000,0x00007ff0fa941000)]
  0x00007ff134261800 JavaThread "Sweeper thread" daemon [_thread_blocked, id=12952, stack(0x00007ff0fa73f000,0x00007ff0fa840000)]
  0x00007ff13429b800 JavaThread "JDWP Transport Listener: dt_socket" daemon [_thread_blocked, id=12953, stack(0x00007ff0fa63e000,0x00007ff0fa73f000)]
  0x00007ff13429f800 JavaThread "JDWP Event Helper Thread" daemon [_thread_blocked, id=12956, stack(0x00007ff0fa53d000,0x00007ff0fa63e000)]
  0x00007ff0d8001800 JavaThread "JDWP Command Reader" daemon [_thread_in_native, id=12957, stack(0x00007ff0fa43c000,0x00007ff0fa53d000)]
  0x00007ff1342a1000 JavaThread "Service Thread" daemon [_thread_blocked, id=12959, stack(0x00007ff0fa33b000,0x00007ff0fa43c000)]
  0x00007ff1342a8800 JavaThread "Common-Cleaner" daemon [_thread_blocked, id=12961, stack(0x00007ff0fa138000,0x00007ff0fa239000)]

Other Threads:
  0x00007ff134247800 VMThread "VM Thread" [stack: 0x00007ff0fb57d000,0x00007ff0fb67d000] [id=12943]
  0x00007ff1342a3800 WatcherThread [stack: 0x00007ff0fa23b000,0x00007ff0fa33b000] [id=12960]
  0x00007ff13402d800 GCTaskThread "GC Thread#0" [stack: 0x00007ff1381fd000,0x00007ff1382fd000] [id=12929]
  0x00007ff134089000 ConcurrentGCThread "G1 Main Marker" [stack: 0x00007ff11c50d000,0x00007ff11c60d000] [id=12930]
  0x00007ff13408a800 ConcurrentGCThread "G1 Conc#0" [stack: 0x00007ff11c40b000,0x00007ff11c50b000] [id=12933]
  0x00007ff134200800 ConcurrentGCThread "G1 Refine#0" [stack: 0x00007ff1080dd000,0x00007ff1081dd000] [id=12934]
  0x00007ff134202800 ConcurrentGCThread "G1 Young RemSet Sampling" [stack: 0x00007ff0fbf00000,0x00007ff0fc000000] [id=12938]

Threads with active compile tasks:

VM state:not at safepoint (normal execution)

VM Mutex/Monitor currently owned by a thread: None

Heap address: 0x0000000689e00000, size: 5986 MB, Compressed Oops mode: Zero based, Oop shift amount: 3
Narrow klass base: 0x0000000800000000, Narrow klass shift: 3
Compressed class space size: 1073741824 Address: 0x0000000840000000

Heap:
 garbage-first heap   total 387072K, used 708K [0x0000000689e00000, 0x0000000800000000)
  region size 1024K, 1 young (1024K), 0 survivors (0K)
 Metaspace       used 166K, capacity 4486K, committed 4864K, reserved 1056768K
  class space    used 6K, capacity 386K, committed 512K, reserved 1048576K
Heap Regions: E=young(eden), S=young(survivor), O=old, HS=humongous(starts), HC=humongous(continues), CS=collection set, F=free, A=archive, TAMS=top-at-mark-start (previous, next)
|   0|0x0000000689e00000, 0x0000000689e00000, 0x0000000689f00000|  0%| F|  |TAMS 0x0000000689e00000, 0x0000000689e00000| Untracked 
|   1|0x0000000689f00000, 0x0000000689f00000, 0x000000068a000000|  0%| F|  |TAMS 0x0000000689f00000, 0x0000000689f00000| Untracked 
|   2|0x000000068a000000, 0x000000068a000000, 0x000000068a100000|  0%| F|  |TAMS 0x000000068a000000, 0x000000068a000000| Untracked 
|   3|0x000000068a100000, 0x000000068a100000, 0x000000068a200000|  0%| F|  |TAMS 0x000000068a100000, 0x000000068a100000| Untracked 
|   4|0x000000068a200000, 0x000000068a200000, 0x000000068a300000|  0%| F|  |TAMS 0x000000068a200000, 0x000000068a200000| Untracked 
|   5|0x000000068a300000, 0x000000068a300000, 0x000000068a400000|  0%| F|  |TAMS 0x000000068a300000, 0x000000068a300000| Untracked 
|   6|0x000000068a400000, 0x000000068a400000, 0x000000068a500000|  0%| F|  |TAMS 0x000000068a400000, 0x000000068a400000| Untracked 
|   7|0x000000068a500000, 0x000000068a500000, 0x000000068a600000|  0%| F|  |TAMS 0x000000068a500000, 0x000000068a500000| Untracked 
|   8|0x000000068a600000, 0x000000068a600000, 0x000000068a700000|  0%| F|  |TAMS 0x000000068a600000, 0x000000068a600000| Untracked 
|   9|0x000000068a700000, 0x000000068a700000, 0x000000068a800000|  0%| F|  |TAMS 0x000000068a700000, 0x000000068a700000| Untracked 
|  10|0x000000068a800000, 0x000000068a800000, 0x000000068a900000|  0%| F|  |TAMS 0x000000068a800000, 0x000000068a800000| Untracked 
|  11|0x000000068a900000, 0x000000068a900000, 0x000000068aa00000|  0%| F|  |TAMS 0x000000068a900000, 0x000000068a900000| Untracked 
|  12|0x000000068aa00000, 0x000000068aa00000, 0x000000068ab00000|  0%| F|  |TAMS 0x000000068aa00000, 0x000000068aa00000| Untracked 
|  13|0x000000068ab00000, 0x000000068ab00000, 0x000000068ac00000|  0%| F|  |TAMS 0x000000068ab00000, 0x000000068ab00000| Untracked 
|  14|0x000000068ac00000, 0x000000068ac00000, 0x000000068ad00000|  0%| F|  |TAMS 0x000000068ac00000, 0x000000068ac00000| Untracked 
|  15|0x000000068ad00000, 0x000000068ad00000, 0x000000068ae00000|  0%| F|  |TAMS 0x000000068ad00000, 0x000000068ad00000| Untracked 
|  16|0x000000068ae00000, 0x000000068ae00000, 0x000000068af00000|  0%| F|  |TAMS 0x000000068ae00000, 0x000000068ae00000| Untracked 
|  17|0x000000068af00000, 0x000000068af00000, 0x000000068b000000|  0%| F|  |TAMS 0x000000068af00000, 0x000000068af00000| Untracked 
|  18|0x000000068b000000, 0x000000068b000000, 0x000000068b100000|  0%| F|  |TAMS 0x000000068b000000, 0x000000068b000000| Untracked 
|  19|0x000000068b100000, 0x000000068b100000, 0x000000068b200000|  0%| F|  |TAMS 0x000000068b100000, 0x000000068b100000| Untracked 
|  20|0x000000068b200000, 0x000000068b200000, 0x000000068b300000|  0%| F|  |TAMS 0x000000068b200000, 0x000000068b200000| Untracked 
|  21|0x000000068b300000, 0x000000068b300000, 0x000000068b400000|  0%| F|  |TAMS 0x000000068b300000, 0x000000068b300000| Untracked 
|  22|0x000000068b400000, 0x000000068b400000, 0x000000068b500000|  0%| F|  |TAMS 0x000000068b400000, 0x000000068b400000| Untracked 
|  23|0x000000068b500000, 0x000000068b500000, 0x000000068b600000|  0%| F|  |TAMS 0x000000068b500000, 0x000000068b500000| Untracked 
|  24|0x000000068b600000, 0x000000068b600000, 0x000000068b700000|  0%| F|  |TAMS 0x000000068b600000, 0x000000068b600000| Untracked 
|  25|0x000000068b700000, 0x000000068b700000, 0x000000068b800000|  0%| F|  |TAMS 0x000000068b700000, 0x000000068b700000| Untracked 
|  26|0x000000068b800000, 0x000000068b800000, 0x000000068b900000|  0%| F|  |TAMS 0x000000068b800000, 0x000000068b800000| Untracked 
|  27|0x000000068b900000, 0x000000068b900000, 0x000000068ba00000|  0%| F|  |TAMS 0x000000068b900000, 0x000000068b900000| Untracked 
|  28|0x000000068ba00000, 0x000000068ba00000, 0x000000068bb00000|  0%| F|  |TAMS 0x000000068ba00000, 0x000000068ba00000| Untracked 
|  29|0x000000068bb00000, 0x000000068bb00000, 0x000000068bc00000|  0%| F|  |TAMS 0x000000068bb00000, 0x000000068bb00000| Untracked 
|  30|0x000000068bc00000, 0x000000068bc00000, 0x000000068bd00000|  0%| F|  |TAMS 0x000000068bc00000, 0x000000068bc00000| Untracked 
|  31|0x000000068bd00000, 0x000000068bd00000, 0x000000068be00000|  0%| F|  |TAMS 0x000000068bd00000, 0x000000068bd00000| Untracked 
|  32|0x000000068be00000, 0x000000068be00000, 0x000000068bf00000|  0%| F|  |TAMS 0x000000068be00000, 0x000000068be00000| Untracked 
|  33|0x000000068bf00000, 0x000000068bf00000, 0x000000068c000000|  0%| F|  |TAMS 0x000000068bf00000, 0x000000068bf00000| Untracked 
|  34|0x000000068c000000, 0x000000068c000000, 0x000000068c100000|  0%| F|  |TAMS 0x000000068c000000, 0x000000068c000000| Untracked 
|  35|0x000000068c100000, 0x000000068c100000, 0x000000068c200000|  0%| F|  |TAMS 0x000000068c100000, 0x000000068c100000| Untracked 
|  36|0x000000068c200000, 0x000000068c200000, 0x000000068c300000|  0%| F|  |TAMS 0x000000068c200000, 0x000000068c200000| Untracked 
|  37|0x000000068c300000, 0x000000068c300000, 0x000000068c400000|  0%| F|  |TAMS 0x000000068c300000, 0x000000068c300000| Untracked 
|  38|0x000000068c400000, 0x000000068c400000, 0x000000068c500000|  0%| F|  |TAMS 0x000000068c400000, 0x000000068c400000| Untracked 
|  39|0x000000068c500000, 0x000000068c500000, 0x000000068c600000|  0%| F|  |TAMS 0x000000068c500000, 0x000000068c500000| Untracked 
|  40|0x000000068c600000, 0x000000068c600000, 0x000000068c700000|  0%| F|  |TAMS 0x000000068c600000, 0x000000068c600000| Untracked 
|  41|0x000000068c700000, 0x000000068c700000, 0x000000068c800000|  0%| F|  |TAMS 0x000000068c700000, 0x000000068c700000| Untracked 
|  42|0x000000068c800000, 0x000000068c800000, 0x000000068c900000|  0%| F|  |TAMS 0x000000068c800000, 0x000000068c800000| Untracked 
|  43|0x000000068c900000, 0x000000068c900000, 0x000000068ca00000|  0%| F|  |TAMS 0x000000068c900000, 0x000000068c900000| Untracked 
|  44|0x000000068ca00000, 0x000000068ca00000, 0x000000068cb00000|  0%| F|  |TAMS 0x000000068ca00000, 0x000000068ca00000| Untracked 
|  45|0x000000068cb00000, 0x000000068cb00000, 0x000000068cc00000|  0%| F|  |TAMS 0x000000068cb00000, 0x000000068cb00000| Untracked 
|  46|0x000000068cc00000, 0x000000068cc00000, 0x000000068cd00000|  0%| F|  |TAMS 0x000000068cc00000, 0x000000068cc00000| Untracked 
|  47|0x000000068cd00000, 0x000000068cd00000, 0x000000068ce00000|  0%| F|  |TAMS 0x000000068cd00000, 0x000000068cd00000| Untracked 
|  48|0x000000068ce00000, 0x000000068ce00000, 0x000000068cf00000|  0%| F|  |TAMS 0x000000068ce00000, 0x000000068ce00000| Untracked 
|  49|0x000000068cf00000, 0x000000068cf00000, 0x000000068d000000|  0%| F|  |TAMS 0x000000068cf00000, 0x000000068cf00000| Untracked 
|  50|0x000000068d000000, 0x000000068d000000, 0x000000068d100000|  0%| F|  |TAMS 0x000000068d000000, 0x000000068d000000| Untracked 
|  51|0x000000068d100000, 0x000000068d100000, 0x000000068d200000|  0%| F|  |TAMS 0x000000068d100000, 0x000000068d100000| Untracked 
|  52|0x000000068d200000, 0x000000068d200000, 0x000000068d300000|  0%| F|  |TAMS 0x000000068d200000, 0x000000068d200000| Untracked 
|  53|0x000000068d300000, 0x000000068d300000, 0x000000068d400000|  0%| F|  |TAMS 0x000000068d300000, 0x000000068d300000| Untracked 
|  54|0x000000068d400000, 0x000000068d400000, 0x000000068d500000|  0%| F|  |TAMS 0x000000068d400000, 0x000000068d400000| Untracked 
|  55|0x000000068d500000, 0x000000068d500000, 0x000000068d600000|  0%| F|  |TAMS 0x000000068d500000, 0x000000068d500000| Untracked 
|  56|0x000000068d600000, 0x000000068d600000, 0x000000068d700000|  0%| F|  |TAMS 0x000000068d600000, 0x000000068d600000| Untracked 
|  57|0x000000068d700000, 0x000000068d700000, 0x000000068d800000|  0%| F|  |TAMS 0x000000068d700000, 0x000000068d700000| Untracked 
|  58|0x000000068d800000, 0x000000068d800000, 0x000000068d900000|  0%| F|  |TAMS 0x000000068d800000, 0x000000068d800000| Untracked 
|  59|0x000000068d900000, 0x000000068d900000, 0x000000068da00000|  0%| F|  |TAMS 0x000000068d900000, 0x000000068d900000| Untracked 
|  60|0x000000068da00000, 0x000000068da00000, 0x000000068db00000|  0%| F|  |TAMS 0x000000068da00000, 0x000000068da00000| Untracked 
|  61|0x000000068db00000, 0x000000068db00000, 0x000000068dc00000|  0%| F|  |TAMS 0x000000068db00000, 0x000000068db00000| Untracked 
|  62|0x000000068dc00000, 0x000000068dc00000, 0x000000068dd00000|  0%| F|  |TAMS 0x000000068dc00000, 0x000000068dc00000| Untracked 
|  63|0x000000068dd00000, 0x000000068dd00000, 0x000000068de00000|  0%| F|  |TAMS 0x000000068dd00000, 0x000000068dd00000| Untracked 
|  64|0x000000068de00000, 0x000000068de00000, 0x000000068df00000|  0%| F|  |TAMS 0x000000068de00000, 0x000000068de00000| Untracked 
|  65|0x000000068df00000, 0x000000068df00000, 0x000000068e000000|  0%| F|  |TAMS 0x000000068df00000, 0x000000068df00000| Untracked 
|  66|0x000000068e000000, 0x000000068e000000, 0x000000068e100000|  0%| F|  |TAMS 0x000000068e000000, 0x000000068e000000| Untracked 
|  67|0x000000068e100000, 0x000000068e100000, 0x000000068e200000|  0%| F|  |TAMS 0x000000068e100000, 0x000000068e100000| Untracked 
|  68|0x000000068e200000, 0x000000068e200000, 0x000000068e300000|  0%| F|  |TAMS 0x000000068e200000, 0x000000068e200000| Untracked 
|  69|0x000000068e300000, 0x000000068e300000, 0x000000068e400000|  0%| F|  |TAMS 0x000000068e300000, 0x000000068e300000| Untracked 
|  70|0x000000068e400000, 0x000000068e400000, 0x000000068e500000|  0%| F|  |TAMS 0x000000068e400000, 0x000000068e400000| Untracked 
|  71|0x000000068e500000, 0x000000068e500000, 0x000000068e600000|  0%| F|  |TAMS 0x000000068e500000, 0x000000068e500000| Untracked 
|  72|0x000000068e600000, 0x000000068e600000, 0x000000068e700000|  0%| F|  |TAMS 0x000000068e600000, 0x000000068e600000| Untracked 
|  73|0x000000068e700000, 0x000000068e700000, 0x000000068e800000|  0%| F|  |TAMS 0x000000068e700000, 0x000000068e700000| Untracked 
|  74|0x000000068e800000, 0x000000068e800000, 0x000000068e900000|  0%| F|  |TAMS 0x000000068e800000, 0x000000068e800000| Untracked 
|  75|0x000000068e900000, 0x000000068e900000, 0x000000068ea00000|  0%| F|  |TAMS 0x000000068e900000, 0x000000068e900000| Untracked 
|  76|0x000000068ea00000, 0x000000068ea00000, 0x000000068eb00000|  0%| F|  |TAMS 0x000000068ea00000, 0x000000068ea00000| Untracked 
|  77|0x000000068eb00000, 0x000000068eb00000, 0x000000068ec00000|  0%| F|  |TAMS 0x000000068eb00000, 0x000000068eb00000| Untracked 
|  78|0x000000068ec00000, 0x000000068ec00000, 0x000000068ed00000|  0%| F|  |TAMS 0x000000068ec00000, 0x000000068ec00000| Untracked 
|  79|0x000000068ed00000, 0x000000068ed00000, 0x000000068ee00000|  0%| F|  |TAMS 0x000000068ed00000, 0x000000068ed00000| Untracked 
|  80|0x000000068ee00000, 0x000000068ee00000, 0x000000068ef00000|  0%| F|  |TAMS 0x000000068ee00000, 0x000000068ee00000| Untracked 
|  81|0x000000068ef00000, 0x000000068ef00000, 0x000000068f000000|  0%| F|  |TAMS 0x000000068ef00000, 0x000000068ef00000| Untracked 
|  82|0x000000068f000000, 0x000000068f000000, 0x000000068f100000|  0%| F|  |TAMS 0x000000068f000000, 0x000000068f000000| Untracked 
|  83|0x000000068f100000, 0x000000068f100000, 0x000000068f200000|  0%| F|  |TAMS 0x000000068f100000, 0x000000068f100000| Untracked 
|  84|0x000000068f200000, 0x000000068f200000, 0x000000068f300000|  0%| F|  |TAMS 0x000000068f200000, 0x000000068f200000| Untracked 
|  85|0x000000068f300000, 0x000000068f300000, 0x000000068f400000|  0%| F|  |TAMS 0x000000068f300000, 0x000000068f300000| Untracked 
|  86|0x000000068f400000, 0x000000068f400000, 0x000000068f500000|  0%| F|  |TAMS 0x000000068f400000, 0x000000068f400000| Untracked 
|  87|0x000000068f500000, 0x000000068f500000, 0x000000068f600000|  0%| F|  |TAMS 0x000000068f500000, 0x000000068f500000| Untracked 
|  88|0x000000068f600000, 0x000000068f600000, 0x000000068f700000|  0%| F|  |TAMS 0x000000068f600000, 0x000000068f600000| Untracked 
|  89|0x000000068f700000, 0x000000068f700000, 0x000000068f800000|  0%| F|  |TAMS 0x000000068f700000, 0x000000068f700000| Untracked 
|  90|0x000000068f800000, 0x000000068f800000, 0x000000068f900000|  0%| F|  |TAMS 0x000000068f800000, 0x000000068f800000| Untracked 
|  91|0x000000068f900000, 0x000000068f900000, 0x000000068fa00000|  0%| F|  |TAMS 0x000000068f900000, 0x000000068f900000| Untracked 
|  92|0x000000068fa00000, 0x000000068fa00000, 0x000000068fb00000|  0%| F|  |TAMS 0x000000068fa00000, 0x000000068fa00000| Untracked 
|  93|0x000000068fb00000, 0x000000068fb00000, 0x000000068fc00000|  0%| F|  |TAMS 0x000000068fb00000, 0x000000068fb00000| Untracked 
|  94|0x000000068fc00000, 0x000000068fc00000, 0x000000068fd00000|  0%| F|  |TAMS 0x000000068fc00000, 0x000000068fc00000| Untracked 
|  95|0x000000068fd00000, 0x000000068fd00000, 0x000000068fe00000|  0%| F|  |TAMS 0x000000068fd00000, 0x000000068fd00000| Untracked 
|  96|0x000000068fe00000, 0x000000068fe00000, 0x000000068ff00000|  0%| F|  |TAMS 0x000000068fe00000, 0x000000068fe00000| Untracked 
|  97|0x000000068ff00000, 0x000000068ff00000, 0x0000000690000000|  0%| F|  |TAMS 0x000000068ff00000, 0x000000068ff00000| Untracked 
|  98|0x0000000690000000, 0x0000000690000000, 0x0000000690100000|  0%| F|  |TAMS 0x0000000690000000, 0x0000000690000000| Untracked 
|  99|0x0000000690100000, 0x0000000690100000, 0x0000000690200000|  0%| F|  |TAMS 0x0000000690100000, 0x0000000690100000| Untracked 
| 100|0x0000000690200000, 0x0000000690200000, 0x0000000690300000|  0%| F|  |TAMS 0x0000000690200000, 0x0000000690200000| Untracked 
| 101|0x0000000690300000, 0x0000000690300000, 0x0000000690400000|  0%| F|  |TAMS 0x0000000690300000, 0x0000000690300000| Untracked 
| 102|0x0000000690400000, 0x0000000690400000, 0x0000000690500000|  0%| F|  |TAMS 0x0000000690400000, 0x0000000690400000| Untracked 
| 103|0x0000000690500000, 0x0000000690500000, 0x0000000690600000|  0%| F|  |TAMS 0x0000000690500000, 0x0000000690500000| Untracked 
| 104|0x0000000690600000, 0x0000000690600000, 0x0000000690700000|  0%| F|  |TAMS 0x0000000690600000, 0x0000000690600000| Untracked 
| 105|0x0000000690700000, 0x0000000690700000, 0x0000000690800000|  0%| F|  |TAMS 0x0000000690700000, 0x0000000690700000| Untracked 
| 106|0x0000000690800000, 0x0000000690800000, 0x0000000690900000|  0%| F|  |TAMS 0x0000000690800000, 0x0000000690800000| Untracked 
| 107|0x0000000690900000, 0x0000000690900000, 0x0000000690a00000|  0%| F|  |TAMS 0x0000000690900000, 0x0000000690900000| Untracked 
| 108|0x0000000690a00000, 0x0000000690a00000, 0x0000000690b00000|  0%| F|  |TAMS 0x0000000690a00000, 0x0000000690a00000| Untracked 
| 109|0x0000000690b00000, 0x0000000690b00000, 0x0000000690c00000|  0%| F|  |TAMS 0x0000000690b00000, 0x0000000690b00000| Untracked 
| 110|0x0000000690c00000, 0x0000000690c00000, 0x0000000690d00000|  0%| F|  |TAMS 0x0000000690c00000, 0x0000000690c00000| Untracked 
| 111|0x0000000690d00000, 0x0000000690d00000, 0x0000000690e00000|  0%| F|  |TAMS 0x0000000690d00000, 0x0000000690d00000| Untracked 
| 112|0x0000000690e00000, 0x0000000690e00000, 0x0000000690f00000|  0%| F|  |TAMS 0x0000000690e00000, 0x0000000690e00000| Untracked 
| 113|0x0000000690f00000, 0x0000000690f00000, 0x0000000691000000|  0%| F|  |TAMS 0x0000000690f00000, 0x0000000690f00000| Untracked 
| 114|0x0000000691000000, 0x0000000691000000, 0x0000000691100000|  0%| F|  |TAMS 0x0000000691000000, 0x0000000691000000| Untracked 
| 115|0x0000000691100000, 0x0000000691100000, 0x0000000691200000|  0%| F|  |TAMS 0x0000000691100000, 0x0000000691100000| Untracked 
| 116|0x0000000691200000, 0x0000000691200000, 0x0000000691300000|  0%| F|  |TAMS 0x0000000691200000, 0x0000000691200000| Untracked 
| 117|0x0000000691300000, 0x0000000691300000, 0x0000000691400000|  0%| F|  |TAMS 0x0000000691300000, 0x0000000691300000| Untracked 
| 118|0x0000000691400000, 0x0000000691400000, 0x0000000691500000|  0%| F|  |TAMS 0x0000000691400000, 0x0000000691400000| Untracked 
| 119|0x0000000691500000, 0x0000000691500000, 0x0000000691600000|  0%| F|  |TAMS 0x0000000691500000, 0x0000000691500000| Untracked 
| 120|0x0000000691600000, 0x0000000691600000, 0x0000000691700000|  0%| F|  |TAMS 0x0000000691600000, 0x0000000691600000| Untracked 
| 121|0x0000000691700000, 0x0000000691700000, 0x0000000691800000|  0%| F|  |TAMS 0x0000000691700000, 0x0000000691700000| Untracked 
| 122|0x0000000691800000, 0x0000000691800000, 0x0000000691900000|  0%| F|  |TAMS 0x0000000691800000, 0x0000000691800000| Untracked 
| 123|0x0000000691900000, 0x0000000691900000, 0x0000000691a00000|  0%| F|  |TAMS 0x0000000691900000, 0x0000000691900000| Untracked 
| 124|0x0000000691a00000, 0x0000000691a00000, 0x0000000691b00000|  0%| F|  |TAMS 0x0000000691a00000, 0x0000000691a00000| Untracked 
| 125|0x0000000691b00000, 0x0000000691b00000, 0x0000000691c00000|  0%| F|  |TAMS 0x0000000691b00000, 0x0000000691b00000| Untracked 
| 126|0x0000000691c00000, 0x0000000691c00000, 0x0000000691d00000|  0%| F|  |TAMS 0x0000000691c00000, 0x0000000691c00000| Untracked 
| 127|0x0000000691d00000, 0x0000000691d00000, 0x0000000691e00000|  0%| F|  |TAMS 0x0000000691d00000, 0x0000000691d00000| Untracked 
| 128|0x0000000691e00000, 0x0000000691e00000, 0x0000000691f00000|  0%| F|  |TAMS 0x0000000691e00000, 0x0000000691e00000| Untracked 
| 129|0x0000000691f00000, 0x0000000691f00000, 0x0000000692000000|  0%| F|  |TAMS 0x0000000691f00000, 0x0000000691f00000| Untracked 
| 130|0x0000000692000000, 0x0000000692000000, 0x0000000692100000|  0%| F|  |TAMS 0x0000000692000000, 0x0000000692000000| Untracked 
| 131|0x0000000692100000, 0x0000000692100000, 0x0000000692200000|  0%| F|  |TAMS 0x0000000692100000, 0x0000000692100000| Untracked 
| 132|0x0000000692200000, 0x0000000692200000, 0x0000000692300000|  0%| F|  |TAMS 0x0000000692200000, 0x0000000692200000| Untracked 
| 133|0x0000000692300000, 0x0000000692300000, 0x0000000692400000|  0%| F|  |TAMS 0x0000000692300000, 0x0000000692300000| Untracked 
| 134|0x0000000692400000, 0x0000000692400000, 0x0000000692500000|  0%| F|  |TAMS 0x0000000692400000, 0x0000000692400000| Untracked 
| 135|0x0000000692500000, 0x0000000692500000, 0x0000000692600000|  0%| F|  |TAMS 0x0000000692500000, 0x0000000692500000| Untracked 
| 136|0x0000000692600000, 0x0000000692600000, 0x0000000692700000|  0%| F|  |TAMS 0x0000000692600000, 0x0000000692600000| Untracked 
| 137|0x0000000692700000, 0x0000000692700000, 0x0000000692800000|  0%| F|  |TAMS 0x0000000692700000, 0x0000000692700000| Untracked 
| 138|0x0000000692800000, 0x0000000692800000, 0x0000000692900000|  0%| F|  |TAMS 0x0000000692800000, 0x0000000692800000| Untracked 
| 139|0x0000000692900000, 0x0000000692900000, 0x0000000692a00000|  0%| F|  |TAMS 0x0000000692900000, 0x0000000692900000| Untracked 
| 140|0x0000000692a00000, 0x0000000692a00000, 0x0000000692b00000|  0%| F|  |TAMS 0x0000000692a00000, 0x0000000692a00000| Untracked 
| 141|0x0000000692b00000, 0x0000000692b00000, 0x0000000692c00000|  0%| F|  |TAMS 0x0000000692b00000, 0x0000000692b00000| Untracked 
| 142|0x0000000692c00000, 0x0000000692c00000, 0x0000000692d00000|  0%| F|  |TAMS 0x0000000692c00000, 0x0000000692c00000| Untracked 
| 143|0x0000000692d00000, 0x0000000692d00000, 0x0000000692e00000|  0%| F|  |TAMS 0x0000000692d00000, 0x0000000692d00000| Untracked 
| 144|0x0000000692e00000, 0x0000000692e00000, 0x0000000692f00000|  0%| F|  |TAMS 0x0000000692e00000, 0x0000000692e00000| Untracked 
| 145|0x0000000692f00000, 0x0000000692f00000, 0x0000000693000000|  0%| F|  |TAMS 0x0000000692f00000, 0x0000000692f00000| Untracked 
| 146|0x0000000693000000, 0x0000000693000000, 0x0000000693100000|  0%| F|  |TAMS 0x0000000693000000, 0x0000000693000000| Untracked 
| 147|0x0000000693100000, 0x0000000693100000, 0x0000000693200000|  0%| F|  |TAMS 0x0000000693100000, 0x0000000693100000| Untracked 
| 148|0x0000000693200000, 0x0000000693200000, 0x0000000693300000|  0%| F|  |TAMS 0x0000000693200000, 0x0000000693200000| Untracked 
| 149|0x0000000693300000, 0x0000000693300000, 0x0000000693400000|  0%| F|  |TAMS 0x0000000693300000, 0x0000000693300000| Untracked 
| 150|0x0000000693400000, 0x0000000693400000, 0x0000000693500000|  0%| F|  |TAMS 0x0000000693400000, 0x0000000693400000| Untracked 
| 151|0x0000000693500000, 0x0000000693500000, 0x0000000693600000|  0%| F|  |TAMS 0x0000000693500000, 0x0000000693500000| Untracked 
| 152|0x0000000693600000, 0x0000000693600000, 0x0000000693700000|  0%| F|  |TAMS 0x0000000693600000, 0x0000000693600000| Untracked 
| 153|0x0000000693700000, 0x0000000693700000, 0x0000000693800000|  0%| F|  |TAMS 0x0000000693700000, 0x0000000693700000| Untracked 
| 154|0x0000000693800000, 0x0000000693800000, 0x0000000693900000|  0%| F|  |TAMS 0x0000000693800000, 0x0000000693800000| Untracked 
| 155|0x0000000693900000, 0x0000000693900000, 0x0000000693a00000|  0%| F|  |TAMS 0x0000000693900000, 0x0000000693900000| Untracked 
| 156|0x0000000693a00000, 0x0000000693a00000, 0x0000000693b00000|  0%| F|  |TAMS 0x0000000693a00000, 0x0000000693a00000| Untracked 
| 157|0x0000000693b00000, 0x0000000693b00000, 0x0000000693c00000|  0%| F|  |TAMS 0x0000000693b00000, 0x0000000693b00000| Untracked 
| 158|0x0000000693c00000, 0x0000000693c00000, 0x0000000693d00000|  0%| F|  |TAMS 0x0000000693c00000, 0x0000000693c00000| Untracked 
| 159|0x0000000693d00000, 0x0000000693d00000, 0x0000000693e00000|  0%| F|  |TAMS 0x0000000693d00000, 0x0000000693d00000| Untracked 
| 160|0x0000000693e00000, 0x0000000693e00000, 0x0000000693f00000|  0%| F|  |TAMS 0x0000000693e00000, 0x0000000693e00000| Untracked 
| 161|0x0000000693f00000, 0x0000000693f00000, 0x0000000694000000|  0%| F|  |TAMS 0x0000000693f00000, 0x0000000693f00000| Untracked 
| 162|0x0000000694000000, 0x0000000694000000, 0x0000000694100000|  0%| F|  |TAMS 0x0000000694000000, 0x0000000694000000| Untracked 
| 163|0x0000000694100000, 0x0000000694100000, 0x0000000694200000|  0%| F|  |TAMS 0x0000000694100000, 0x0000000694100000| Untracked 
| 164|0x0000000694200000, 0x0000000694200000, 0x0000000694300000|  0%| F|  |TAMS 0x0000000694200000, 0x0000000694200000| Untracked 
| 165|0x0000000694300000, 0x0000000694300000, 0x0000000694400000|  0%| F|  |TAMS 0x0000000694300000, 0x0000000694300000| Untracked 
| 166|0x0000000694400000, 0x0000000694400000, 0x0000000694500000|  0%| F|  |TAMS 0x0000000694400000, 0x0000000694400000| Untracked 
| 167|0x0000000694500000, 0x0000000694500000, 0x0000000694600000|  0%| F|  |TAMS 0x0000000694500000, 0x0000000694500000| Untracked 
| 168|0x0000000694600000, 0x0000000694600000, 0x0000000694700000|  0%| F|  |TAMS 0x0000000694600000, 0x0000000694600000| Untracked 
| 169|0x0000000694700000, 0x0000000694700000, 0x0000000694800000|  0%| F|  |TAMS 0x0000000694700000, 0x0000000694700000| Untracked 
| 170|0x0000000694800000, 0x0000000694800000, 0x0000000694900000|  0%| F|  |TAMS 0x0000000694800000, 0x0000000694800000| Untracked 
| 171|0x0000000694900000, 0x0000000694900000, 0x0000000694a00000|  0%| F|  |TAMS 0x0000000694900000, 0x0000000694900000| Untracked 
| 172|0x0000000694a00000, 0x0000000694a00000, 0x0000000694b00000|  0%| F|  |TAMS 0x0000000694a00000, 0x0000000694a00000| Untracked 
| 173|0x0000000694b00000, 0x0000000694b00000, 0x0000000694c00000|  0%| F|  |TAMS 0x0000000694b00000, 0x0000000694b00000| Untracked 
| 174|0x0000000694c00000, 0x0000000694c00000, 0x0000000694d00000|  0%| F|  |TAMS 0x0000000694c00000, 0x0000000694c00000| Untracked 
| 175|0x0000000694d00000, 0x0000000694d00000, 0x0000000694e00000|  0%| F|  |TAMS 0x0000000694d00000, 0x0000000694d00000| Untracked 
| 176|0x0000000694e00000, 0x0000000694e00000, 0x0000000694f00000|  0%| F|  |TAMS 0x0000000694e00000, 0x0000000694e00000| Untracked 
| 177|0x0000000694f00000, 0x0000000694f00000, 0x0000000695000000|  0%| F|  |TAMS 0x0000000694f00000, 0x0000000694f00000| Untracked 
| 178|0x0000000695000000, 0x0000000695000000, 0x0000000695100000|  0%| F|  |TAMS 0x0000000695000000, 0x0000000695000000| Untracked 
| 179|0x0000000695100000, 0x0000000695100000, 0x0000000695200000|  0%| F|  |TAMS 0x0000000695100000, 0x0000000695100000| Untracked 
| 180|0x0000000695200000, 0x0000000695200000, 0x0000000695300000|  0%| F|  |TAMS 0x0000000695200000, 0x0000000695200000| Untracked 
| 181|0x0000000695300000, 0x0000000695300000, 0x0000000695400000|  0%| F|  |TAMS 0x0000000695300000, 0x0000000695300000| Untracked 
| 182|0x0000000695400000, 0x0000000695400000, 0x0000000695500000|  0%| F|  |TAMS 0x0000000695400000, 0x0000000695400000| Untracked 
| 183|0x0000000695500000, 0x0000000695500000, 0x0000000695600000|  0%| F|  |TAMS 0x0000000695500000, 0x0000000695500000| Untracked 
| 184|0x0000000695600000, 0x0000000695600000, 0x0000000695700000|  0%| F|  |TAMS 0x0000000695600000, 0x0000000695600000| Untracked 
| 185|0x0000000695700000, 0x0000000695700000, 0x0000000695800000|  0%| F|  |TAMS 0x0000000695700000, 0x0000000695700000| Untracked 
| 186|0x0000000695800000, 0x0000000695800000, 0x0000000695900000|  0%| F|  |TAMS 0x0000000695800000, 0x0000000695800000| Untracked 
| 187|0x0000000695900000, 0x0000000695900000, 0x0000000695a00000|  0%| F|  |TAMS 0x0000000695900000, 0x0000000695900000| Untracked 
| 188|0x0000000695a00000, 0x0000000695a00000, 0x0000000695b00000|  0%| F|  |TAMS 0x0000000695a00000, 0x0000000695a00000| Untracked 
| 189|0x0000000695b00000, 0x0000000695b00000, 0x0000000695c00000|  0%| F|  |TAMS 0x0000000695b00000, 0x0000000695b00000| Untracked 
| 190|0x0000000695c00000, 0x0000000695c00000, 0x0000000695d00000|  0%| F|  |TAMS 0x0000000695c00000, 0x0000000695c00000| Untracked 
| 191|0x0000000695d00000, 0x0000000695d00000, 0x0000000695e00000|  0%| F|  |TAMS 0x0000000695d00000, 0x0000000695d00000| Untracked 
| 192|0x0000000695e00000, 0x0000000695e00000, 0x0000000695f00000|  0%| F|  |TAMS 0x0000000695e00000, 0x0000000695e00000| Untracked 
| 193|0x0000000695f00000, 0x0000000695f00000, 0x0000000696000000|  0%| F|  |TAMS 0x0000000695f00000, 0x0000000695f00000| Untracked 
| 194|0x0000000696000000, 0x0000000696000000, 0x0000000696100000|  0%| F|  |TAMS 0x0000000696000000, 0x0000000696000000| Untracked 
| 195|0x0000000696100000, 0x0000000696100000, 0x0000000696200000|  0%| F|  |TAMS 0x0000000696100000, 0x0000000696100000| Untracked 
| 196|0x0000000696200000, 0x0000000696200000, 0x0000000696300000|  0%| F|  |TAMS 0x0000000696200000, 0x0000000696200000| Untracked 
| 197|0x0000000696300000, 0x0000000696300000, 0x0000000696400000|  0%| F|  |TAMS 0x0000000696300000, 0x0000000696300000| Untracked 
| 198|0x0000000696400000, 0x0000000696400000, 0x0000000696500000|  0%| F|  |TAMS 0x0000000696400000, 0x0000000696400000| Untracked 
| 199|0x0000000696500000, 0x0000000696500000, 0x0000000696600000|  0%| F|  |TAMS 0x0000000696500000, 0x0000000696500000| Untracked 
| 200|0x0000000696600000, 0x0000000696600000, 0x0000000696700000|  0%| F|  |TAMS 0x0000000696600000, 0x0000000696600000| Untracked 
| 201|0x0000000696700000, 0x0000000696700000, 0x0000000696800000|  0%| F|  |TAMS 0x0000000696700000, 0x0000000696700000| Untracked 
| 202|0x0000000696800000, 0x0000000696800000, 0x0000000696900000|  0%| F|  |TAMS 0x0000000696800000, 0x0000000696800000| Untracked 
| 203|0x0000000696900000, 0x0000000696900000, 0x0000000696a00000|  0%| F|  |TAMS 0x0000000696900000, 0x0000000696900000| Untracked 
| 204|0x0000000696a00000, 0x0000000696a00000, 0x0000000696b00000|  0%| F|  |TAMS 0x0000000696a00000, 0x0000000696a00000| Untracked 
| 205|0x0000000696b00000, 0x0000000696b00000, 0x0000000696c00000|  0%| F|  |TAMS 0x0000000696b00000, 0x0000000696b00000| Untracked 
| 206|0x0000000696c00000, 0x0000000696c00000, 0x0000000696d00000|  0%| F|  |TAMS 0x0000000696c00000, 0x0000000696c00000| Untracked 
| 207|0x0000000696d00000, 0x0000000696d00000, 0x0000000696e00000|  0%| F|  |TAMS 0x0000000696d00000, 0x0000000696d00000| Untracked 
| 208|0x0000000696e00000, 0x0000000696e00000, 0x0000000696f00000|  0%| F|  |TAMS 0x0000000696e00000, 0x0000000696e00000| Untracked 
| 209|0x0000000696f00000, 0x0000000696f00000, 0x0000000697000000|  0%| F|  |TAMS 0x0000000696f00000, 0x0000000696f00000| Untracked 
| 210|0x0000000697000000, 0x0000000697000000, 0x0000000697100000|  0%| F|  |TAMS 0x0000000697000000, 0x0000000697000000| Untracked 
| 211|0x0000000697100000, 0x0000000697100000, 0x0000000697200000|  0%| F|  |TAMS 0x0000000697100000, 0x0000000697100000| Untracked 
| 212|0x0000000697200000, 0x0000000697200000, 0x0000000697300000|  0%| F|  |TAMS 0x0000000697200000, 0x0000000697200000| Untracked 
| 213|0x0000000697300000, 0x0000000697300000, 0x0000000697400000|  0%| F|  |TAMS 0x0000000697300000, 0x0000000697300000| Untracked 
| 214|0x0000000697400000, 0x0000000697400000, 0x0000000697500000|  0%| F|  |TAMS 0x0000000697400000, 0x0000000697400000| Untracked 
| 215|0x0000000697500000, 0x0000000697500000, 0x0000000697600000|  0%| F|  |TAMS 0x0000000697500000, 0x0000000697500000| Untracked 
| 216|0x0000000697600000, 0x0000000697600000, 0x0000000697700000|  0%| F|  |TAMS 0x0000000697600000, 0x0000000697600000| Untracked 
| 217|0x0000000697700000, 0x0000000697700000, 0x0000000697800000|  0%| F|  |TAMS 0x0000000697700000, 0x0000000697700000| Untracked 
| 218|0x0000000697800000, 0x0000000697800000, 0x0000000697900000|  0%| F|  |TAMS 0x0000000697800000, 0x0000000697800000| Untracked 
| 219|0x0000000697900000, 0x0000000697900000, 0x0000000697a00000|  0%| F|  |TAMS 0x0000000697900000, 0x0000000697900000| Untracked 
| 220|0x0000000697a00000, 0x0000000697a00000, 0x0000000697b00000|  0%| F|  |TAMS 0x0000000697a00000, 0x0000000697a00000| Untracked 
| 221|0x0000000697b00000, 0x0000000697b00000, 0x0000000697c00000|  0%| F|  |TAMS 0x0000000697b00000, 0x0000000697b00000| Untracked 
| 222|0x0000000697c00000, 0x0000000697c00000, 0x0000000697d00000|  0%| F|  |TAMS 0x0000000697c00000, 0x0000000697c00000| Untracked 
| 223|0x0000000697d00000, 0x0000000697d00000, 0x0000000697e00000|  0%| F|  |TAMS 0x0000000697d00000, 0x0000000697d00000| Untracked 
| 224|0x0000000697e00000, 0x0000000697e00000, 0x0000000697f00000|  0%| F|  |TAMS 0x0000000697e00000, 0x0000000697e00000| Untracked 
| 225|0x0000000697f00000, 0x0000000697f00000, 0x0000000698000000|  0%| F|  |TAMS 0x0000000697f00000, 0x0000000697f00000| Untracked 
| 226|0x0000000698000000, 0x0000000698000000, 0x0000000698100000|  0%| F|  |TAMS 0x0000000698000000, 0x0000000698000000| Untracked 
| 227|0x0000000698100000, 0x0000000698100000, 0x0000000698200000|  0%| F|  |TAMS 0x0000000698100000, 0x0000000698100000| Untracked 
| 228|0x0000000698200000, 0x0000000698200000, 0x0000000698300000|  0%| F|  |TAMS 0x0000000698200000, 0x0000000698200000| Untracked 
| 229|0x0000000698300000, 0x0000000698300000, 0x0000000698400000|  0%| F|  |TAMS 0x0000000698300000, 0x0000000698300000| Untracked 
| 230|0x0000000698400000, 0x0000000698400000, 0x0000000698500000|  0%| F|  |TAMS 0x0000000698400000, 0x0000000698400000| Untracked 
| 231|0x0000000698500000, 0x0000000698500000, 0x0000000698600000|  0%| F|  |TAMS 0x0000000698500000, 0x0000000698500000| Untracked 
| 232|0x0000000698600000, 0x0000000698600000, 0x0000000698700000|  0%| F|  |TAMS 0x0000000698600000, 0x0000000698600000| Untracked 
| 233|0x0000000698700000, 0x0000000698700000, 0x0000000698800000|  0%| F|  |TAMS 0x0000000698700000, 0x0000000698700000| Untracked 
| 234|0x0000000698800000, 0x0000000698800000, 0x0000000698900000|  0%| F|  |TAMS 0x0000000698800000, 0x0000000698800000| Untracked 
| 235|0x0000000698900000, 0x0000000698900000, 0x0000000698a00000|  0%| F|  |TAMS 0x0000000698900000, 0x0000000698900000| Untracked 
| 236|0x0000000698a00000, 0x0000000698a00000, 0x0000000698b00000|  0%| F|  |TAMS 0x0000000698a00000, 0x0000000698a00000| Untracked 
| 237|0x0000000698b00000, 0x0000000698b00000, 0x0000000698c00000|  0%| F|  |TAMS 0x0000000698b00000, 0x0000000698b00000| Untracked 
| 238|0x0000000698c00000, 0x0000000698c00000, 0x0000000698d00000|  0%| F|  |TAMS 0x0000000698c00000, 0x0000000698c00000| Untracked 
| 239|0x0000000698d00000, 0x0000000698d00000, 0x0000000698e00000|  0%| F|  |TAMS 0x0000000698d00000, 0x0000000698d00000| Untracked 
| 240|0x0000000698e00000, 0x0000000698e00000, 0x0000000698f00000|  0%| F|  |TAMS 0x0000000698e00000, 0x0000000698e00000| Untracked 
| 241|0x0000000698f00000, 0x0000000698f00000, 0x0000000699000000|  0%| F|  |TAMS 0x0000000698f00000, 0x0000000698f00000| Untracked 
| 242|0x0000000699000000, 0x0000000699000000, 0x0000000699100000|  0%| F|  |TAMS 0x0000000699000000, 0x0000000699000000| Untracked 
| 243|0x0000000699100000, 0x0000000699100000, 0x0000000699200000|  0%| F|  |TAMS 0x0000000699100000, 0x0000000699100000| Untracked 
| 244|0x0000000699200000, 0x0000000699200000, 0x0000000699300000|  0%| F|  |TAMS 0x0000000699200000, 0x0000000699200000| Untracked 
| 245|0x0000000699300000, 0x0000000699300000, 0x0000000699400000|  0%| F|  |TAMS 0x0000000699300000, 0x0000000699300000| Untracked 
| 246|0x0000000699400000, 0x0000000699400000, 0x0000000699500000|  0%| F|  |TAMS 0x0000000699400000, 0x0000000699400000| Untracked 
| 247|0x0000000699500000, 0x0000000699500000, 0x0000000699600000|  0%| F|  |TAMS 0x0000000699500000, 0x0000000699500000| Untracked 
| 248|0x0000000699600000, 0x0000000699600000, 0x0000000699700000|  0%| F|  |TAMS 0x0000000699600000, 0x0000000699600000| Untracked 
| 249|0x0000000699700000, 0x0000000699700000, 0x0000000699800000|  0%| F|  |TAMS 0x0000000699700000, 0x0000000699700000| Untracked 
| 250|0x0000000699800000, 0x0000000699800000, 0x0000000699900000|  0%| F|  |TAMS 0x0000000699800000, 0x0000000699800000| Untracked 
| 251|0x0000000699900000, 0x0000000699900000, 0x0000000699a00000|  0%| F|  |TAMS 0x0000000699900000, 0x0000000699900000| Untracked 
| 252|0x0000000699a00000, 0x0000000699a00000, 0x0000000699b00000|  0%| F|  |TAMS 0x0000000699a00000, 0x0000000699a00000| Untracked 
| 253|0x0000000699b00000, 0x0000000699b00000, 0x0000000699c00000|  0%| F|  |TAMS 0x0000000699b00000, 0x0000000699b00000| Untracked 
| 254|0x0000000699c00000, 0x0000000699c00000, 0x0000000699d00000|  0%| F|  |TAMS 0x0000000699c00000, 0x0000000699c00000| Untracked 
| 255|0x0000000699d00000, 0x0000000699d00000, 0x0000000699e00000|  0%| F|  |TAMS 0x0000000699d00000, 0x0000000699d00000| Untracked 
| 256|0x0000000699e00000, 0x0000000699e00000, 0x0000000699f00000|  0%| F|  |TAMS 0x0000000699e00000, 0x0000000699e00000| Untracked 
| 257|0x0000000699f00000, 0x0000000699f00000, 0x000000069a000000|  0%| F|  |TAMS 0x0000000699f00000, 0x0000000699f00000| Untracked 
| 258|0x000000069a000000, 0x000000069a000000, 0x000000069a100000|  0%| F|  |TAMS 0x000000069a000000, 0x000000069a000000| Untracked 
| 259|0x000000069a100000, 0x000000069a100000, 0x000000069a200000|  0%| F|  |TAMS 0x000000069a100000, 0x000000069a100000| Untracked 
| 260|0x000000069a200000, 0x000000069a200000, 0x000000069a300000|  0%| F|  |TAMS 0x000000069a200000, 0x000000069a200000| Untracked 
| 261|0x000000069a300000, 0x000000069a300000, 0x000000069a400000|  0%| F|  |TAMS 0x000000069a300000, 0x000000069a300000| Untracked 
| 262|0x000000069a400000, 0x000000069a400000, 0x000000069a500000|  0%| F|  |TAMS 0x000000069a400000, 0x000000069a400000| Untracked 
| 263|0x000000069a500000, 0x000000069a500000, 0x000000069a600000|  0%| F|  |TAMS 0x000000069a500000, 0x000000069a500000| Untracked 
| 264|0x000000069a600000, 0x000000069a600000, 0x000000069a700000|  0%| F|  |TAMS 0x000000069a600000, 0x000000069a600000| Untracked 
| 265|0x000000069a700000, 0x000000069a700000, 0x000000069a800000|  0%| F|  |TAMS 0x000000069a700000, 0x000000069a700000| Untracked 
| 266|0x000000069a800000, 0x000000069a800000, 0x000000069a900000|  0%| F|  |TAMS 0x000000069a800000, 0x000000069a800000| Untracked 
| 267|0x000000069a900000, 0x000000069a900000, 0x000000069aa00000|  0%| F|  |TAMS 0x000000069a900000, 0x000000069a900000| Untracked 
| 268|0x000000069aa00000, 0x000000069aa00000, 0x000000069ab00000|  0%| F|  |TAMS 0x000000069aa00000, 0x000000069aa00000| Untracked 
| 269|0x000000069ab00000, 0x000000069ab00000, 0x000000069ac00000|  0%| F|  |TAMS 0x000000069ab00000, 0x000000069ab00000| Untracked 
| 270|0x000000069ac00000, 0x000000069ac00000, 0x000000069ad00000|  0%| F|  |TAMS 0x000000069ac00000, 0x000000069ac00000| Untracked 
| 271|0x000000069ad00000, 0x000000069ad00000, 0x000000069ae00000|  0%| F|  |TAMS 0x000000069ad00000, 0x000000069ad00000| Untracked 
| 272|0x000000069ae00000, 0x000000069ae00000, 0x000000069af00000|  0%| F|  |TAMS 0x000000069ae00000, 0x000000069ae00000| Untracked 
| 273|0x000000069af00000, 0x000000069af00000, 0x000000069b000000|  0%| F|  |TAMS 0x000000069af00000, 0x000000069af00000| Untracked 
| 274|0x000000069b000000, 0x000000069b000000, 0x000000069b100000|  0%| F|  |TAMS 0x000000069b000000, 0x000000069b000000| Untracked 
| 275|0x000000069b100000, 0x000000069b100000, 0x000000069b200000|  0%| F|  |TAMS 0x000000069b100000, 0x000000069b100000| Untracked 
| 276|0x000000069b200000, 0x000000069b200000, 0x000000069b300000|  0%| F|  |TAMS 0x000000069b200000, 0x000000069b200000| Untracked 
| 277|0x000000069b300000, 0x000000069b300000, 0x000000069b400000|  0%| F|  |TAMS 0x000000069b300000, 0x000000069b300000| Untracked 
| 278|0x000000069b400000, 0x000000069b400000, 0x000000069b500000|  0%| F|  |TAMS 0x000000069b400000, 0x000000069b400000| Untracked 
| 279|0x000000069b500000, 0x000000069b500000, 0x000000069b600000|  0%| F|  |TAMS 0x000000069b500000, 0x000000069b500000| Untracked 
| 280|0x000000069b600000, 0x000000069b600000, 0x000000069b700000|  0%| F|  |TAMS 0x000000069b600000, 0x000000069b600000| Untracked 
| 281|0x000000069b700000, 0x000000069b700000, 0x000000069b800000|  0%| F|  |TAMS 0x000000069b700000, 0x000000069b700000| Untracked 
| 282|0x000000069b800000, 0x000000069b800000, 0x000000069b900000|  0%| F|  |TAMS 0x000000069b800000, 0x000000069b800000| Untracked 
| 283|0x000000069b900000, 0x000000069b900000, 0x000000069ba00000|  0%| F|  |TAMS 0x000000069b900000, 0x000000069b900000| Untracked 
| 284|0x000000069ba00000, 0x000000069ba00000, 0x000000069bb00000|  0%| F|  |TAMS 0x000000069ba00000, 0x000000069ba00000| Untracked 
| 285|0x000000069bb00000, 0x000000069bb00000, 0x000000069bc00000|  0%| F|  |TAMS 0x000000069bb00000, 0x000000069bb00000| Untracked 
| 286|0x000000069bc00000, 0x000000069bc00000, 0x000000069bd00000|  0%| F|  |TAMS 0x000000069bc00000, 0x000000069bc00000| Untracked 
| 287|0x000000069bd00000, 0x000000069bd00000, 0x000000069be00000|  0%| F|  |TAMS 0x000000069bd00000, 0x000000069bd00000| Untracked 
| 288|0x000000069be00000, 0x000000069be00000, 0x000000069bf00000|  0%| F|  |TAMS 0x000000069be00000, 0x000000069be00000| Untracked 
| 289|0x000000069bf00000, 0x000000069bf00000, 0x000000069c000000|  0%| F|  |TAMS 0x000000069bf00000, 0x000000069bf00000| Untracked 
| 290|0x000000069c000000, 0x000000069c000000, 0x000000069c100000|  0%| F|  |TAMS 0x000000069c000000, 0x000000069c000000| Untracked 
| 291|0x000000069c100000, 0x000000069c100000, 0x000000069c200000|  0%| F|  |TAMS 0x000000069c100000, 0x000000069c100000| Untracked 
| 292|0x000000069c200000, 0x000000069c200000, 0x000000069c300000|  0%| F|  |TAMS 0x000000069c200000, 0x000000069c200000| Untracked 
| 293|0x000000069c300000, 0x000000069c300000, 0x000000069c400000|  0%| F|  |TAMS 0x000000069c300000, 0x000000069c300000| Untracked 
| 294|0x000000069c400000, 0x000000069c400000, 0x000000069c500000|  0%| F|  |TAMS 0x000000069c400000, 0x000000069c400000| Untracked 
| 295|0x000000069c500000, 0x000000069c500000, 0x000000069c600000|  0%| F|  |TAMS 0x000000069c500000, 0x000000069c500000| Untracked 
| 296|0x000000069c600000, 0x000000069c600000, 0x000000069c700000|  0%| F|  |TAMS 0x000000069c600000, 0x000000069c600000| Untracked 
| 297|0x000000069c700000, 0x000000069c700000, 0x000000069c800000|  0%| F|  |TAMS 0x000000069c700000, 0x000000069c700000| Untracked 
| 298|0x000000069c800000, 0x000000069c800000, 0x000000069c900000|  0%| F|  |TAMS 0x000000069c800000, 0x000000069c800000| Untracked 
| 299|0x000000069c900000, 0x000000069c900000, 0x000000069ca00000|  0%| F|  |TAMS 0x000000069c900000, 0x000000069c900000| Untracked 
| 300|0x000000069ca00000, 0x000000069ca00000, 0x000000069cb00000|  0%| F|  |TAMS 0x000000069ca00000, 0x000000069ca00000| Untracked 
| 301|0x000000069cb00000, 0x000000069cb00000, 0x000000069cc00000|  0%| F|  |TAMS 0x000000069cb00000, 0x000000069cb00000| Untracked 
| 302|0x000000069cc00000, 0x000000069cc00000, 0x000000069cd00000|  0%| F|  |TAMS 0x000000069cc00000, 0x000000069cc00000| Untracked 
| 303|0x000000069cd00000, 0x000000069cd00000, 0x000000069ce00000|  0%| F|  |TAMS 0x000000069cd00000, 0x000000069cd00000| Untracked 
| 304|0x000000069ce00000, 0x000000069ce00000, 0x000000069cf00000|  0%| F|  |TAMS 0x000000069ce00000, 0x000000069ce00000| Untracked 
| 305|0x000000069cf00000, 0x000000069cf00000, 0x000000069d000000|  0%| F|  |TAMS 0x000000069cf00000, 0x000000069cf00000| Untracked 
| 306|0x000000069d000000, 0x000000069d000000, 0x000000069d100000|  0%| F|  |TAMS 0x000000069d000000, 0x000000069d000000| Untracked 
| 307|0x000000069d100000, 0x000000069d100000, 0x000000069d200000|  0%| F|  |TAMS 0x000000069d100000, 0x000000069d100000| Untracked 
| 308|0x000000069d200000, 0x000000069d200000, 0x000000069d300000|  0%| F|  |TAMS 0x000000069d200000, 0x000000069d200000| Untracked 
| 309|0x000000069d300000, 0x000000069d300000, 0x000000069d400000|  0%| F|  |TAMS 0x000000069d300000, 0x000000069d300000| Untracked 
| 310|0x000000069d400000, 0x000000069d400000, 0x000000069d500000|  0%| F|  |TAMS 0x000000069d400000, 0x000000069d400000| Untracked 
| 311|0x000000069d500000, 0x000000069d500000, 0x000000069d600000|  0%| F|  |TAMS 0x000000069d500000, 0x000000069d500000| Untracked 
| 312|0x000000069d600000, 0x000000069d600000, 0x000000069d700000|  0%| F|  |TAMS 0x000000069d600000, 0x000000069d600000| Untracked 
| 313|0x000000069d700000, 0x000000069d700000, 0x000000069d800000|  0%| F|  |TAMS 0x000000069d700000, 0x000000069d700000| Untracked 
| 314|0x000000069d800000, 0x000000069d800000, 0x000000069d900000|  0%| F|  |TAMS 0x000000069d800000, 0x000000069d800000| Untracked 
| 315|0x000000069d900000, 0x000000069d900000, 0x000000069da00000|  0%| F|  |TAMS 0x000000069d900000, 0x000000069d900000| Untracked 
| 316|0x000000069da00000, 0x000000069da00000, 0x000000069db00000|  0%| F|  |TAMS 0x000000069da00000, 0x000000069da00000| Untracked 
| 317|0x000000069db00000, 0x000000069db00000, 0x000000069dc00000|  0%| F|  |TAMS 0x000000069db00000, 0x000000069db00000| Untracked 
| 318|0x000000069dc00000, 0x000000069dc00000, 0x000000069dd00000|  0%| F|  |TAMS 0x000000069dc00000, 0x000000069dc00000| Untracked 
| 319|0x000000069dd00000, 0x000000069dd00000, 0x000000069de00000|  0%| F|  |TAMS 0x000000069dd00000, 0x000000069dd00000| Untracked 
| 320|0x000000069de00000, 0x000000069de00000, 0x000000069df00000|  0%| F|  |TAMS 0x000000069de00000, 0x000000069de00000| Untracked 
| 321|0x000000069df00000, 0x000000069df00000, 0x000000069e000000|  0%| F|  |TAMS 0x000000069df00000, 0x000000069df00000| Untracked 
| 322|0x000000069e000000, 0x000000069e000000, 0x000000069e100000|  0%| F|  |TAMS 0x000000069e000000, 0x000000069e000000| Untracked 
| 323|0x000000069e100000, 0x000000069e100000, 0x000000069e200000|  0%| F|  |TAMS 0x000000069e100000, 0x000000069e100000| Untracked 
| 324|0x000000069e200000, 0x000000069e200000, 0x000000069e300000|  0%| F|  |TAMS 0x000000069e200000, 0x000000069e200000| Untracked 
| 325|0x000000069e300000, 0x000000069e300000, 0x000000069e400000|  0%| F|  |TAMS 0x000000069e300000, 0x000000069e300000| Untracked 
| 326|0x000000069e400000, 0x000000069e400000, 0x000000069e500000|  0%| F|  |TAMS 0x000000069e400000, 0x000000069e400000| Untracked 
| 327|0x000000069e500000, 0x000000069e500000, 0x000000069e600000|  0%| F|  |TAMS 0x000000069e500000, 0x000000069e500000| Untracked 
| 328|0x000000069e600000, 0x000000069e600000, 0x000000069e700000|  0%| F|  |TAMS 0x000000069e600000, 0x000000069e600000| Untracked 
| 329|0x000000069e700000, 0x000000069e700000, 0x000000069e800000|  0%| F|  |TAMS 0x000000069e700000, 0x000000069e700000| Untracked 
| 330|0x000000069e800000, 0x000000069e800000, 0x000000069e900000|  0%| F|  |TAMS 0x000000069e800000, 0x000000069e800000| Untracked 
| 331|0x000000069e900000, 0x000000069e900000, 0x000000069ea00000|  0%| F|  |TAMS 0x000000069e900000, 0x000000069e900000| Untracked 
| 332|0x000000069ea00000, 0x000000069ea00000, 0x000000069eb00000|  0%| F|  |TAMS 0x000000069ea00000, 0x000000069ea00000| Untracked 
| 333|0x000000069eb00000, 0x000000069eb00000, 0x000000069ec00000|  0%| F|  |TAMS 0x000000069eb00000, 0x000000069eb00000| Untracked 
| 334|0x000000069ec00000, 0x000000069ec00000, 0x000000069ed00000|  0%| F|  |TAMS 0x000000069ec00000, 0x000000069ec00000| Untracked 
| 335|0x000000069ed00000, 0x000000069ed00000, 0x000000069ee00000|  0%| F|  |TAMS 0x000000069ed00000, 0x000000069ed00000| Untracked 
| 336|0x000000069ee00000, 0x000000069ee00000, 0x000000069ef00000|  0%| F|  |TAMS 0x000000069ee00000, 0x000000069ee00000| Untracked 
| 337|0x000000069ef00000, 0x000000069ef00000, 0x000000069f000000|  0%| F|  |TAMS 0x000000069ef00000, 0x000000069ef00000| Untracked 
| 338|0x000000069f000000, 0x000000069f000000, 0x000000069f100000|  0%| F|  |TAMS 0x000000069f000000, 0x000000069f000000| Untracked 
| 339|0x000000069f100000, 0x000000069f100000, 0x000000069f200000|  0%| F|  |TAMS 0x000000069f100000, 0x000000069f100000| Untracked 
| 340|0x000000069f200000, 0x000000069f200000, 0x000000069f300000|  0%| F|  |TAMS 0x000000069f200000, 0x000000069f200000| Untracked 
| 341|0x000000069f300000, 0x000000069f300000, 0x000000069f400000|  0%| F|  |TAMS 0x000000069f300000, 0x000000069f300000| Untracked 
| 342|0x000000069f400000, 0x000000069f400000, 0x000000069f500000|  0%| F|  |TAMS 0x000000069f400000, 0x000000069f400000| Untracked 
| 343|0x000000069f500000, 0x000000069f500000, 0x000000069f600000|  0%| F|  |TAMS 0x000000069f500000, 0x000000069f500000| Untracked 
| 344|0x000000069f600000, 0x000000069f600000, 0x000000069f700000|  0%| F|  |TAMS 0x000000069f600000, 0x000000069f600000| Untracked 
| 345|0x000000069f700000, 0x000000069f700000, 0x000000069f800000|  0%| F|  |TAMS 0x000000069f700000, 0x000000069f700000| Untracked 
| 346|0x000000069f800000, 0x000000069f800000, 0x000000069f900000|  0%| F|  |TAMS 0x000000069f800000, 0x000000069f800000| Untracked 
| 347|0x000000069f900000, 0x000000069f900000, 0x000000069fa00000|  0%| F|  |TAMS 0x000000069f900000, 0x000000069f900000| Untracked 
| 348|0x000000069fa00000, 0x000000069fa00000, 0x000000069fb00000|  0%| F|  |TAMS 0x000000069fa00000, 0x000000069fa00000| Untracked 
| 349|0x000000069fb00000, 0x000000069fb00000, 0x000000069fc00000|  0%| F|  |TAMS 0x000000069fb00000, 0x000000069fb00000| Untracked 
| 350|0x000000069fc00000, 0x000000069fc00000, 0x000000069fd00000|  0%| F|  |TAMS 0x000000069fc00000, 0x000000069fc00000| Untracked 
| 351|0x000000069fd00000, 0x000000069fd00000, 0x000000069fe00000|  0%| F|  |TAMS 0x000000069fd00000, 0x000000069fd00000| Untracked 
| 352|0x000000069fe00000, 0x000000069fe00000, 0x000000069ff00000|  0%| F|  |TAMS 0x000000069fe00000, 0x000000069fe00000| Untracked 
| 353|0x000000069ff00000, 0x000000069ff00000, 0x00000006a0000000|  0%| F|  |TAMS 0x000000069ff00000, 0x000000069ff00000| Untracked 
| 354|0x00000006a0000000, 0x00000006a0000000, 0x00000006a0100000|  0%| F|  |TAMS 0x00000006a0000000, 0x00000006a0000000| Untracked 
| 355|0x00000006a0100000, 0x00000006a0100000, 0x00000006a0200000|  0%| F|  |TAMS 0x00000006a0100000, 0x00000006a0100000| Untracked 
| 356|0x00000006a0200000, 0x00000006a0200000, 0x00000006a0300000|  0%| F|  |TAMS 0x00000006a0200000, 0x00000006a0200000| Untracked 
| 357|0x00000006a0300000, 0x00000006a0300000, 0x00000006a0400000|  0%| F|  |TAMS 0x00000006a0300000, 0x00000006a0300000| Untracked 
| 358|0x00000006a0400000, 0x00000006a0400000, 0x00000006a0500000|  0%| F|  |TAMS 0x00000006a0400000, 0x00000006a0400000| Untracked 
| 359|0x00000006a0500000, 0x00000006a0500000, 0x00000006a0600000|  0%| F|  |TAMS 0x00000006a0500000, 0x00000006a0500000| Untracked 
| 360|0x00000006a0600000, 0x00000006a0600000, 0x00000006a0700000|  0%| F|  |TAMS 0x00000006a0600000, 0x00000006a0600000| Untracked 
| 361|0x00000006a0700000, 0x00000006a0700000, 0x00000006a0800000|  0%| F|  |TAMS 0x00000006a0700000, 0x00000006a0700000| Untracked 
| 362|0x00000006a0800000, 0x00000006a0800000, 0x00000006a0900000|  0%| F|  |TAMS 0x00000006a0800000, 0x00000006a0800000| Untracked 
| 363|0x00000006a0900000, 0x00000006a0900000, 0x00000006a0a00000|  0%| F|  |TAMS 0x00000006a0900000, 0x00000006a0900000| Untracked 
| 364|0x00000006a0a00000, 0x00000006a0a00000, 0x00000006a0b00000|  0%| F|  |TAMS 0x00000006a0a00000, 0x00000006a0a00000| Untracked 
| 365|0x00000006a0b00000, 0x00000006a0b00000, 0x00000006a0c00000|  0%| F|  |TAMS 0x00000006a0b00000, 0x00000006a0b00000| Untracked 
| 366|0x00000006a0c00000, 0x00000006a0c00000, 0x00000006a0d00000|  0%| F|  |TAMS 0x00000006a0c00000, 0x00000006a0c00000| Untracked 
| 367|0x00000006a0d00000, 0x00000006a0d00000, 0x00000006a0e00000|  0%| F|  |TAMS 0x00000006a0d00000, 0x00000006a0d00000| Untracked 
| 368|0x00000006a0e00000, 0x00000006a0e00000, 0x00000006a0f00000|  0%| F|  |TAMS 0x00000006a0e00000, 0x00000006a0e00000| Untracked 
| 369|0x00000006a0f00000, 0x00000006a0f00000, 0x00000006a1000000|  0%| F|  |TAMS 0x00000006a0f00000, 0x00000006a0f00000| Untracked 
| 370|0x00000006a1000000, 0x00000006a1000000, 0x00000006a1100000|  0%| F|  |TAMS 0x00000006a1000000, 0x00000006a1000000| Untracked 
| 371|0x00000006a1100000, 0x00000006a1100000, 0x00000006a1200000|  0%| F|  |TAMS 0x00000006a1100000, 0x00000006a1100000| Untracked 
| 372|0x00000006a1200000, 0x00000006a1200000, 0x00000006a1300000|  0%| F|  |TAMS 0x00000006a1200000, 0x00000006a1200000| Untracked 
| 373|0x00000006a1300000, 0x00000006a1300000, 0x00000006a1400000|  0%| F|  |TAMS 0x00000006a1300000, 0x00000006a1300000| Untracked 
| 374|0x00000006a1400000, 0x00000006a1400000, 0x00000006a1500000|  0%| F|  |TAMS 0x00000006a1400000, 0x00000006a1400000| Untracked 
| 375|0x00000006a1500000, 0x00000006a1600000, 0x00000006a1600000|100%| E|  |TAMS 0x00000006a1500000, 0x00000006a1500000| Complete 
|4960|0x00000007bfe00000, 0x00000007bfe47000, 0x00000007bff00000| 27%|OA|  |TAMS 0x00000007bfe00000, 0x00000007bfe00000| Untracked 
|4961|0x00000007bff00000, 0x00000007bff6a000, 0x00000007c0000000| 41%|CA|  |TAMS 0x00000007bff00000, 0x00000007bff00000| Untracked 

Card table byte_map: [0x00007ff11689e000,0x00007ff11744f000] _byte_map_base: 0x00007ff11344f000

Marking Bits (Prev, Next): (CMBitMap*) 0x00007ff134070858, (CMBitMap*) 0x00007ff134070890
 Prev Bits: [0x00007ff10ff65000, 0x00007ff115ced000)
 Next Bits: [0x00007ff10a1dd000, 0x00007ff10ff65000)

Polling page: 0x00007ff139daa000

Metaspace:

Usage:
  Non-class:      4,00 MB capacity,   159,91 KB (  4%) used,     3,85 MB ( 96%) free+waste,   128 bytes ( <1%) overhead. 
      Class:    386,00 KB capacity,     6,74 KB (  2%) used,   379,13 KB ( 98%) free+waste,   128 bytes ( <1%) overhead. 
       Both:      4,38 MB capacity,   166,66 KB (  4%) used,     4,22 MB ( 96%) free+waste,   256 bytes ( <1%) overhead. 

Virtual space:
  Non-class space:        8,00 MB reserved,       4,25 MB ( 53%) committed 
      Class space:        1,00 GB reserved,     512,00 KB ( <1%) committed 
             Both:        1,01 GB reserved,       4,75 MB ( <1%) committed 

Chunk freelists:
   Non-Class:  0 bytes
       Class:  0 bytes
        Both:  0 bytes

MaxMetaspaceSize: unlimited
CompressedClassSpaceSize: 1,00 GB

CodeHeap 'non-profiled nmethods': size=120032Kb used=14Kb max_used=14Kb free=120017Kb
 bounds [0x00007ff1243d8000, 0x00007ff124648000, 0x00007ff12b910000]
CodeHeap 'profiled nmethods': size=120032Kb used=92Kb max_used=92Kb free=119939Kb
 bounds [0x00007ff11cea0000, 0x00007ff11d110000, 0x00007ff1243d8000]
CodeHeap 'non-nmethods': size=5696Kb used=1052Kb max_used=1061Kb free=4643Kb
 bounds [0x00007ff11c910000, 0x00007ff11cb80000, 0x00007ff11cea0000]
 total_blobs=346 nmethods=61 adapters=155
 compilation: enabled
              stopped_count=0, restarted_count=0
 full_count=0

Compilation events (20 events):
Event: 0,102 Thread 0x00007ff13425d000   55       4       java.util.ImmutableCollections$SetN$SetNIterator::hasNext (13 bytes)
Event: 0,102 Thread 0x00007ff13425d000 nmethod 55 0x00007ff1243db210 code [0x00007ff1243db3a0, 0x00007ff1243db418]
Event: 0,102 Thread 0x00007ff13425d000   54       4       java.util.HashMap::afterNodeInsertion (1 bytes)
Event: 0,102 Thread 0x00007ff13425d000 nmethod 54 0x00007ff1243db490 code [0x00007ff1243db620, 0x00007ff1243db698]
Event: 0,102 Thread 0x00007ff13425f800   52       3       java.util.HashMap::resize (356 bytes)
Event: 0,103 Thread 0x00007ff13425f800 nmethod 52 0x00007ff11ceb3410 code [0x00007ff11ceb36e0, 0x00007ff11ceb4d48]
Event: 0,103 Thread 0x00007ff13425f800   53       3       java.lang.StringLatin1::equals (36 bytes)
Event: 0,104 Thread 0x00007ff13425f800 nmethod 53 0x00007ff11ceb5310 code [0x00007ff11ceb54e0, 0x00007ff11ceb5790]
Event: 0,104 Thread 0x00007ff13425f800   56       1       java.lang.Module::getDescriptor (5 bytes)
Event: 0,104 Thread 0x00007ff13425f800 nmethod 56 0x00007ff1243db710 code [0x00007ff1243db8c0, 0x00007ff1243db9f0]
Event: 0,104 Thread 0x00007ff13425f800   57       3       java.util.ImmutableCollections$Set12$1::next (92 bytes)
Event: 0,104 Thread 0x00007ff13425f800 nmethod 57 0x00007ff11ceb5890 code [0x00007ff11ceb5a60, 0x00007ff11ceb5d68]
Event: 0,179 Thread 0x00007ff13425f800   58       3       java.lang.StringLatin1::canEncode (13 bytes)
Event: 0,179 Thread 0x00007ff13425f800 nmethod 58 0x00007ff11ceb5e90 code [0x00007ff11ceb6040, 0x00007ff11ceb61d0]
Event: 0,186 Thread 0x00007ff13425f800   59       3       java.lang.CharacterDataLatin1::getProperties (11 bytes)
Event: 0,186 Thread 0x00007ff13425f800 nmethod 59 0x00007ff11ceb6290 code [0x00007ff11ceb6440, 0x00007ff11ceb65f0]
Event: 0,188 Thread 0x00007ff13425f800   60       3       java.lang.StringLatin1::indexOf (61 bytes)
Event: 0,188 Thread 0x00007ff13425f800 nmethod 60 0x00007ff11ceb6710 code [0x00007ff11ceb68e0, 0x00007ff11ceb6cf0]
Event: 0,207 Thread 0x00007ff13425f800   61       3       java.lang.StringLatin1::hashCode (42 bytes)
Event: 0,207 Thread 0x00007ff13425f800 nmethod 61 0x00007ff11ceb6e10 code [0x00007ff11ceb6fc0, 0x00007ff11ceb71d0]

GC Heap History (0 events):
No events

Deoptimization events (0 events):
No events

Classes redefined (0 events):
No events

Internal exceptions (0 events):
No events

Events (20 events):
Event: 0,186 Executing VM operation: RevokeBias done
Event: 0,188 loading class com/saorsa/android/jni/java/JniSamples
Event: 0,188 loading class com/saorsa/android/jni/java/JniSamples done
Event: 0,206 Executing VM operation: ChangeBreakpoints
Event: 0,206 Executing VM operation: ChangeBreakpoints done
Event: 0,206 loading class java/lang/ClassLoaderHelper
Event: 0,206 loading class java/lang/ClassLoaderHelper done
Event: 0,207 Loaded shared library /usr/java/packages/lib/libSampleCLib.so
Event: 0,207 Executing VM operation: ThreadsSuspendJVMTI
Event: 0,207 Executing VM operation: ThreadsSuspendJVMTI done
Event: 0,208 Executing VM operation: GetFrameCount
Event: 0,208 Executing VM operation: GetFrameCount done
Event: 0,208 Executing VM operation: GetFrameCount
Event: 0,208 Executing VM operation: GetFrameCount done
Event: 0,208 Executing VM operation: GetStackTrace
Event: 0,208 Executing VM operation: GetStackTrace done
Event: 0,368 Executing VM operation: GetFrameLocation
Event: 0,368 Executing VM operation: GetFrameLocation done
Event: 0,368 Executing VM operation: GetOrSetLocal
Event: 0,368 Executing VM operation: GetOrSetLocal done


Dynamic libraries:
689e00000-6a1600000 rw-p 00000000 00:00 0 
6a1600000-7bfe00000 ---p 00000000 00:00 0 
7bfe00000-7bfe47000 rw-p 01105000 08:02 22413323                         /usr/lib/jvm/java-11-openjdk-amd64/lib/server/classes.jsa
7bfe47000-7bff00000 rw-p 00000000 00:00 0 
7bff00000-7bff6a000 rw-p 0109b000 08:02 22413323                         /usr/lib/jvm/java-11-openjdk-amd64/lib/server/classes.jsa
7bff6a000-7c0000000 rw-p 00000000 00:00 0 
7c0000000-800000000 ---p 00000000 00:00 0 
800000000-800002000 rwxp 00001000 08:02 22413323                         /usr/lib/jvm/java-11-openjdk-amd64/lib/server/classes.jsa
800002000-80109a000 rw-p 00003000 08:02 22413323                         /usr/lib/jvm/java-11-openjdk-amd64/lib/server/classes.jsa
840000000-840080000 rw-p 00000000 00:00 0 
840080000-880000000 ---p 00000000 00:00 0 
559f6c4b0000-559f6c4b1000 r--p 00000000 08:02 22414056                   /usr/lib/jvm/java-11-openjdk-amd64/bin/java
559f6c4b1000-559f6c4b2000 r-xp 00001000 08:02 22414056                   /usr/lib/jvm/java-11-openjdk-amd64/bin/java
559f6c4b2000-559f6c4b3000 r--p 00002000 08:02 22414056                   /usr/lib/jvm/java-11-openjdk-amd64/bin/java
559f6c4b3000-559f6c4b4000 r--p 00002000 08:02 22414056                   /usr/lib/jvm/java-11-openjdk-amd64/bin/java
559f6c4b4000-559f6c4b5000 rw-p 00003000 08:02 22414056                   /usr/lib/jvm/java-11-openjdk-amd64/bin/java
559f6c4ca000-559f6c4eb000 rw-p 00000000 00:00 0                          [heap]
7ff0bc000000-7ff0bc021000 rw-p 00000000 00:00 0 
7ff0bc021000-7ff0c0000000 ---p 00000000 00:00 0 
7ff0c4000000-7ff0c4021000 rw-p 00000000 00:00 0 
7ff0c4021000-7ff0c8000000 ---p 00000000 00:00 0 
7ff0c8000000-7ff0c8021000 rw-p 00000000 00:00 0 
7ff0c8021000-7ff0cc000000 ---p 00000000 00:00 0 
7ff0cc000000-7ff0cc021000 rw-p 00000000 00:00 0 
7ff0cc021000-7ff0d0000000 ---p 00000000 00:00 0 
7ff0d0000000-7ff0d0021000 rw-p 00000000 00:00 0 
7ff0d0021000-7ff0d4000000 ---p 00000000 00:00 0 
7ff0d4000000-7ff0d4021000 rw-p 00000000 00:00 0 
7ff0d4021000-7ff0d8000000 ---p 00000000 00:00 0 
7ff0d8000000-7ff0d8021000 rw-p 00000000 00:00 0 
7ff0d8021000-7ff0dc000000 ---p 00000000 00:00 0 
7ff0dc000000-7ff0dc068000 rw-p 00000000 00:00 0 
7ff0dc068000-7ff0e0000000 ---p 00000000 00:00 0 
7ff0e0000000-7ff0e008e000 rw-p 00000000 00:00 0 
7ff0e008e000-7ff0e4000000 ---p 00000000 00:00 0 
7ff0e4000000-7ff0e4021000 rw-p 00000000 00:00 0 
7ff0e4021000-7ff0e8000000 ---p 00000000 00:00 0 
7ff0e8000000-7ff0e8021000 rw-p 00000000 00:00 0 
7ff0e8021000-7ff0ec000000 ---p 00000000 00:00 0 
7ff0ec000000-7ff0ec021000 rw-p 00000000 00:00 0 
7ff0ec021000-7ff0f0000000 ---p 00000000 00:00 0 
7ff0f0000000-7ff0f0021000 rw-p 00000000 00:00 0 
7ff0f0021000-7ff0f4000000 ---p 00000000 00:00 0 
7ff0f4000000-7ff0f4021000 rw-p 00000000 00:00 0 
7ff0f4021000-7ff0f8000000 ---p 00000000 00:00 0 
7ff0fa138000-7ff0fa13c000 ---p 00000000 00:00 0 
7ff0fa13c000-7ff0fa239000 rw-p 00000000 00:00 0 
7ff0fa239000-7ff0fa23a000 ---p 00000000 00:00 0 
7ff0fa23a000-7ff0fa33b000 rw-p 00000000 00:00 0 
7ff0fa33b000-7ff0fa33f000 ---p 00000000 00:00 0 
7ff0fa33f000-7ff0fa43c000 rw-p 00000000 00:00 0 
7ff0fa43c000-7ff0fa440000 ---p 00000000 00:00 0 
7ff0fa440000-7ff0fa53d000 rw-p 00000000 00:00 0 
7ff0fa53d000-7ff0fa541000 ---p 00000000 00:00 0 
7ff0fa541000-7ff0fa63e000 rw-p 00000000 00:00 0 
7ff0fa63e000-7ff0fa642000 ---p 00000000 00:00 0 
7ff0fa642000-7ff0fa73f000 rw-p 00000000 00:00 0 
7ff0fa73f000-7ff0fa743000 ---p 00000000 00:00 0 
7ff0fa743000-7ff0fa840000 rw-p 00000000 00:00 0 
7ff0fa840000-7ff0fa844000 ---p 00000000 00:00 0 
7ff0fa844000-7ff0fa941000 rw-p 00000000 00:00 0 
7ff0fa941000-7ff0fa945000 ---p 00000000 00:00 0 
7ff0fa945000-7ff0faa42000 rw-p 00000000 00:00 0 
7ff0faa42000-7ff0faa46000 ---p 00000000 00:00 0 
7ff0faa46000-7ff0fab43000 rw-p 00000000 00:00 0 
7ff0fab43000-7ff0fb379000 r--p 00000000 08:02 17828162                   /usr/lib/locale/locale-archive
7ff0fb379000-7ff0fb37d000 ---p 00000000 00:00 0 
7ff0fb37d000-7ff0fb47a000 rw-p 00000000 00:00 0 
7ff0fb47a000-7ff0fb47e000 ---p 00000000 00:00 0 
7ff0fb47e000-7ff0fb57b000 rw-p 00000000 00:00 0 
7ff0fb57b000-7ff0fb57c000 ---p 00000000 00:00 0 
7ff0fb57c000-7ff0fbb3e000 rw-p 00000000 00:00 0 
7ff0fbb3e000-7ff0fbefe000 ---p 00000000 00:00 0 
7ff0fbefe000-7ff0fbeff000 ---p 00000000 00:00 0 
7ff0fbeff000-7ff0fc000000 rw-p 00000000 00:00 0 
7ff0fc000000-7ff0fc021000 rw-p 00000000 00:00 0 
7ff0fc021000-7ff100000000 ---p 00000000 00:00 0 
7ff100000000-7ff100021000 rw-p 00000000 00:00 0 
7ff100021000-7ff104000000 ---p 00000000 00:00 0 
7ff104000000-7ff104021000 rw-p 00000000 00:00 0 
7ff104021000-7ff108000000 ---p 00000000 00:00 0 
7ff10800e000-7ff108010000 r--p 00000000 08:02 22414151                   /usr/lib/jvm/java-11-openjdk-amd64/lib/libdt_socket.so
7ff108010000-7ff108013000 r-xp 00002000 08:02 22414151                   /usr/lib/jvm/java-11-openjdk-amd64/lib/libdt_socket.so
7ff108013000-7ff108014000 r--p 00005000 08:02 22414151                   /usr/lib/jvm/java-11-openjdk-amd64/lib/libdt_socket.so
7ff108014000-7ff108015000 r--p 00005000 08:02 22414151                   /usr/lib/jvm/java-11-openjdk-amd64/lib/libdt_socket.so
7ff108015000-7ff108016000 rw-p 00006000 08:02 22414151                   /usr/lib/jvm/java-11-openjdk-amd64/lib/libdt_socket.so
7ff108016000-7ff1080db000 rw-p 00000000 00:00 0 
7ff1080db000-7ff1080dc000 ---p 00000000 00:00 0 
7ff1080dc000-7ff10a7bd000 rw-p 00000000 00:00 0 
7ff10a7bd000-7ff10ef5d000 ---p 00000000 00:00 0 
7ff10ef5d000-7ff10ef65000 rw-p 00000000 00:00 0 
7ff10ef65000-7ff10ff65000 ---p 00000000 00:00 0 
7ff10ff65000-7ff110545000 rw-p 00000000 00:00 0 
7ff110545000-7ff114ce5000 ---p 00000000 00:00 0 
7ff114ce5000-7ff114ced000 rw-p 00000000 00:00 0 
7ff114ced000-7ff115ced000 ---p 00000000 00:00 0 
7ff115ced000-7ff115da9000 rw-p 00000000 00:00 0 
7ff115da9000-7ff11669d000 ---p 00000000 00:00 0 
7ff11669d000-7ff11669e000 rw-p 00000000 00:00 0 
7ff11669e000-7ff11689e000 ---p 00000000 00:00 0 
7ff11689e000-7ff11695a000 rw-p 00000000 00:00 0 
7ff11695a000-7ff11724e000 ---p 00000000 00:00 0 
7ff11724e000-7ff11724f000 rw-p 00000000 00:00 0 
7ff11724f000-7ff11744f000 ---p 00000000 00:00 0 
7ff11744f000-7ff11750b000 rw-p 00000000 00:00 0 
7ff11750b000-7ff117dff000 ---p 00000000 00:00 0 
7ff117dff000-7ff117e00000 rw-p 00000000 00:00 0 
7ff117e00000-7ff118000000 ---p 00000000 00:00 0 
7ff118000000-7ff118021000 rw-p 00000000 00:00 0 
7ff118021000-7ff11c000000 ---p 00000000 00:00 0 
7ff11c000000-7ff11c001000 r--p 00000000 08:02 21891731                   /usr/java/packages/lib/libSampleCLib.so
7ff11c001000-7ff11c002000 r-xp 00001000 08:02 21891731                   /usr/java/packages/lib/libSampleCLib.so
7ff11c002000-7ff11c003000 r--p 00002000 08:02 21891731                   /usr/java/packages/lib/libSampleCLib.so
7ff11c003000-7ff11c004000 r--p 00002000 08:02 21891731                   /usr/java/packages/lib/libSampleCLib.so
7ff11c004000-7ff11c005000 rw-p 00003000 08:02 21891731                   /usr/java/packages/lib/libSampleCLib.so
7ff11c005000-7ff11c409000 rw-p 00000000 00:00 0 
7ff11c409000-7ff11c40a000 ---p 00000000 00:00 0 
7ff11c40a000-7ff11c50b000 rw-p 00000000 00:00 0 
7ff11c50b000-7ff11c50c000 ---p 00000000 00:00 0 
7ff11c50c000-7ff11c910000 rw-p 00000000 00:00 0 
7ff11c910000-7ff11cb80000 rwxp 00000000 00:00 0 
7ff11cb80000-7ff11cea0000 ---p 00000000 00:00 0 
7ff11cea0000-7ff11d110000 rwxp 00000000 00:00 0 
7ff11d110000-7ff1243d8000 ---p 00000000 00:00 0 
7ff1243d8000-7ff124648000 rwxp 00000000 00:00 0 
7ff124648000-7ff12b910000 ---p 00000000 00:00 0 
7ff12b910000-7ff134000000 r--s 00000000 08:02 22414189                   /usr/lib/jvm/java-11-openjdk-amd64/lib/modules
7ff134000000-7ff1342b7000 rw-p 00000000 00:00 0 
7ff1342b7000-7ff138000000 ---p 00000000 00:00 0 
7ff138004000-7ff1381fb000 rw-p 00000000 00:00 0 
7ff1381fb000-7ff1381fc000 ---p 00000000 00:00 0 
7ff1381fc000-7ff138302000 rw-p 00000000 00:00 0 
7ff138302000-7ff1383e8000 ---p 00000000 00:00 0 
7ff1383e8000-7ff1383ed000 rw-p 00000000 00:00 0 
7ff1383ed000-7ff1384d3000 ---p 00000000 00:00 0 
7ff1384d3000-7ff1384d8000 rw-p 00000000 00:00 0 
7ff1384d8000-7ff1384df000 ---p 00000000 00:00 0 
7ff1384df000-7ff1384e2000 r--p 00000000 08:02 20972137                   /lib/x86_64-linux-gnu/libnss_files-2.30.so
7ff1384e2000-7ff1384e9000 r-xp 00003000 08:02 20972137                   /lib/x86_64-linux-gnu/libnss_files-2.30.so
7ff1384e9000-7ff1384eb000 r--p 0000a000 08:02 20972137                   /lib/x86_64-linux-gnu/libnss_files-2.30.so
7ff1384eb000-7ff1384ec000 r--p 0000b000 08:02 20972137                   /lib/x86_64-linux-gnu/libnss_files-2.30.so
7ff1384ec000-7ff1384ed000 rw-p 0000c000 08:02 20972137                   /lib/x86_64-linux-gnu/libnss_files-2.30.so
7ff1384ed000-7ff1384f3000 rw-p 00000000 00:00 0 
7ff1384f7000-7ff1384fe000 r--s 00000000 08:02 18089638                   /usr/lib/x86_64-linux-gnu/gconv/gconv-modules.cache
7ff1384fe000-7ff138500000 r--p 00000000 08:02 22414169                   /usr/lib/jvm/java-11-openjdk-amd64/lib/libjimage.so
7ff138500000-7ff138503000 r-xp 00002000 08:02 22414169                   /usr/lib/jvm/java-11-openjdk-amd64/lib/libjimage.so
7ff138503000-7ff138504000 r--p 00005000 08:02 22414169                   /usr/lib/jvm/java-11-openjdk-amd64/lib/libjimage.so
7ff138504000-7ff138505000 ---p 00006000 08:02 22414169                   /usr/lib/jvm/java-11-openjdk-amd64/lib/libjimage.so
7ff138505000-7ff138506000 r--p 00006000 08:02 22414169                   /usr/lib/jvm/java-11-openjdk-amd64/lib/libjimage.so
7ff138506000-7ff138507000 rw-p 00007000 08:02 22414169                   /usr/lib/jvm/java-11-openjdk-amd64/lib/libjimage.so
7ff138507000-7ff138509000 r--p 00000000 08:02 22414187                   /usr/lib/jvm/java-11-openjdk-amd64/lib/libzip.so
7ff138509000-7ff13850d000 r-xp 00002000 08:02 22414187                   /usr/lib/jvm/java-11-openjdk-amd64/lib/libzip.so
7ff13850d000-7ff13850f000 r--p 00006000 08:02 22414187                   /usr/lib/jvm/java-11-openjdk-amd64/lib/libzip.so
7ff13850f000-7ff138510000 r--p 00007000 08:02 22414187                   /usr/lib/jvm/java-11-openjdk-amd64/lib/libzip.so
7ff138510000-7ff138511000 rw-p 00008000 08:02 22414187                   /usr/lib/jvm/java-11-openjdk-amd64/lib/libzip.so
7ff138511000-7ff138513000 r--p 00000000 08:02 22414167                   /usr/lib/jvm/java-11-openjdk-amd64/lib/libjdwp.so
7ff138513000-7ff13853f000 r-xp 00002000 08:02 22414167                   /usr/lib/jvm/java-11-openjdk-amd64/lib/libjdwp.so
7ff13853f000-7ff13854c000 r--p 0002e000 08:02 22414167                   /usr/lib/jvm/java-11-openjdk-amd64/lib/libjdwp.so
7ff13854c000-7ff13854d000 ---p 0003b000 08:02 22414167                   /usr/lib/jvm/java-11-openjdk-amd64/lib/libjdwp.so
7ff13854d000-7ff13854e000 r--p 0003b000 08:02 22414167                   /usr/lib/jvm/java-11-openjdk-amd64/lib/libjdwp.so
7ff13854e000-7ff13854f000 rw-p 0003c000 08:02 22414167                   /usr/lib/jvm/java-11-openjdk-amd64/lib/libjdwp.so
7ff13854f000-7ff13855d000 r--p 00000000 08:02 22414164                   /usr/lib/jvm/java-11-openjdk-amd64/lib/libjava.so
7ff13855d000-7ff138573000 r-xp 0000e000 08:02 22414164                   /usr/lib/jvm/java-11-openjdk-amd64/lib/libjava.so
7ff138573000-7ff13857a000 r--p 00024000 08:02 22414164                   /usr/lib/jvm/java-11-openjdk-amd64/lib/libjava.so
7ff13857a000-7ff13857b000 r--p 0002a000 08:02 22414164                   /usr/lib/jvm/java-11-openjdk-amd64/lib/libjava.so
7ff13857b000-7ff13857d000 rw-p 0002b000 08:02 22414164                   /usr/lib/jvm/java-11-openjdk-amd64/lib/libjava.so
7ff13857d000-7ff138580000 r--p 00000000 08:02 20972161                   /lib/x86_64-linux-gnu/librt-2.30.so
7ff138580000-7ff138584000 r-xp 00003000 08:02 20972161                   /lib/x86_64-linux-gnu/librt-2.30.so
7ff138584000-7ff138586000 r--p 00007000 08:02 20972161                   /lib/x86_64-linux-gnu/librt-2.30.so
7ff138586000-7ff138587000 r--p 00008000 08:02 20972161                   /lib/x86_64-linux-gnu/librt-2.30.so
7ff138587000-7ff138588000 rw-p 00009000 08:02 20972161                   /lib/x86_64-linux-gnu/librt-2.30.so
7ff138588000-7ff13858c000 ---p 00000000 00:00 0 
7ff13858c000-7ff138689000 rw-p 00000000 00:00 0 
7ff138689000-7ff13868c000 r--p 00000000 08:02 20971916                   /lib/x86_64-linux-gnu/libgcc_s.so.1
7ff13868c000-7ff13869d000 r-xp 00003000 08:02 20971916                   /lib/x86_64-linux-gnu/libgcc_s.so.1
7ff13869d000-7ff1386a1000 r--p 00014000 08:02 20971916                   /lib/x86_64-linux-gnu/libgcc_s.so.1
7ff1386a1000-7ff1386a2000 r--p 00017000 08:02 20971916                   /lib/x86_64-linux-gnu/libgcc_s.so.1
7ff1386a2000-7ff1386a3000 rw-p 00018000 08:02 20971916                   /lib/x86_64-linux-gnu/libgcc_s.so.1
7ff1386a3000-7ff1386b2000 r--p 00000000 08:02 20972008                   /lib/x86_64-linux-gnu/libm-2.30.so
7ff1386b2000-7ff138759000 r-xp 0000f000 08:02 20972008                   /lib/x86_64-linux-gnu/libm-2.30.so
7ff138759000-7ff1387f0000 r--p 000b6000 08:02 20972008                   /lib/x86_64-linux-gnu/libm-2.30.so
7ff1387f0000-7ff1387f1000 r--p 0014c000 08:02 20972008                   /lib/x86_64-linux-gnu/libm-2.30.so
7ff1387f1000-7ff1387f2000 rw-p 0014d000 08:02 20972008                   /lib/x86_64-linux-gnu/libm-2.30.so
7ff1387f2000-7ff138888000 r--p 00000000 08:02 17830136                   /usr/lib/x86_64-linux-gnu/libstdc++.so.6.0.28
7ff138888000-7ff138985000 r-xp 00096000 08:02 17830136                   /usr/lib/x86_64-linux-gnu/libstdc++.so.6.0.28
7ff138985000-7ff1389cf000 r--p 00193000 08:02 17830136                   /usr/lib/x86_64-linux-gnu/libstdc++.so.6.0.28
7ff1389cf000-7ff1389da000 r--p 001dc000 08:02 17830136                   /usr/lib/x86_64-linux-gnu/libstdc++.so.6.0.28
7ff1389da000-7ff1389dd000 rw-p 001e7000 08:02 17830136                   /usr/lib/x86_64-linux-gnu/libstdc++.so.6.0.28
7ff1389dd000-7ff1389e0000 rw-p 00000000 00:00 0 
7ff1389e0000-7ff138c4d000 r--p 00000000 08:02 22414192                   /usr/lib/jvm/java-11-openjdk-amd64/lib/server/libjvm.so
7ff138c4d000-7ff1397e0000 r-xp 0026d000 08:02 22414192                   /usr/lib/jvm/java-11-openjdk-amd64/lib/server/libjvm.so
7ff1397e0000-7ff139a1b000 r--p 00e00000 08:02 22414192                   /usr/lib/jvm/java-11-openjdk-amd64/lib/server/libjvm.so
7ff139a1b000-7ff139ad8000 r--p 0103a000 08:02 22414192                   /usr/lib/jvm/java-11-openjdk-amd64/lib/server/libjvm.so
7ff139ad8000-7ff139b12000 rw-p 010f7000 08:02 22414192                   /usr/lib/jvm/java-11-openjdk-amd64/lib/server/libjvm.so
7ff139b12000-7ff139b6a000 rw-p 00000000 00:00 0 
7ff139b6a000-7ff139b71000 r--p 00000000 08:02 20972153                   /lib/x86_64-linux-gnu/libpthread-2.30.so
7ff139b71000-7ff139b82000 r-xp 00007000 08:02 20972153                   /lib/x86_64-linux-gnu/libpthread-2.30.so
7ff139b82000-7ff139b87000 r--p 00018000 08:02 20972153                   /lib/x86_64-linux-gnu/libpthread-2.30.so
7ff139b87000-7ff139b88000 r--p 0001c000 08:02 20972153                   /lib/x86_64-linux-gnu/libpthread-2.30.so
7ff139b88000-7ff139b89000 rw-p 0001d000 08:02 20972153                   /lib/x86_64-linux-gnu/libpthread-2.30.so
7ff139b89000-7ff139b8d000 rw-p 00000000 00:00 0 
7ff139b8d000-7ff139b8e000 r--p 00000000 08:02 20972004                   /lib/x86_64-linux-gnu/libdl-2.30.so
7ff139b8e000-7ff139b90000 r-xp 00001000 08:02 20972004                   /lib/x86_64-linux-gnu/libdl-2.30.so
7ff139b90000-7ff139b91000 r--p 00003000 08:02 20972004                   /lib/x86_64-linux-gnu/libdl-2.30.so
7ff139b91000-7ff139b92000 r--p 00003000 08:02 20972004                   /lib/x86_64-linux-gnu/libdl-2.30.so
7ff139b92000-7ff139b93000 rw-p 00004000 08:02 20972004                   /lib/x86_64-linux-gnu/libdl-2.30.so
7ff139b93000-7ff139b95000 r--p 00000000 08:02 20971715                   /lib/x86_64-linux-gnu/libz.so.1.2.11
7ff139b95000-7ff139ba6000 r-xp 00002000 08:02 20971715                   /lib/x86_64-linux-gnu/libz.so.1.2.11
7ff139ba6000-7ff139bac000 r--p 00013000 08:02 20971715                   /lib/x86_64-linux-gnu/libz.so.1.2.11
7ff139bac000-7ff139bad000 ---p 00019000 08:02 20971715                   /lib/x86_64-linux-gnu/libz.so.1.2.11
7ff139bad000-7ff139bae000 r--p 00019000 08:02 20971715                   /lib/x86_64-linux-gnu/libz.so.1.2.11
7ff139bae000-7ff139baf000 rw-p 0001a000 08:02 20971715                   /lib/x86_64-linux-gnu/libz.so.1.2.11
7ff139baf000-7ff139bd4000 r--p 00000000 08:02 20971927                   /lib/x86_64-linux-gnu/libc-2.30.so
7ff139bd4000-7ff139d4c000 r-xp 00025000 08:02 20971927                   /lib/x86_64-linux-gnu/libc-2.30.so
7ff139d4c000-7ff139d96000 r--p 0019d000 08:02 20971927                   /lib/x86_64-linux-gnu/libc-2.30.so
7ff139d96000-7ff139d99000 r--p 001e6000 08:02 20971927                   /lib/x86_64-linux-gnu/libc-2.30.so
7ff139d99000-7ff139d9c000 rw-p 001e9000 08:02 20971927                   /lib/x86_64-linux-gnu/libc-2.30.so
7ff139d9c000-7ff139da0000 rw-p 00000000 00:00 0 
7ff139da0000-7ff139da2000 r--s 0000c000 08:02 18220615                   /usr/share/java/java-atk-wrapper.jar
7ff139da2000-7ff139daa000 rw-s 00000000 08:02 4464290                    /tmp/hsperfdata_andrey/12923
7ff139daa000-7ff139dab000 ---p 00000000 00:00 0 
7ff139dab000-7ff139dac000 r--p 00000000 00:00 0 
7ff139dac000-7ff139db1000 r--p 00000000 08:02 22414186                   /usr/lib/jvm/java-11-openjdk-amd64/lib/libverify.so
7ff139db1000-7ff139db8000 r-xp 00005000 08:02 22414186                   /usr/lib/jvm/java-11-openjdk-amd64/lib/libverify.so
7ff139db8000-7ff139dba000 r--p 0000c000 08:02 22414186                   /usr/lib/jvm/java-11-openjdk-amd64/lib/libverify.so
7ff139dba000-7ff139dbb000 ---p 0000e000 08:02 22414186                   /usr/lib/jvm/java-11-openjdk-amd64/lib/libverify.so
7ff139dbb000-7ff139dbd000 r--p 0000e000 08:02 22414186                   /usr/lib/jvm/java-11-openjdk-amd64/lib/libverify.so
7ff139dbd000-7ff139dbe000 rw-p 00010000 08:02 22414186                   /usr/lib/jvm/java-11-openjdk-amd64/lib/libverify.so
7ff139dbe000-7ff139dc1000 r--p 00000000 08:02 22414102                   /usr/lib/jvm/java-11-openjdk-amd64/lib/jli/libjli.so
7ff139dc1000-7ff139dcb000 r-xp 00003000 08:02 22414102                   /usr/lib/jvm/java-11-openjdk-amd64/lib/jli/libjli.so
7ff139dcb000-7ff139dce000 r--p 0000d000 08:02 22414102                   /usr/lib/jvm/java-11-openjdk-amd64/lib/jli/libjli.so
7ff139dce000-7ff139dcf000 r--p 0000f000 08:02 22414102                   /usr/lib/jvm/java-11-openjdk-amd64/lib/jli/libjli.so
7ff139dcf000-7ff139dd0000 rw-p 00010000 08:02 22414102                   /usr/lib/jvm/java-11-openjdk-amd64/lib/jli/libjli.so
7ff139dd0000-7ff139dd2000 rw-p 00000000 00:00 0 
7ff139dd2000-7ff139dd3000 r--p 00000000 08:02 20971731                   /lib/x86_64-linux-gnu/ld-2.30.so
7ff139dd3000-7ff139df5000 r-xp 00001000 08:02 20971731                   /lib/x86_64-linux-gnu/ld-2.30.so
7ff139df5000-7ff139dfd000 r--p 00023000 08:02 20971731                   /lib/x86_64-linux-gnu/ld-2.30.so
7ff139dfe000-7ff139dff000 r--p 0002b000 08:02 20971731                   /lib/x86_64-linux-gnu/ld-2.30.so
7ff139dff000-7ff139e00000 rw-p 0002c000 08:02 20971731                   /lib/x86_64-linux-gnu/ld-2.30.so
7ff139e00000-7ff139e01000 rw-p 00000000 00:00 0 
7fffbf9ca000-7fffbf9eb000 rw-p 00000000 00:00 0                          [stack]
7fffbf9ed000-7fffbf9f0000 r--p 00000000 00:00 0                          [vvar]
7fffbf9f0000-7fffbf9f1000 r-xp 00000000 00:00 0                          [vdso]
ffffffffff600000-ffffffffff601000 --xp 00000000 00:00 0                  [vsyscall]


VM Arguments:
jvm_args: -agentlib:jdwp=transport=dt_socket,address=127.0.0.1:55343,suspend=y,server=n -Djava.library.path=/usr/java/packages/lib -Dfile.encoding=UTF-8 
java_command: Bootstrap
java_class_path (initial): /home/andrey/Git/android-jni/output/production/android-jni:/snap/intellij-idea-community/202/lib/idea_rt.jar
Launcher Type: SUN_STANDARD

[Global flags]
     intx CICompilerCount                          = 3                                         {product} {ergonomic}
     uint ConcGCThreads                            = 1                                         {product} {ergonomic}
     uint G1ConcRefinementThreads                  = 4                                         {product} {ergonomic}
   size_t G1HeapRegionSize                         = 1048576                                   {product} {ergonomic}
    uintx GCDrainStackTargetSize                   = 64                                        {product} {ergonomic}
   size_t InitialHeapSize                          = 394264576                                 {product} {ergonomic}
   size_t MarkStackSize                            = 4194304                                   {product} {ergonomic}
   size_t MaxHeapSize                              = 6276775936                                {product} {ergonomic}
   size_t MaxNewSize                               = 3765436416                                {product} {ergonomic}
   size_t MinHeapDeltaBytes                        = 1048576                                   {product} {ergonomic}
    uintx NonNMethodCodeHeapSize                   = 5830732                                {pd product} {ergonomic}
    uintx NonProfiledCodeHeapSize                  = 122913754                              {pd product} {ergonomic}
    uintx ProfiledCodeHeapSize                     = 122913754                              {pd product} {ergonomic}
    uintx ReservedCodeCacheSize                    = 251658240                              {pd product} {ergonomic}
     bool SegmentedCodeCache                       = true                                      {product} {ergonomic}
     bool UseCompressedClassPointers               = true                                 {lp64_product} {ergonomic}
     bool UseCompressedOops                        = true                                 {lp64_product} {ergonomic}
     bool UseG1GC                                  = true                                      {product} {ergonomic}

Logging:
Log output configuration:
 #0: stdout all=warning uptime,level,tags
 #1: stderr all=off uptime,level,tags

Environment Variables:
PATH=/home/andrey/.local/bin:/usr/local/sbin:/usr/local/bin:/usr/sbin:/usr/bin:/sbin:/bin:/usr/games:/usr/local/games:/snap/bin:/home/andrey/.dotnet/tools
USERNAME=andrey
SHELL=/bin/bash
DISPLAY=:0

Signal Handlers:
SIGSEGV: [libjvm.so+0xd8d500], sa_mask[0]=11111111011111111101111111111110, sa_flags=SA_RESTART|SA_SIGINFO
SIGBUS: [libjvm.so+0xd8d500], sa_mask[0]=11111111011111111101111111111110, sa_flags=SA_RESTART|SA_SIGINFO
SIGFPE: [libjvm.so+0xd8d500], sa_mask[0]=11111111011111111101111111111110, sa_flags=SA_RESTART|SA_SIGINFO
SIGPIPE: [libjvm.so+0xb86650], sa_mask[0]=11111111011111111101111111111110, sa_flags=SA_RESTART|SA_SIGINFO
SIGXFSZ: [libjvm.so+0xb86650], sa_mask[0]=11111111011111111101111111111110, sa_flags=SA_RESTART|SA_SIGINFO
SIGILL: [libjvm.so+0xd8d500], sa_mask[0]=11111111011111111101111111111110, sa_flags=SA_RESTART|SA_SIGINFO
SIGUSR2: [libjvm.so+0xb864f0], sa_mask[0]=00100000000000000000000000000000, sa_flags=SA_RESTART|SA_SIGINFO
SIGHUP: [libjvm.so+0xb86990], sa_mask[0]=11111111011111111101111111111110, sa_flags=SA_RESTART|SA_SIGINFO
SIGINT: [libjvm.so+0xb86990], sa_mask[0]=11111111011111111101111111111110, sa_flags=SA_RESTART|SA_SIGINFO
SIGTERM: [libjvm.so+0xb86990], sa_mask[0]=11111111011111111101111111111110, sa_flags=SA_RESTART|SA_SIGINFO
SIGQUIT: [libjvm.so+0xb86990], sa_mask[0]=11111111011111111101111111111110, sa_flags=SA_RESTART|SA_SIGINFO


---------------  S Y S T E M  ---------------

OS:DISTRIB_ID=Ubuntu
DISTRIB_RELEASE=19.10
DISTRIB_CODENAME=eoan
DISTRIB_DESCRIPTION="Ubuntu 19.10"
uname:Linux 5.3.0-29-generic #31-Ubuntu SMP Fri Jan 17 17:27:26 UTC 2020 x86_64
libc:glibc 2.30 NPTL 2.30 
rlimit: STACK 8192k, CORE 0k, NPROC 95534, NOFILE 1048576, AS infinity, DATA infinity, FSIZE infinity
load average:1,53 1,52 1,45

/proc/meminfo:
MemTotal:       24511588 kB
MemFree:         3191256 kB
MemAvailable:   17961984 kB
Buffers:          899480 kB
Cached:         14865132 kB
SwapCached:         2632 kB
Active:          9938860 kB
Inactive:        9792228 kB
Active(anon):    4305096 kB
Inactive(anon):   723420 kB
Active(file):    5633764 kB
Inactive(file):  9068808 kB
Unevictable:      726420 kB
Mlocked:              80 kB
SwapTotal:       2097148 kB
SwapFree:        2090328 kB
Dirty:              2372 kB
Writeback:             0 kB
AnonPages:       4691208 kB
Mapped:          1461356 kB
Shmem:           1119780 kB
KReclaimable:     471664 kB
Slab:             636012 kB
SReclaimable:     471664 kB
SUnreclaim:       164348 kB
KernelStack:       20256 kB
PageTables:        65668 kB
NFS_Unstable:          0 kB
Bounce:                0 kB
WritebackTmp:          0 kB
CommitLimit:    14352940 kB
Committed_AS:   15350644 kB
VmallocTotal:   34359738367 kB
VmallocUsed:       44184 kB
VmallocChunk:          0 kB
Percpu:             4928 kB
HardwareCorrupted:     0 kB
AnonHugePages:         0 kB
ShmemHugePages:        0 kB
ShmemPmdMapped:        0 kB
CmaTotal:              0 kB
CmaFree:               0 kB
HugePages_Total:       0
HugePages_Free:        0
HugePages_Rsvd:        0
HugePages_Surp:        0
Hugepagesize:       2048 kB
Hugetlb:               0 kB
DirectMap4k:      501232 kB
DirectMap2M:    17205248 kB
DirectMap1G:     7340032 kB


/proc/sys/kernel/threads-max (system-wide limit on the number of threads):
191068


/proc/sys/vm/max_map_count (maximum number of memory map areas a process may have):
65530


/proc/sys/kernel/pid_max (system-wide limit on number of process identifiers):
32768



container (cgroup) information:
container_type: cgroupv1
cpu_cpuset_cpus: 0-3
cpu_memory_nodes: 0
active_processor_count: 4
cpu_quota: -1
cpu_period: 100000
cpu_shares: -1
memory_limit_in_bytes: -1
memory_and_swap_limit_in_bytes: -2
memory_soft_limit_in_bytes: -1
memory_usage_in_bytes: 18370416640
memory_max_usage_in_bytes: 23530618880

Steal ticks since vm start: 0
Steal ticks percentage since vm start:  0,000

CPU:total 4 (initial active 4) (2 cores per cpu, 2 threads per core) family 6 model 142 stepping 9, cmov, cx8, fxsr, mmx, sse, sse2, sse3, ssse3, sse4.1, sse4.2, popcnt, avx, avx2, aes, clmul, erms, 3dnowpref, lzcnt, ht, tsc, tscinvbit, bmi1, bmi2, adx, fma
CPU Model and flags from /proc/cpuinfo:
model name	: Intel(R) Core(TM) i7-7500U CPU @ 2.70GHz
flags		: fpu vme de pse tsc msr pae mce cx8 apic sep mtrr pge mca cmov pat pse36 clflush dts acpi mmx fxsr sse sse2 ss ht tm pbe syscall nx pdpe1gb rdtscp lm constant_tsc art arch_perfmon pebs bts rep_good nopl xtopology nonstop_tsc cpuid aperfmperf pni pclmulqdq dtes64 monitor ds_cpl vmx est tm2 ssse3 sdbg fma cx16 xtpr pdcm pcid sse4_1 sse4_2 x2apic movbe popcnt tsc_deadline_timer aes xsave avx f16c rdrand lahf_lm abm 3dnowprefetch cpuid_fault epb invpcid_single pti ssbd ibrs ibpb stibp tpr_shadow vnmi flexpriority ept vpid ept_ad fsgsbase tsc_adjust bmi1 avx2 smep bmi2 erms invpcid mpx rdseed adx smap clflushopt intel_pt xsaveopt xsavec xgetbv1 xsaves dtherm ida arat pln pts hwp hwp_notify hwp_act_window hwp_epp md_clear flush_l1d

Memory: 4k page, physical 24511588k(3191256k free), swap 2097148k(2090328k free)

vm_info: OpenJDK 64-Bit Server VM (11.0.6+10-post-Ubuntu-1ubuntu119.10.1) for linux-amd64 JRE (11.0.6+10-post-Ubuntu-1ubuntu119.10.1), built on Jan 15 2020 15:14:00 by "unknown" with gcc 9.2.1 20191008

END.
